#
# There is insufficient memory for the Java Runtime Environment to continue.
# Native memory allocation (malloc) failed to allocate 2008336 bytes for Chunk::new
# Possible reasons:
#   The system is out of physical RAM or swap space
#   The process is running with CompressedOops enabled, and the Java Heap may be blocking the growth of the native heap
# Possible solutions:
#   Reduce memory load on the system
#   Increase physical memory or swap space
#   Check if swap backing store is full
#   Decrease Java heap size (-Xmx/-Xms)
#   Decrease number of Java threads
#   Decrease Java thread stack sizes (-Xss)
#   Set larger code cache with -XX:ReservedCodeCacheSize=
#   JVM is running with Unscaled Compressed Oops mode in which the Java heap is
#     placed in the first 4GB address space. The Java Heap base address is the
#     maximum limit for the native heap growth. Please use -XX:HeapBaseMinAddress
#     to set the Java Heap base and to place the Java Heap above 4GB virtual address.
# This output file may be truncated or incomplete.
#
#  Out of Memory Error (./src/hotspot/share/memory/arena.cpp:197), pid=14368, tid=19996
#
# JRE version: OpenJDK Runtime Environment (11.0.12+7) (build 11.0.12+7-b1504.28-7817840)
# Java VM: OpenJDK 64-Bit Server VM (11.0.12+7-b1504.28-7817840, mixed mode, tiered, compressed oops, g1 gc, windows-amd64)
# No core dump will be written. Minidumps are not enabled by default on client versions of Windows
#

---------------  S U M M A R Y ------------

Command Line: --add-opens=java.base/java.util=ALL-UNNAMED --add-opens=java.base/java.lang=ALL-UNNAMED --add-opens=java.base/java.lang.invoke=ALL-UNNAMED --add-opens=java.base/java.util=ALL-UNNAMED --add-opens=java.prefs/java.util.prefs=ALL-UNNAMED --add-opens=java.prefs/java.util.prefs=ALL-UNNAMED --add-opens=java.base/java.nio.charset=ALL-UNNAMED --add-opens=java.base/java.net=ALL-UNNAMED --add-opens=java.base/java.util.concurrent.atomic=ALL-UNNAMED -Xmx2048m -Dfile.encoding=UTF-8 -Duser.country=RU -Duser.language=ru -Duser.variant org.gradle.launcher.daemon.bootstrap.GradleDaemon 7.3.3

Host: Intel(R) Core(TM) i3-2120 CPU @ 3.30GHz, 4 cores, 15G,  Windows 10 , 64 bit Build 19041 (10.0.19041.2251)
Time: Sat Dec 10 20:27:54 2022 RTZ 4 (зима) elapsed time: 16.514605 seconds (0d 0h 0m 16s)

---------------  T H R E A D  ---------------

Current thread (0x00000227e5a49800):  JavaThread "C2 CompilerThread0" daemon [_thread_in_native, id=19996, stack(0x000000ecc0600000,0x000000ecc0700000)]


Current CompileTask:
C2:  16514 5851       4       org.objectweb.asm.Frame::execute (2318 bytes)

Stack: [0x000000ecc0600000,0x000000ecc0700000]
Native frames: (J=compiled Java code, j=interpreted, Vv=VM code, C=native code)
V  [jvm.dll+0x5fbcea]
V  [jvm.dll+0x731905]
V  [jvm.dll+0x732f1d]
V  [jvm.dll+0x7335d3]
V  [jvm.dll+0x247bf8]
V  [jvm.dll+0xc018c]
V  [jvm.dll+0xc06cc]
V  [jvm.dll+0x35b2db]
V  [jvm.dll+0x328803]
V  [jvm.dll+0x327cfa]
V  [jvm.dll+0x200602]
V  [jvm.dll+0x1ff794]
V  [jvm.dll+0x18868c]
V  [jvm.dll+0x20e0d7]
V  [jvm.dll+0x20c901]
V  [jvm.dll+0x6f9b7f]
V  [jvm.dll+0x6f26a5]
V  [jvm.dll+0x5fabf6]
C  [ucrtbase.dll+0x21bb2]
C  [KERNEL32.DLL+0x174b4]
C  [ntdll.dll+0x526a1]


---------------  P R O C E S S  ---------------

Threads class SMR info:
_java_thread_list=0x00000227eb4cb0c0, length=78, elements={
0x00000227c9558800, 0x00000227e4fcd800, 0x00000227e4fd7000, 0x00000227e59fd800,
0x00000227e59ff800, 0x00000227e5a00800, 0x00000227e5a49800, 0x00000227e5a4c000,
0x00000227e5a55800, 0x00000227e5bc1000, 0x00000227e6c47000, 0x00000227e72a2800,
0x00000227e67fe800, 0x00000227e7db1800, 0x00000227e7db2000, 0x00000227e7ab7800,
0x00000227e6d96800, 0x00000227e5f8d000, 0x00000227e7e1b000, 0x00000227e5a4e800,
0x00000227e5a50000, 0x00000227e5a4d000, 0x00000227e5a4f800, 0x00000227e5a4b800,
0x00000227e5a52000, 0x00000227ea1fb800, 0x00000227ea1fa000, 0x00000227ea1fa800,
0x00000227ea1f5800, 0x00000227ea1fc000, 0x00000227ea1f7800, 0x00000227ea1fe000,
0x00000227ea202000, 0x00000227ea201000, 0x00000227ea203800, 0x00000227ea204800,
0x00000227ea1fe800, 0x00000227ea1ff800, 0x00000227e5a4e000, 0x00000227ea677000,
0x00000227ea678000, 0x00000227ea67b800, 0x00000227ea679800, 0x00000227ea676800,
0x00000227ea67a800, 0x00000227ea67c000, 0x00000227ea67e800, 0x00000227ea67d000,
0x00000227ea679000, 0x00000227ea67d800, 0x00000227ea680000, 0x00000227ea681000,
0x00000227ea67f800, 0x00000227ea682800, 0x00000227ea685000, 0x00000227ea682000,
0x00000227ea683800, 0x00000227ea684800, 0x00000227eaa25800, 0x00000227eaa2b000,
0x00000227eaa26800, 0x00000227eaa2a800, 0x00000227eaa2d000, 0x00000227eaa27000,
0x00000227eaa29800, 0x00000227eaa2d800, 0x00000227eaa28000, 0x00000227eaa2e800,
0x00000227eaa28800, 0x00000227eaa30000, 0x00000227eaa31000, 0x00000227eaa2c000,
0x00000227eaa31800, 0x00000227eaa32800, 0x00000227eaa33800, 0x00000227eaa34000,
0x00000227eaa2f800, 0x00000227ea1f6800
}

Java Threads: ( => current thread )
  0x00000227c9558800 JavaThread "main" [_thread_blocked, id=28040, stack(0x000000ecbfa00000,0x000000ecbfb00000)]
  0x00000227e4fcd800 JavaThread "Reference Handler" daemon [_thread_blocked, id=7372, stack(0x000000ecc0100000,0x000000ecc0200000)]
  0x00000227e4fd7000 JavaThread "Finalizer" daemon [_thread_blocked, id=15496, stack(0x000000ecc0200000,0x000000ecc0300000)]
  0x00000227e59fd800 JavaThread "Signal Dispatcher" daemon [_thread_blocked, id=3584, stack(0x000000ecc0300000,0x000000ecc0400000)]
  0x00000227e59ff800 JavaThread "Attach Listener" daemon [_thread_blocked, id=11972, stack(0x000000ecc0400000,0x000000ecc0500000)]
  0x00000227e5a00800 JavaThread "Service Thread" daemon [_thread_blocked, id=10744, stack(0x000000ecc0500000,0x000000ecc0600000)]
=>0x00000227e5a49800 JavaThread "C2 CompilerThread0" daemon [_thread_in_native, id=19996, stack(0x000000ecc0600000,0x000000ecc0700000)]
  0x00000227e5a4c000 JavaThread "C1 CompilerThread0" daemon [_thread_blocked, id=13192, stack(0x000000ecc0700000,0x000000ecc0800000)]
  0x00000227e5a55800 JavaThread "Sweeper thread" daemon [_thread_blocked, id=22560, stack(0x000000ecc0800000,0x000000ecc0900000)]
  0x00000227e5bc1000 JavaThread "Common-Cleaner" daemon [_thread_blocked, id=9488, stack(0x000000ecc0900000,0x000000ecc0a00000)]
  0x00000227e6c47000 JavaThread "Daemon health stats" [_thread_blocked, id=12724, stack(0x000000ecc0f00000,0x000000ecc1000000)]
  0x00000227e72a2800 JavaThread "Incoming local TCP Connector on port 61352" [_thread_in_native, id=31408, stack(0x000000ecc0b00000,0x000000ecc0c00000)]
  0x00000227e67fe800 JavaThread "Daemon periodic checks" [_thread_blocked, id=9464, stack(0x000000ecc1000000,0x000000ecc1100000)]
  0x00000227e7db1800 JavaThread "Daemon" [_thread_blocked, id=21712, stack(0x000000ecc1100000,0x000000ecc1200000)]
  0x00000227e7db2000 JavaThread "Handler for socket connection from /127.0.0.1:61352 to /127.0.0.1:61353" [_thread_in_native, id=23164, stack(0x000000ecc1200000,0x000000ecc1300000)]
  0x00000227e7ab7800 JavaThread "Cancel handler" [_thread_blocked, id=27048, stack(0x000000ecc1300000,0x000000ecc1400000)]
  0x00000227e6d96800 JavaThread "Daemon worker" [_thread_in_vm, id=7964, stack(0x000000ecc1400000,0x000000ecc1500000)]
  0x00000227e5f8d000 JavaThread "Asynchronous log dispatcher for DefaultDaemonConnection: socket connection from /127.0.0.1:61352 to /127.0.0.1:61353" [_thread_blocked, id=16684, stack(0x000000ecc1500000,0x000000ecc1600000)]
  0x00000227e7e1b000 JavaThread "Stdin handler" [_thread_blocked, id=29396, stack(0x000000ecc1600000,0x000000ecc1700000)]
  0x00000227e5a4e800 JavaThread "Daemon client event forwarder" [_thread_blocked, id=20024, stack(0x000000ecc1700000,0x000000ecc1800000)]
  0x00000227e5a50000 JavaThread "Cache worker for journal cache (C:\Users\SM\.gradle\caches\journal-1)" [_thread_blocked, id=24736, stack(0x000000ecc1800000,0x000000ecc1900000)]
  0x00000227e5a4d000 JavaThread "File lock request listener" [_thread_in_native, id=24428, stack(0x000000ecc1900000,0x000000ecc1a00000)]
  0x00000227e5a4f800 JavaThread "Cache worker for file hash cache (C:\Users\SM\.gradle\caches\7.3.3\fileHashes)" [_thread_blocked, id=14748, stack(0x000000ecc1a00000,0x000000ecc1b00000)]
  0x00000227e5a4b800 JavaThread "Cache worker for file hash cache (D:\projects\dev\kotlin\RickAndMortyApi\.gradle\7.3.3\fileHashes)" [_thread_blocked, id=25696, stack(0x000000ecc1c00000,0x000000ecc1d00000)]
  0x00000227e5a52000 JavaThread "File watcher server" daemon [_thread_in_native, id=25000, stack(0x000000ecc1d00000,0x000000ecc1e00000)]
  0x00000227ea1fb800 JavaThread "File watcher consumer" daemon [_thread_blocked, id=13292, stack(0x000000ecc1e00000,0x000000ecc1f00000)]
  0x00000227ea1fa000 JavaThread "Cache worker for checksums cache (D:\projects\dev\kotlin\RickAndMortyApi\.gradle\7.3.3\checksums)" [_thread_blocked, id=6872, stack(0x000000ecc1f00000,0x000000ecc2000000)]
  0x00000227ea1fa800 JavaThread "Cache worker for cache directory md-supplier (C:\Users\SM\.gradle\caches\7.3.3\md-supplier)" [_thread_blocked, id=18216, stack(0x000000ecc2000000,0x000000ecc2100000)]
  0x00000227ea1f5800 JavaThread "Cache worker for cache directory md-rule (C:\Users\SM\.gradle\caches\7.3.3\md-rule)" [_thread_blocked, id=21584, stack(0x000000ecc2100000,0x000000ecc2200000)]
  0x00000227ea1fc000 JavaThread "Cache worker for execution history cache (C:\Users\SM\.gradle\caches\7.3.3\executionHistory)" [_thread_blocked, id=31600, stack(0x000000ecc2200000,0x000000ecc2300000)]
  0x00000227ea1f7800 JavaThread "jar transforms" [_thread_blocked, id=31000, stack(0x000000ecc2300000,0x000000ecc2400000)]
  0x00000227ea1fe000 JavaThread "Cache worker for file content cache (C:\Users\SM\.gradle\caches\7.3.3\fileContent)" [_thread_blocked, id=22228, stack(0x000000ecc2400000,0x000000ecc2500000)]
  0x00000227ea202000 JavaThread "jar transforms Thread 2" [_thread_blocked, id=20428, stack(0x000000ecc2500000,0x000000ecc2600000)]
  0x00000227ea201000 JavaThread "Cache worker for dependencies-accessors (D:\projects\dev\kotlin\RickAndMortyApi\.gradle\7.3.3\dependencies-accessors)" [_thread_blocked, id=25188, stack(0x000000ecc2600000,0x000000ecc2700000)]
  0x00000227ea203800 JavaThread "jar transforms Thread 3" [_thread_blocked, id=18400, stack(0x000000ecc2700000,0x000000ecc2800000)]
  0x00000227ea204800 JavaThread "Cache worker for Build Output Cleanup Cache (D:\projects\dev\kotlin\RickAndMortyApi\.gradle\buildOutputCleanup)" [_thread_blocked, id=2612, stack(0x000000ecc2800000,0x000000ecc2900000)]
  0x00000227ea1fe800 JavaThread "Unconstrained build operations" [_thread_blocked, id=26680, stack(0x000000ecc2900000,0x000000ecc2a00000)]
  0x00000227ea1ff800 JavaThread "Unconstrained build operations Thread 2" [_thread_blocked, id=18676, stack(0x000000ecc2a00000,0x000000ecc2b00000)]
  0x00000227e5a4e000 JavaThread "Unconstrained build operations Thread 3" [_thread_blocked, id=26288, stack(0x000000ecc2b00000,0x000000ecc2c00000)]
  0x00000227ea677000 JavaThread "Unconstrained build operations Thread 4" [_thread_blocked, id=28192, stack(0x000000ecc2c00000,0x000000ecc2d00000)]
  0x00000227ea678000 JavaThread "Unconstrained build operations Thread 5" [_thread_blocked, id=9824, stack(0x000000ecc2d00000,0x000000ecc2e00000)]
  0x00000227ea67b800 JavaThread "Unconstrained build operations Thread 6" [_thread_blocked, id=26204, stack(0x000000ecc2e00000,0x000000ecc2f00000)]
  0x00000227ea679800 JavaThread "Unconstrained build operations Thread 7" [_thread_blocked, id=17716, stack(0x000000ecc2f00000,0x000000ecc3000000)]
  0x00000227ea676800 JavaThread "Unconstrained build operations Thread 8" [_thread_blocked, id=1352, stack(0x000000ecc3000000,0x000000ecc3100000)]
  0x00000227ea67a800 JavaThread "Unconstrained build operations Thread 9" [_thread_blocked, id=25392, stack(0x000000ecc3100000,0x000000ecc3200000)]
  0x00000227ea67c000 JavaThread "Unconstrained build operations Thread 10" [_thread_blocked, id=25516, stack(0x000000ecc3200000,0x000000ecc3300000)]
  0x00000227ea67e800 JavaThread "Unconstrained build operations Thread 11" [_thread_blocked, id=29144, stack(0x000000ecc3300000,0x000000ecc3400000)]
  0x00000227ea67d000 JavaThread "Unconstrained build operations Thread 12" [_thread_blocked, id=16300, stack(0x000000ecc3400000,0x000000ecc3500000)]
  0x00000227ea679000 JavaThread "Unconstrained build operations Thread 13" [_thread_blocked, id=12548, stack(0x000000ecc3500000,0x000000ecc3600000)]
  0x00000227ea67d800 JavaThread "Unconstrained build operations Thread 14" [_thread_blocked, id=30872, stack(0x000000ecc3600000,0x000000ecc3700000)]
  0x00000227ea680000 JavaThread "Unconstrained build operations Thread 15" [_thread_blocked, id=9848, stack(0x000000ecc3700000,0x000000ecc3800000)]
  0x00000227ea681000 JavaThread "Unconstrained build operations Thread 16" [_thread_blocked, id=9004, stack(0x000000ecc3800000,0x000000ecc3900000)]
  0x00000227ea67f800 JavaThread "Unconstrained build operations Thread 17" [_thread_blocked, id=14772, stack(0x000000ecc3900000,0x000000ecc3a00000)]
  0x00000227ea682800 JavaThread "Unconstrained build operations Thread 18" [_thread_blocked, id=31732, stack(0x000000ecc3a00000,0x000000ecc3b00000)]
  0x00000227ea685000 JavaThread "Unconstrained build operations Thread 19" [_thread_blocked, id=26664, stack(0x000000ecc3b00000,0x000000ecc3c00000)]
  0x00000227ea682000 JavaThread "Unconstrained build operations Thread 20" [_thread_blocked, id=25204, stack(0x000000ecc3c00000,0x000000ecc3d00000)]
  0x00000227ea683800 JavaThread "Unconstrained build operations Thread 21" [_thread_blocked, id=30684, stack(0x000000ecc3d00000,0x000000ecc3e00000)]
  0x00000227ea684800 JavaThread "Unconstrained build operations Thread 22" [_thread_blocked, id=30188, stack(0x000000ecc3e00000,0x000000ecc3f00000)]
  0x00000227eaa25800 JavaThread "Unconstrained build operations Thread 23" [_thread_blocked, id=19252, stack(0x000000ecc3f00000,0x000000ecc4000000)]
  0x00000227eaa2b000 JavaThread "Unconstrained build operations Thread 24" [_thread_blocked, id=3004, stack(0x000000ecc4000000,0x000000ecc4100000)]
  0x00000227eaa26800 JavaThread "Unconstrained build operations Thread 25" [_thread_blocked, id=31148, stack(0x000000ecc4100000,0x000000ecc4200000)]
  0x00000227eaa2a800 JavaThread "Unconstrained build operations Thread 26" [_thread_blocked, id=15848, stack(0x000000ecc4200000,0x000000ecc4300000)]
  0x00000227eaa2d000 JavaThread "Unconstrained build operations Thread 27" [_thread_blocked, id=25912, stack(0x000000ecc4300000,0x000000ecc4400000)]
  0x00000227eaa27000 JavaThread "Unconstrained build operations Thread 28" [_thread_blocked, id=13812, stack(0x000000ecc4400000,0x000000ecc4500000)]
  0x00000227eaa29800 JavaThread "Unconstrained build operations Thread 29" [_thread_blocked, id=1460, stack(0x000000ecc4500000,0x000000ecc4600000)]
  0x00000227eaa2d800 JavaThread "Unconstrained build operations Thread 30" [_thread_blocked, id=19392, stack(0x000000ecc4600000,0x000000ecc4700000)]
  0x00000227eaa28000 JavaThread "Unconstrained build operations Thread 31" [_thread_blocked, id=700, stack(0x000000ecc4700000,0x000000ecc4800000)]
  0x00000227eaa2e800 JavaThread "Unconstrained build operations Thread 32" [_thread_blocked, id=15904, stack(0x000000ecc4800000,0x000000ecc4900000)]
  0x00000227eaa28800 JavaThread "Unconstrained build operations Thread 33" [_thread_blocked, id=29208, stack(0x000000ecc4900000,0x000000ecc4a00000)]
  0x00000227eaa30000 JavaThread "Unconstrained build operations Thread 34" [_thread_blocked, id=25632, stack(0x000000ecc4a00000,0x000000ecc4b00000)]
  0x00000227eaa31000 JavaThread "Unconstrained build operations Thread 35" [_thread_blocked, id=25492, stack(0x000000ecc4b00000,0x000000ecc4c00000)]
  0x00000227eaa2c000 JavaThread "Unconstrained build operations Thread 36" [_thread_blocked, id=7828, stack(0x000000ecc4c00000,0x000000ecc4d00000)]
  0x00000227eaa31800 JavaThread "Unconstrained build operations Thread 37" [_thread_blocked, id=20240, stack(0x000000ecc4d00000,0x000000ecc4e00000)]
  0x00000227eaa32800 JavaThread "Unconstrained build operations Thread 38" [_thread_blocked, id=14952, stack(0x000000ecc4e00000,0x000000ecc4f00000)]
  0x00000227eaa33800 JavaThread "Unconstrained build operations Thread 39" [_thread_blocked, id=22480, stack(0x000000ecc4f00000,0x000000ecc5000000)]
  0x00000227eaa34000 JavaThread "Unconstrained build operations Thread 40" [_thread_blocked, id=15104, stack(0x000000ecc5000000,0x000000ecc5100000)]
  0x00000227eaa2f800 JavaThread "jar transforms Thread 4" [_thread_blocked, id=20556, stack(0x000000ecc5100000,0x000000ecc5200000)]
  0x00000227ea1f6800 JavaThread "C2 CompilerThread1" daemon [_thread_in_native, id=24972, stack(0x000000ecc1b00000,0x000000ecc1c00000)]

Other Threads:
  0x00000227e59f1800 VMThread "VM Thread" [stack: 0x000000ecc0000000,0x000000ecc0100000] [id=9504]
  0x00000227e5bec800 WatcherThread [stack: 0x000000ecc0a00000,0x000000ecc0b00000] [id=20016]
  0x00000227c9572000 GCTaskThread "GC Thread#0" [stack: 0x000000ecbfb00000,0x000000ecbfc00000] [id=20732]
  0x00000227e66b6000 GCTaskThread "GC Thread#1" [stack: 0x000000ecc0c00000,0x000000ecc0d00000] [id=23544]
  0x00000227e65f7800 GCTaskThread "GC Thread#2" [stack: 0x000000ecc0d00000,0x000000ecc0e00000] [id=29440]
  0x00000227e6760800 GCTaskThread "GC Thread#3" [stack: 0x000000ecc0e00000,0x000000ecc0f00000] [id=5684]
  0x00000227c95a1800 ConcurrentGCThread "G1 Main Marker" [stack: 0x000000ecbfc00000,0x000000ecbfd00000] [id=20940]
  0x00000227c95a4000 ConcurrentGCThread "G1 Conc#0" [stack: 0x000000ecbfd00000,0x000000ecbfe00000] [id=17952]
  0x00000227e4f12800 ConcurrentGCThread "G1 Refine#0" [stack: 0x000000ecbfe00000,0x000000ecbff00000] [id=15864]
  0x00000227e4f13800 ConcurrentGCThread "G1 Young RemSet Sampling" [stack: 0x000000ecbff00000,0x000000ecc0000000] [id=5456]

Threads with active compile tasks:
C2 CompilerThread0  16608 5851       4       org.objectweb.asm.Frame::execute (2318 bytes)
C2 CompilerThread1  16608 5932   !   4       com.google.common.reflect.TypeVisitor::visit (244 bytes)

VM state:not at safepoint (normal execution)

VM Mutex/Monitor currently owned by a thread: None

Heap address: 0x0000000080000000, size: 2048 MB, Compressed Oops mode: 32-bit
Narrow klass base: 0x0000000000000000, Narrow klass shift: 3
Compressed class space size: 1073741824 Address: 0x0000000100000000

Heap:
 garbage-first heap   total 262144K, used 121111K [0x0000000080000000, 0x0000000100000000)
  region size 1024K, 86 young (88064K), 16 survivors (16384K)
 Metaspace       used 57984K, capacity 59325K, committed 59392K, reserved 1101824K
  class space    used 7378K, capacity 7890K, committed 7936K, reserved 1048576K
Heap Regions: E=young(eden), S=young(survivor), O=old, HS=humongous(starts), HC=humongous(continues), CS=collection set, F=free, A=archive, TAMS=top-at-mark-start (previous, next)
|   0|0x0000000080000000, 0x0000000080100000, 0x0000000080100000|100%| O|  |TAMS 0x0000000080100000, 0x0000000080000000| Untracked 
|   1|0x0000000080100000, 0x0000000080200000, 0x0000000080200000|100%| O|  |TAMS 0x0000000080200000, 0x0000000080100000| Untracked 
|   2|0x0000000080200000, 0x0000000080300000, 0x0000000080300000|100%| O|  |TAMS 0x0000000080300000, 0x0000000080200000| Untracked 
|   3|0x0000000080300000, 0x0000000080400000, 0x0000000080400000|100%|HS|  |TAMS 0x0000000080400000, 0x0000000080300000| Complete 
|   4|0x0000000080400000, 0x0000000080500000, 0x0000000080500000|100%|HC|  |TAMS 0x0000000080500000, 0x0000000080400000| Complete 
|   5|0x0000000080500000, 0x0000000080600000, 0x0000000080600000|100%|HC|  |TAMS 0x0000000080600000, 0x0000000080500000| Complete 
|   6|0x0000000080600000, 0x0000000080700000, 0x0000000080700000|100%| O|  |TAMS 0x0000000080700000, 0x0000000080600000| Untracked 
|   7|0x0000000080700000, 0x0000000080800000, 0x0000000080800000|100%| O|  |TAMS 0x0000000080800000, 0x0000000080700000| Untracked 
|   8|0x0000000080800000, 0x0000000080900000, 0x0000000080900000|100%| O|  |TAMS 0x0000000080900000, 0x0000000080800000| Untracked 
|   9|0x0000000080900000, 0x0000000080a00000, 0x0000000080a00000|100%| O|  |TAMS 0x0000000080a00000, 0x0000000080900000| Untracked 
|  10|0x0000000080a00000, 0x0000000080b00000, 0x0000000080b00000|100%| O|  |TAMS 0x0000000080b00000, 0x0000000080a00000| Untracked 
|  11|0x0000000080b00000, 0x0000000080c00000, 0x0000000080c00000|100%| O|  |TAMS 0x0000000080c00000, 0x0000000080b00000| Untracked 
|  12|0x0000000080c00000, 0x0000000080d00000, 0x0000000080d00000|100%| O|  |TAMS 0x0000000080d00000, 0x0000000080c00000| Untracked 
|  13|0x0000000080d00000, 0x0000000080e00000, 0x0000000080e00000|100%| O|  |TAMS 0x0000000080e00000, 0x0000000080d00000| Untracked 
|  14|0x0000000080e00000, 0x0000000080f00000, 0x0000000080f00000|100%| O|  |TAMS 0x0000000080f00000, 0x0000000080e00000| Untracked 
|  15|0x0000000080f00000, 0x0000000081000000, 0x0000000081000000|100%| O|  |TAMS 0x0000000081000000, 0x0000000080f00000| Untracked 
|  16|0x0000000081000000, 0x0000000081100000, 0x0000000081100000|100%| O|  |TAMS 0x00000000810b0000, 0x0000000081000000| Untracked 
|  17|0x0000000081100000, 0x0000000081100000, 0x0000000081200000|  0%| F|  |TAMS 0x0000000081100000, 0x0000000081100000| Untracked 
|  18|0x0000000081200000, 0x0000000081300000, 0x0000000081300000|100%|HS|  |TAMS 0x0000000081200000, 0x0000000081200000| Complete 
|  19|0x0000000081300000, 0x0000000081400000, 0x0000000081400000|100%|HS|  |TAMS 0x0000000081300000, 0x0000000081300000| Complete 
|  20|0x0000000081400000, 0x0000000081500000, 0x0000000081500000|100%|HS|  |TAMS 0x0000000081400000, 0x0000000081400000| Complete 
|  21|0x0000000081500000, 0x0000000081600000, 0x0000000081600000|100%|HS|  |TAMS 0x0000000081500000, 0x0000000081500000| Complete 
|  22|0x0000000081600000, 0x0000000081700000, 0x0000000081700000|100%|HC|  |TAMS 0x0000000081600000, 0x0000000081600000| Complete 
|  23|0x0000000081700000, 0x0000000081800000, 0x0000000081800000|100%|HC|  |TAMS 0x0000000081700000, 0x0000000081700000| Complete 
|  24|0x0000000081800000, 0x0000000081900000, 0x0000000081900000|100%|HS|  |TAMS 0x0000000081800000, 0x0000000081800000| Complete 
|  25|0x0000000081900000, 0x0000000081a00000, 0x0000000081a00000|100%|HC|  |TAMS 0x0000000081900000, 0x0000000081900000| Complete 
|  26|0x0000000081a00000, 0x0000000081b00000, 0x0000000081b00000|100%| O|  |TAMS 0x0000000081a00000, 0x0000000081a00000| Untracked 
|  27|0x0000000081b00000, 0x0000000081c00000, 0x0000000081c00000|100%| O|  |TAMS 0x0000000081b00000, 0x0000000081b00000| Untracked 
|  28|0x0000000081c00000, 0x0000000081d00000, 0x0000000081d00000|100%| O|  |TAMS 0x0000000081c00000, 0x0000000081c00000| Untracked 
|  29|0x0000000081d00000, 0x0000000081e00000, 0x0000000081e00000|100%| O|  |TAMS 0x0000000081d00000, 0x0000000081d00000| Untracked 
|  30|0x0000000081e00000, 0x0000000081f00000, 0x0000000081f00000|100%| O|  |TAMS 0x0000000081e00000, 0x0000000081e00000| Untracked 
|  31|0x0000000081f00000, 0x0000000082000000, 0x0000000082000000|100%| O|  |TAMS 0x0000000081f00000, 0x0000000081f00000| Untracked 
|  32|0x0000000082000000, 0x0000000082100000, 0x0000000082100000|100%| O|  |TAMS 0x0000000082000000, 0x0000000082000000| Untracked 
|  33|0x0000000082100000, 0x0000000082200000, 0x0000000082200000|100%| O|  |TAMS 0x0000000082100000, 0x0000000082100000| Untracked 
|  34|0x0000000082200000, 0x0000000082245e08, 0x0000000082300000| 27%| O|  |TAMS 0x0000000082200000, 0x0000000082200000| Untracked 
|  35|0x0000000082300000, 0x0000000082300000, 0x0000000082400000|  0%| F|  |TAMS 0x0000000082300000, 0x0000000082300000| Untracked 
|  36|0x0000000082400000, 0x0000000082400000, 0x0000000082500000|  0%| F|  |TAMS 0x0000000082400000, 0x0000000082400000| Untracked 
|  37|0x0000000082500000, 0x0000000082500000, 0x0000000082600000|  0%| F|  |TAMS 0x0000000082500000, 0x0000000082500000| Untracked 
|  38|0x0000000082600000, 0x0000000082600000, 0x0000000082700000|  0%| F|  |TAMS 0x0000000082600000, 0x0000000082600000| Untracked 
|  39|0x0000000082700000, 0x0000000082700000, 0x0000000082800000|  0%| F|  |TAMS 0x0000000082700000, 0x0000000082700000| Untracked 
|  40|0x0000000082800000, 0x0000000082800000, 0x0000000082900000|  0%| F|  |TAMS 0x0000000082800000, 0x0000000082800000| Untracked 
|  41|0x0000000082900000, 0x0000000082900000, 0x0000000082a00000|  0%| F|  |TAMS 0x0000000082900000, 0x0000000082900000| Untracked 
|  42|0x0000000082a00000, 0x0000000082a00000, 0x0000000082b00000|  0%| F|  |TAMS 0x0000000082a00000, 0x0000000082a00000| Untracked 
|  43|0x0000000082b00000, 0x0000000082b00000, 0x0000000082c00000|  0%| F|  |TAMS 0x0000000082b00000, 0x0000000082b00000| Untracked 
|  44|0x0000000082c00000, 0x0000000082c00000, 0x0000000082d00000|  0%| F|  |TAMS 0x0000000082c00000, 0x0000000082c00000| Untracked 
|  45|0x0000000082d00000, 0x0000000082d00000, 0x0000000082e00000|  0%| F|  |TAMS 0x0000000082d00000, 0x0000000082d00000| Untracked 
|  46|0x0000000082e00000, 0x0000000082e00000, 0x0000000082f00000|  0%| F|  |TAMS 0x0000000082e00000, 0x0000000082e00000| Untracked 
|  47|0x0000000082f00000, 0x0000000082f00000, 0x0000000083000000|  0%| F|  |TAMS 0x0000000082f00000, 0x0000000082f00000| Untracked 
|  48|0x0000000083000000, 0x0000000083000000, 0x0000000083100000|  0%| F|  |TAMS 0x0000000083000000, 0x0000000083000000| Untracked 
|  49|0x0000000083100000, 0x0000000083100000, 0x0000000083200000|  0%| F|  |TAMS 0x0000000083100000, 0x0000000083100000| Untracked 
|  50|0x0000000083200000, 0x0000000083200000, 0x0000000083300000|  0%| F|  |TAMS 0x0000000083200000, 0x0000000083200000| Untracked 
|  51|0x0000000083300000, 0x0000000083300000, 0x0000000083400000|  0%| F|  |TAMS 0x0000000083300000, 0x0000000083300000| Untracked 
|  52|0x0000000083400000, 0x0000000083400000, 0x0000000083500000|  0%| F|  |TAMS 0x0000000083400000, 0x0000000083400000| Untracked 
|  53|0x0000000083500000, 0x0000000083500000, 0x0000000083600000|  0%| F|  |TAMS 0x0000000083500000, 0x0000000083500000| Untracked 
|  54|0x0000000083600000, 0x0000000083600000, 0x0000000083700000|  0%| F|  |TAMS 0x0000000083600000, 0x0000000083600000| Untracked 
|  55|0x0000000083700000, 0x0000000083700000, 0x0000000083800000|  0%| F|  |TAMS 0x0000000083700000, 0x0000000083700000| Untracked 
|  56|0x0000000083800000, 0x0000000083800000, 0x0000000083900000|  0%| F|  |TAMS 0x0000000083800000, 0x0000000083800000| Untracked 
|  57|0x0000000083900000, 0x0000000083900000, 0x0000000083a00000|  0%| F|  |TAMS 0x0000000083900000, 0x0000000083900000| Untracked 
|  58|0x0000000083a00000, 0x0000000083a00000, 0x0000000083b00000|  0%| F|  |TAMS 0x0000000083a00000, 0x0000000083a00000| Untracked 
|  59|0x0000000083b00000, 0x0000000083b00000, 0x0000000083c00000|  0%| F|  |TAMS 0x0000000083b00000, 0x0000000083b00000| Untracked 
|  60|0x0000000083c00000, 0x0000000083c00000, 0x0000000083d00000|  0%| F|  |TAMS 0x0000000083c00000, 0x0000000083c00000| Untracked 
|  61|0x0000000083d00000, 0x0000000083d00000, 0x0000000083e00000|  0%| F|  |TAMS 0x0000000083d00000, 0x0000000083d00000| Untracked 
|  62|0x0000000083e00000, 0x0000000083e00000, 0x0000000083f00000|  0%| F|  |TAMS 0x0000000083e00000, 0x0000000083e00000| Untracked 
|  63|0x0000000083f00000, 0x0000000083f00000, 0x0000000084000000|  0%| F|  |TAMS 0x0000000083f00000, 0x0000000083f00000| Untracked 
|  64|0x0000000084000000, 0x0000000084000000, 0x0000000084100000|  0%| F|  |TAMS 0x0000000084000000, 0x0000000084000000| Untracked 
|  65|0x0000000084100000, 0x0000000084100000, 0x0000000084200000|  0%| F|  |TAMS 0x0000000084100000, 0x0000000084100000| Untracked 
|  66|0x0000000084200000, 0x0000000084200000, 0x0000000084300000|  0%| F|  |TAMS 0x0000000084200000, 0x0000000084200000| Untracked 
|  67|0x0000000084300000, 0x0000000084300000, 0x0000000084400000|  0%| F|  |TAMS 0x0000000084300000, 0x0000000084300000| Untracked 
|  68|0x0000000084400000, 0x0000000084400000, 0x0000000084500000|  0%| F|  |TAMS 0x0000000084400000, 0x0000000084400000| Untracked 
|  69|0x0000000084500000, 0x0000000084500000, 0x0000000084600000|  0%| F|  |TAMS 0x0000000084500000, 0x0000000084500000| Untracked 
|  70|0x0000000084600000, 0x0000000084600000, 0x0000000084700000|  0%| F|  |TAMS 0x0000000084600000, 0x0000000084600000| Untracked 
|  71|0x0000000084700000, 0x0000000084700000, 0x0000000084800000|  0%| F|  |TAMS 0x0000000084700000, 0x0000000084700000| Untracked 
|  72|0x0000000084800000, 0x0000000084800000, 0x0000000084900000|  0%| F|  |TAMS 0x0000000084800000, 0x0000000084800000| Untracked 
|  73|0x0000000084900000, 0x0000000084900000, 0x0000000084a00000|  0%| F|  |TAMS 0x0000000084900000, 0x0000000084900000| Untracked 
|  74|0x0000000084a00000, 0x0000000084a00000, 0x0000000084b00000|  0%| F|  |TAMS 0x0000000084a00000, 0x0000000084a00000| Untracked 
|  75|0x0000000084b00000, 0x0000000084b00000, 0x0000000084c00000|  0%| F|  |TAMS 0x0000000084b00000, 0x0000000084b00000| Untracked 
|  76|0x0000000084c00000, 0x0000000084c00000, 0x0000000084d00000|  0%| F|  |TAMS 0x0000000084c00000, 0x0000000084c00000| Untracked 
|  77|0x0000000084d00000, 0x0000000084d00000, 0x0000000084e00000|  0%| F|  |TAMS 0x0000000084d00000, 0x0000000084d00000| Untracked 
|  78|0x0000000084e00000, 0x0000000084e00000, 0x0000000084f00000|  0%| F|  |TAMS 0x0000000084e00000, 0x0000000084e00000| Untracked 
|  79|0x0000000084f00000, 0x0000000084f00000, 0x0000000085000000|  0%| F|  |TAMS 0x0000000084f00000, 0x0000000084f00000| Untracked 
|  80|0x0000000085000000, 0x0000000085000000, 0x0000000085100000|  0%| F|  |TAMS 0x0000000085000000, 0x0000000085000000| Untracked 
|  81|0x0000000085100000, 0x0000000085100000, 0x0000000085200000|  0%| F|  |TAMS 0x0000000085100000, 0x0000000085100000| Untracked 
|  82|0x0000000085200000, 0x0000000085200000, 0x0000000085300000|  0%| F|  |TAMS 0x0000000085200000, 0x0000000085200000| Untracked 
|  83|0x0000000085300000, 0x0000000085300000, 0x0000000085400000|  0%| F|  |TAMS 0x0000000085300000, 0x0000000085300000| Untracked 
|  84|0x0000000085400000, 0x0000000085400000, 0x0000000085500000|  0%| F|  |TAMS 0x0000000085400000, 0x0000000085400000| Untracked 
|  85|0x0000000085500000, 0x0000000085500000, 0x0000000085600000|  0%| F|  |TAMS 0x0000000085500000, 0x0000000085500000| Untracked 
|  86|0x0000000085600000, 0x0000000085600000, 0x0000000085700000|  0%| F|  |TAMS 0x0000000085600000, 0x0000000085600000| Untracked 
|  87|0x0000000085700000, 0x0000000085700000, 0x0000000085800000|  0%| F|  |TAMS 0x0000000085700000, 0x0000000085700000| Untracked 
|  88|0x0000000085800000, 0x0000000085800000, 0x0000000085900000|  0%| F|  |TAMS 0x0000000085800000, 0x0000000085800000| Untracked 
|  89|0x0000000085900000, 0x0000000085900000, 0x0000000085a00000|  0%| F|  |TAMS 0x0000000085900000, 0x0000000085900000| Untracked 
|  90|0x0000000085a00000, 0x0000000085a00000, 0x0000000085b00000|  0%| F|  |TAMS 0x0000000085a00000, 0x0000000085a00000| Untracked 
|  91|0x0000000085b00000, 0x0000000085b00000, 0x0000000085c00000|  0%| F|  |TAMS 0x0000000085b00000, 0x0000000085b00000| Untracked 
|  92|0x0000000085c00000, 0x0000000085c00000, 0x0000000085d00000|  0%| F|  |TAMS 0x0000000085c00000, 0x0000000085c00000| Untracked 
|  93|0x0000000085d00000, 0x0000000085d00000, 0x0000000085e00000|  0%| F|  |TAMS 0x0000000085d00000, 0x0000000085d00000| Untracked 
|  94|0x0000000085e00000, 0x0000000085e00000, 0x0000000085f00000|  0%| F|  |TAMS 0x0000000085e00000, 0x0000000085e00000| Untracked 
|  95|0x0000000085f00000, 0x0000000085f00000, 0x0000000086000000|  0%| F|  |TAMS 0x0000000085f00000, 0x0000000085f00000| Untracked 
|  96|0x0000000086000000, 0x0000000086000000, 0x0000000086100000|  0%| F|  |TAMS 0x0000000086000000, 0x0000000086000000| Untracked 
|  97|0x0000000086100000, 0x0000000086100000, 0x0000000086200000|  0%| F|  |TAMS 0x0000000086100000, 0x0000000086100000| Untracked 
|  98|0x0000000086200000, 0x0000000086200000, 0x0000000086300000|  0%| F|  |TAMS 0x0000000086200000, 0x0000000086200000| Untracked 
|  99|0x0000000086300000, 0x0000000086300000, 0x0000000086400000|  0%| F|  |TAMS 0x0000000086300000, 0x0000000086300000| Untracked 
| 100|0x0000000086400000, 0x0000000086400000, 0x0000000086500000|  0%| F|  |TAMS 0x0000000086400000, 0x0000000086400000| Untracked 
| 101|0x0000000086500000, 0x0000000086500000, 0x0000000086600000|  0%| F|  |TAMS 0x0000000086500000, 0x0000000086500000| Untracked 
| 102|0x0000000086600000, 0x0000000086600000, 0x0000000086700000|  0%| F|  |TAMS 0x0000000086600000, 0x0000000086600000| Untracked 
| 103|0x0000000086700000, 0x0000000086700000, 0x0000000086800000|  0%| F|  |TAMS 0x0000000086700000, 0x0000000086700000| Untracked 
| 104|0x0000000086800000, 0x0000000086800000, 0x0000000086900000|  0%| F|  |TAMS 0x0000000086800000, 0x0000000086800000| Untracked 
| 105|0x0000000086900000, 0x0000000086900000, 0x0000000086a00000|  0%| F|  |TAMS 0x0000000086900000, 0x0000000086900000| Untracked 
| 106|0x0000000086a00000, 0x0000000086a00000, 0x0000000086b00000|  0%| F|  |TAMS 0x0000000086a00000, 0x0000000086a00000| Untracked 
| 107|0x0000000086b00000, 0x0000000086b00000, 0x0000000086c00000|  0%| F|  |TAMS 0x0000000086b00000, 0x0000000086b00000| Untracked 
| 108|0x0000000086c00000, 0x0000000086c00000, 0x0000000086d00000|  0%| F|  |TAMS 0x0000000086c00000, 0x0000000086c00000| Untracked 
| 109|0x0000000086d00000, 0x0000000086d00000, 0x0000000086e00000|  0%| F|  |TAMS 0x0000000086d00000, 0x0000000086d00000| Untracked 
| 110|0x0000000086e00000, 0x0000000086e00000, 0x0000000086f00000|  0%| F|  |TAMS 0x0000000086e00000, 0x0000000086e00000| Untracked 
| 111|0x0000000086f00000, 0x0000000086f00000, 0x0000000087000000|  0%| F|  |TAMS 0x0000000086f00000, 0x0000000086f00000| Untracked 
| 112|0x0000000087000000, 0x0000000087000000, 0x0000000087100000|  0%| F|  |TAMS 0x0000000087000000, 0x0000000087000000| Untracked 
| 113|0x0000000087100000, 0x0000000087100000, 0x0000000087200000|  0%| F|  |TAMS 0x0000000087100000, 0x0000000087100000| Untracked 
| 114|0x0000000087200000, 0x0000000087200000, 0x0000000087300000|  0%| F|  |TAMS 0x0000000087200000, 0x0000000087200000| Untracked 
| 115|0x0000000087300000, 0x0000000087300000, 0x0000000087400000|  0%| F|  |TAMS 0x0000000087300000, 0x0000000087300000| Untracked 
| 116|0x0000000087400000, 0x0000000087400000, 0x0000000087500000|  0%| F|  |TAMS 0x0000000087400000, 0x0000000087400000| Untracked 
| 117|0x0000000087500000, 0x0000000087600000, 0x0000000087600000|100%| S|CS|TAMS 0x0000000087500000, 0x0000000087500000| Complete 
| 118|0x0000000087600000, 0x0000000087700000, 0x0000000087700000|100%| S|CS|TAMS 0x0000000087600000, 0x0000000087600000| Complete 
| 119|0x0000000087700000, 0x0000000087800000, 0x0000000087800000|100%| S|CS|TAMS 0x0000000087700000, 0x0000000087700000| Complete 
| 120|0x0000000087800000, 0x0000000087900000, 0x0000000087900000|100%| S|CS|TAMS 0x0000000087800000, 0x0000000087800000| Complete 
| 121|0x0000000087900000, 0x0000000087a00000, 0x0000000087a00000|100%| S|CS|TAMS 0x0000000087900000, 0x0000000087900000| Complete 
| 122|0x0000000087a00000, 0x0000000087b00000, 0x0000000087b00000|100%| S|CS|TAMS 0x0000000087a00000, 0x0000000087a00000| Complete 
| 123|0x0000000087b00000, 0x0000000087c00000, 0x0000000087c00000|100%| S|CS|TAMS 0x0000000087b00000, 0x0000000087b00000| Complete 
| 124|0x0000000087c00000, 0x0000000087d00000, 0x0000000087d00000|100%| S|CS|TAMS 0x0000000087c00000, 0x0000000087c00000| Complete 
| 125|0x0000000087d00000, 0x0000000087e00000, 0x0000000087e00000|100%| S|CS|TAMS 0x0000000087d00000, 0x0000000087d00000| Complete 
| 126|0x0000000087e00000, 0x0000000087f00000, 0x0000000087f00000|100%| S|CS|TAMS 0x0000000087e00000, 0x0000000087e00000| Complete 
| 127|0x0000000087f00000, 0x0000000088000000, 0x0000000088000000|100%| S|CS|TAMS 0x0000000087f00000, 0x0000000087f00000| Complete 
| 128|0x0000000088000000, 0x0000000088100000, 0x0000000088100000|100%| S|CS|TAMS 0x0000000088000000, 0x0000000088000000| Complete 
| 129|0x0000000088100000, 0x0000000088200000, 0x0000000088200000|100%| S|CS|TAMS 0x0000000088100000, 0x0000000088100000| Complete 
| 130|0x0000000088200000, 0x0000000088300000, 0x0000000088300000|100%| S|CS|TAMS 0x0000000088200000, 0x0000000088200000| Complete 
| 131|0x0000000088300000, 0x0000000088400000, 0x0000000088400000|100%| S|CS|TAMS 0x0000000088300000, 0x0000000088300000| Complete 
| 132|0x0000000088400000, 0x0000000088500000, 0x0000000088500000|100%| S|CS|TAMS 0x0000000088400000, 0x0000000088400000| Complete 
| 133|0x0000000088500000, 0x0000000088500000, 0x0000000088600000|  0%| F|  |TAMS 0x0000000088500000, 0x0000000088500000| Untracked 
| 134|0x0000000088600000, 0x0000000088600000, 0x0000000088700000|  0%| F|  |TAMS 0x0000000088600000, 0x0000000088600000| Untracked 
| 135|0x0000000088700000, 0x0000000088700000, 0x0000000088800000|  0%| F|  |TAMS 0x0000000088700000, 0x0000000088700000| Untracked 
| 136|0x0000000088800000, 0x0000000088800000, 0x0000000088900000|  0%| F|  |TAMS 0x0000000088800000, 0x0000000088800000| Untracked 
| 137|0x0000000088900000, 0x0000000088900000, 0x0000000088a00000|  0%| F|  |TAMS 0x0000000088900000, 0x0000000088900000| Untracked 
| 138|0x0000000088a00000, 0x0000000088a00000, 0x0000000088b00000|  0%| F|  |TAMS 0x0000000088a00000, 0x0000000088a00000| Untracked 
| 139|0x0000000088b00000, 0x0000000088b00000, 0x0000000088c00000|  0%| F|  |TAMS 0x0000000088b00000, 0x0000000088b00000| Untracked 
| 140|0x0000000088c00000, 0x0000000088c00000, 0x0000000088d00000|  0%| F|  |TAMS 0x0000000088c00000, 0x0000000088c00000| Untracked 
| 141|0x0000000088d00000, 0x0000000088d00000, 0x0000000088e00000|  0%| F|  |TAMS 0x0000000088d00000, 0x0000000088d00000| Untracked 
| 142|0x0000000088e00000, 0x0000000088e00000, 0x0000000088f00000|  0%| F|  |TAMS 0x0000000088e00000, 0x0000000088e00000| Untracked 
| 143|0x0000000088f00000, 0x0000000088f00000, 0x0000000089000000|  0%| F|  |TAMS 0x0000000088f00000, 0x0000000088f00000| Untracked 
| 144|0x0000000089000000, 0x0000000089000000, 0x0000000089100000|  0%| F|  |TAMS 0x0000000089000000, 0x0000000089000000| Untracked 
| 145|0x0000000089100000, 0x0000000089100000, 0x0000000089200000|  0%| F|  |TAMS 0x0000000089100000, 0x0000000089100000| Untracked 
| 146|0x0000000089200000, 0x0000000089200000, 0x0000000089300000|  0%| F|  |TAMS 0x0000000089200000, 0x0000000089200000| Untracked 
| 147|0x0000000089300000, 0x0000000089300000, 0x0000000089400000|  0%| F|  |TAMS 0x0000000089300000, 0x0000000089300000| Untracked 
| 148|0x0000000089400000, 0x0000000089400000, 0x0000000089500000|  0%| F|  |TAMS 0x0000000089400000, 0x0000000089400000| Untracked 
| 149|0x0000000089500000, 0x0000000089500000, 0x0000000089600000|  0%| F|  |TAMS 0x0000000089500000, 0x0000000089500000| Untracked 
| 150|0x0000000089600000, 0x0000000089600000, 0x0000000089700000|  0%| F|  |TAMS 0x0000000089600000, 0x0000000089600000| Untracked 
| 151|0x0000000089700000, 0x0000000089700000, 0x0000000089800000|  0%| F|  |TAMS 0x0000000089700000, 0x0000000089700000| Untracked 
| 152|0x0000000089800000, 0x0000000089800000, 0x0000000089900000|  0%| F|  |TAMS 0x0000000089800000, 0x0000000089800000| Untracked 
| 153|0x0000000089900000, 0x0000000089900000, 0x0000000089a00000|  0%| F|  |TAMS 0x0000000089900000, 0x0000000089900000| Untracked 
| 154|0x0000000089a00000, 0x0000000089a00000, 0x0000000089b00000|  0%| F|  |TAMS 0x0000000089a00000, 0x0000000089a00000| Untracked 
| 155|0x0000000089b00000, 0x0000000089b00000, 0x0000000089c00000|  0%| F|  |TAMS 0x0000000089b00000, 0x0000000089b00000| Untracked 
| 156|0x0000000089c00000, 0x0000000089c00000, 0x0000000089d00000|  0%| F|  |TAMS 0x0000000089c00000, 0x0000000089c00000| Untracked 
| 157|0x0000000089d00000, 0x0000000089d00000, 0x0000000089e00000|  0%| F|  |TAMS 0x0000000089d00000, 0x0000000089d00000| Untracked 
| 158|0x0000000089e00000, 0x0000000089e00000, 0x0000000089f00000|  0%| F|  |TAMS 0x0000000089e00000, 0x0000000089e00000| Untracked 
| 159|0x0000000089f00000, 0x0000000089f00000, 0x000000008a000000|  0%| F|  |TAMS 0x0000000089f00000, 0x0000000089f00000| Untracked 
| 160|0x000000008a000000, 0x000000008a000000, 0x000000008a100000|  0%| F|  |TAMS 0x000000008a000000, 0x000000008a000000| Untracked 
| 161|0x000000008a100000, 0x000000008a100000, 0x000000008a200000|  0%| F|  |TAMS 0x000000008a100000, 0x000000008a100000| Untracked 
| 162|0x000000008a200000, 0x000000008a200000, 0x000000008a300000|  0%| F|  |TAMS 0x000000008a200000, 0x000000008a200000| Untracked 
| 163|0x000000008a300000, 0x000000008a300000, 0x000000008a400000|  0%| F|  |TAMS 0x000000008a300000, 0x000000008a300000| Untracked 
| 164|0x000000008a400000, 0x000000008a400000, 0x000000008a500000|  0%| F|  |TAMS 0x000000008a400000, 0x000000008a400000| Untracked 
| 165|0x000000008a500000, 0x000000008a500000, 0x000000008a600000|  0%| F|  |TAMS 0x000000008a500000, 0x000000008a500000| Untracked 
| 166|0x000000008a600000, 0x000000008a600000, 0x000000008a700000|  0%| F|  |TAMS 0x000000008a600000, 0x000000008a600000| Untracked 
| 167|0x000000008a700000, 0x000000008a700000, 0x000000008a800000|  0%| F|  |TAMS 0x000000008a700000, 0x000000008a700000| Untracked 
| 168|0x000000008a800000, 0x000000008a800000, 0x000000008a900000|  0%| F|  |TAMS 0x000000008a800000, 0x000000008a800000| Untracked 
| 169|0x000000008a900000, 0x000000008a900000, 0x000000008aa00000|  0%| F|  |TAMS 0x000000008a900000, 0x000000008a900000| Untracked 
| 170|0x000000008aa00000, 0x000000008aa00000, 0x000000008ab00000|  0%| F|  |TAMS 0x000000008aa00000, 0x000000008aa00000| Untracked 
| 171|0x000000008ab00000, 0x000000008ab00000, 0x000000008ac00000|  0%| F|  |TAMS 0x000000008ab00000, 0x000000008ab00000| Untracked 
| 172|0x000000008ac00000, 0x000000008ac00000, 0x000000008ad00000|  0%| F|  |TAMS 0x000000008ac00000, 0x000000008ac00000| Untracked 
| 173|0x000000008ad00000, 0x000000008ad00000, 0x000000008ae00000|  0%| F|  |TAMS 0x000000008ad00000, 0x000000008ad00000| Untracked 
| 174|0x000000008ae00000, 0x000000008ae00000, 0x000000008af00000|  0%| F|  |TAMS 0x000000008ae00000, 0x000000008ae00000| Untracked 
| 175|0x000000008af00000, 0x000000008af00000, 0x000000008b000000|  0%| F|  |TAMS 0x000000008af00000, 0x000000008af00000| Untracked 
| 176|0x000000008b000000, 0x000000008b000000, 0x000000008b100000|  0%| F|  |TAMS 0x000000008b000000, 0x000000008b000000| Untracked 
| 177|0x000000008b100000, 0x000000008b100000, 0x000000008b200000|  0%| F|  |TAMS 0x000000008b100000, 0x000000008b100000| Untracked 
| 178|0x000000008b200000, 0x000000008b200000, 0x000000008b300000|  0%| F|  |TAMS 0x000000008b200000, 0x000000008b200000| Untracked 
| 179|0x000000008b300000, 0x000000008b300000, 0x000000008b400000|  0%| F|  |TAMS 0x000000008b300000, 0x000000008b300000| Untracked 
| 180|0x000000008b400000, 0x000000008b400000, 0x000000008b500000|  0%| F|  |TAMS 0x000000008b400000, 0x000000008b400000| Untracked 
| 181|0x000000008b500000, 0x000000008b500000, 0x000000008b600000|  0%| F|  |TAMS 0x000000008b500000, 0x000000008b500000| Untracked 
| 182|0x000000008b600000, 0x000000008b600000, 0x000000008b700000|  0%| F|  |TAMS 0x000000008b600000, 0x000000008b600000| Untracked 
| 183|0x000000008b700000, 0x000000008b700000, 0x000000008b800000|  0%| F|  |TAMS 0x000000008b700000, 0x000000008b700000| Untracked 
| 184|0x000000008b800000, 0x000000008b800000, 0x000000008b900000|  0%| F|  |TAMS 0x000000008b800000, 0x000000008b800000| Untracked 
| 185|0x000000008b900000, 0x000000008b980800, 0x000000008ba00000| 50%| E|  |TAMS 0x000000008b900000, 0x000000008b900000| Complete 
| 186|0x000000008ba00000, 0x000000008bb00000, 0x000000008bb00000|100%| E|CS|TAMS 0x000000008ba00000, 0x000000008ba00000| Complete 
| 187|0x000000008bb00000, 0x000000008bc00000, 0x000000008bc00000|100%| E|CS|TAMS 0x000000008bb00000, 0x000000008bb00000| Complete 
| 188|0x000000008bc00000, 0x000000008bd00000, 0x000000008bd00000|100%| E|CS|TAMS 0x000000008bc00000, 0x000000008bc00000| Complete 
| 189|0x000000008bd00000, 0x000000008be00000, 0x000000008be00000|100%| E|CS|TAMS 0x000000008bd00000, 0x000000008bd00000| Complete 
| 190|0x000000008be00000, 0x000000008bf00000, 0x000000008bf00000|100%| E|CS|TAMS 0x000000008be00000, 0x000000008be00000| Complete 
| 191|0x000000008bf00000, 0x000000008c000000, 0x000000008c000000|100%| E|CS|TAMS 0x000000008bf00000, 0x000000008bf00000| Complete 
| 192|0x000000008c000000, 0x000000008c100000, 0x000000008c100000|100%| E|CS|TAMS 0x000000008c000000, 0x000000008c000000| Complete 
| 193|0x000000008c100000, 0x000000008c200000, 0x000000008c200000|100%| E|CS|TAMS 0x000000008c100000, 0x000000008c100000| Complete 
| 194|0x000000008c200000, 0x000000008c300000, 0x000000008c300000|100%| E|CS|TAMS 0x000000008c200000, 0x000000008c200000| Complete 
| 195|0x000000008c300000, 0x000000008c400000, 0x000000008c400000|100%| E|CS|TAMS 0x000000008c300000, 0x000000008c300000| Complete 
| 196|0x000000008c400000, 0x000000008c500000, 0x000000008c500000|100%| E|CS|TAMS 0x000000008c400000, 0x000000008c400000| Complete 
| 197|0x000000008c500000, 0x000000008c600000, 0x000000008c600000|100%| E|CS|TAMS 0x000000008c500000, 0x000000008c500000| Complete 
| 198|0x000000008c600000, 0x000000008c700000, 0x000000008c700000|100%| E|CS|TAMS 0x000000008c600000, 0x000000008c600000| Complete 
| 199|0x000000008c700000, 0x000000008c800000, 0x000000008c800000|100%| E|CS|TAMS 0x000000008c700000, 0x000000008c700000| Complete 
| 200|0x000000008c800000, 0x000000008c900000, 0x000000008c900000|100%| E|CS|TAMS 0x000000008c800000, 0x000000008c800000| Complete 
| 201|0x000000008c900000, 0x000000008ca00000, 0x000000008ca00000|100%| E|CS|TAMS 0x000000008c900000, 0x000000008c900000| Complete 
| 202|0x000000008ca00000, 0x000000008cb00000, 0x000000008cb00000|100%| E|CS|TAMS 0x000000008ca00000, 0x000000008ca00000| Complete 
| 203|0x000000008cb00000, 0x000000008cc00000, 0x000000008cc00000|100%| E|CS|TAMS 0x000000008cb00000, 0x000000008cb00000| Complete 
| 204|0x000000008cc00000, 0x000000008cd00000, 0x000000008cd00000|100%| E|CS|TAMS 0x000000008cc00000, 0x000000008cc00000| Complete 
| 205|0x000000008cd00000, 0x000000008ce00000, 0x000000008ce00000|100%| E|CS|TAMS 0x000000008cd00000, 0x000000008cd00000| Complete 
| 206|0x000000008ce00000, 0x000000008cf00000, 0x000000008cf00000|100%| E|CS|TAMS 0x000000008ce00000, 0x000000008ce00000| Complete 
| 207|0x000000008cf00000, 0x000000008d000000, 0x000000008d000000|100%| E|CS|TAMS 0x000000008cf00000, 0x000000008cf00000| Complete 
| 208|0x000000008d000000, 0x000000008d100000, 0x000000008d100000|100%| E|CS|TAMS 0x000000008d000000, 0x000000008d000000| Complete 
| 209|0x000000008d100000, 0x000000008d200000, 0x000000008d200000|100%| E|CS|TAMS 0x000000008d100000, 0x000000008d100000| Complete 
| 210|0x000000008d200000, 0x000000008d300000, 0x000000008d300000|100%| E|CS|TAMS 0x000000008d200000, 0x000000008d200000| Complete 
| 211|0x000000008d300000, 0x000000008d400000, 0x000000008d400000|100%| E|CS|TAMS 0x000000008d300000, 0x000000008d300000| Complete 
| 212|0x000000008d400000, 0x000000008d500000, 0x000000008d500000|100%| E|CS|TAMS 0x000000008d400000, 0x000000008d400000| Complete 
| 213|0x000000008d500000, 0x000000008d600000, 0x000000008d600000|100%| E|CS|TAMS 0x000000008d500000, 0x000000008d500000| Complete 
| 214|0x000000008d600000, 0x000000008d700000, 0x000000008d700000|100%| E|CS|TAMS 0x000000008d600000, 0x000000008d600000| Complete 
| 215|0x000000008d700000, 0x000000008d800000, 0x000000008d800000|100%| E|CS|TAMS 0x000000008d700000, 0x000000008d700000| Complete 
| 216|0x000000008d800000, 0x000000008d900000, 0x000000008d900000|100%| E|CS|TAMS 0x000000008d800000, 0x000000008d800000| Complete 
| 217|0x000000008d900000, 0x000000008da00000, 0x000000008da00000|100%| E|CS|TAMS 0x000000008d900000, 0x000000008d900000| Complete 
| 218|0x000000008da00000, 0x000000008db00000, 0x000000008db00000|100%| E|CS|TAMS 0x000000008da00000, 0x000000008da00000| Complete 
| 219|0x000000008db00000, 0x000000008dc00000, 0x000000008dc00000|100%| E|CS|TAMS 0x000000008db00000, 0x000000008db00000| Complete 
| 220|0x000000008dc00000, 0x000000008dd00000, 0x000000008dd00000|100%| E|CS|TAMS 0x000000008dc00000, 0x000000008dc00000| Complete 
| 221|0x000000008dd00000, 0x000000008de00000, 0x000000008de00000|100%| E|CS|TAMS 0x000000008dd00000, 0x000000008dd00000| Complete 
| 222|0x000000008de00000, 0x000000008df00000, 0x000000008df00000|100%| E|CS|TAMS 0x000000008de00000, 0x000000008de00000| Complete 
| 223|0x000000008df00000, 0x000000008e000000, 0x000000008e000000|100%| E|CS|TAMS 0x000000008df00000, 0x000000008df00000| Complete 
| 224|0x000000008e000000, 0x000000008e100000, 0x000000008e100000|100%| E|CS|TAMS 0x000000008e000000, 0x000000008e000000| Complete 
| 225|0x000000008e100000, 0x000000008e200000, 0x000000008e200000|100%| E|CS|TAMS 0x000000008e100000, 0x000000008e100000| Complete 
| 226|0x000000008e200000, 0x000000008e300000, 0x000000008e300000|100%| E|CS|TAMS 0x000000008e200000, 0x000000008e200000| Complete 
| 227|0x000000008e300000, 0x000000008e400000, 0x000000008e400000|100%| E|CS|TAMS 0x000000008e300000, 0x000000008e300000| Complete 
| 228|0x000000008e400000, 0x000000008e500000, 0x000000008e500000|100%| E|CS|TAMS 0x000000008e400000, 0x000000008e400000| Complete 
| 229|0x000000008e500000, 0x000000008e600000, 0x000000008e600000|100%| E|CS|TAMS 0x000000008e500000, 0x000000008e500000| Complete 
| 230|0x000000008e600000, 0x000000008e700000, 0x000000008e700000|100%| E|CS|TAMS 0x000000008e600000, 0x000000008e600000| Complete 
| 231|0x000000008e700000, 0x000000008e800000, 0x000000008e800000|100%| E|CS|TAMS 0x000000008e700000, 0x000000008e700000| Complete 
| 232|0x000000008e800000, 0x000000008e900000, 0x000000008e900000|100%| E|CS|TAMS 0x000000008e800000, 0x000000008e800000| Complete 
| 233|0x000000008e900000, 0x000000008ea00000, 0x000000008ea00000|100%| E|CS|TAMS 0x000000008e900000, 0x000000008e900000| Complete 
| 234|0x000000008ea00000, 0x000000008eb00000, 0x000000008eb00000|100%| E|CS|TAMS 0x000000008ea00000, 0x000000008ea00000| Complete 
| 235|0x000000008eb00000, 0x000000008ec00000, 0x000000008ec00000|100%| E|CS|TAMS 0x000000008eb00000, 0x000000008eb00000| Complete 
| 236|0x000000008ec00000, 0x000000008ed00000, 0x000000008ed00000|100%| E|CS|TAMS 0x000000008ec00000, 0x000000008ec00000| Complete 
| 237|0x000000008ed00000, 0x000000008ee00000, 0x000000008ee00000|100%| E|CS|TAMS 0x000000008ed00000, 0x000000008ed00000| Complete 
| 238|0x000000008ee00000, 0x000000008ef00000, 0x000000008ef00000|100%| E|CS|TAMS 0x000000008ee00000, 0x000000008ee00000| Complete 
| 239|0x000000008ef00000, 0x000000008f000000, 0x000000008f000000|100%| E|CS|TAMS 0x000000008ef00000, 0x000000008ef00000| Complete 
| 240|0x000000008f000000, 0x000000008f100000, 0x000000008f100000|100%| E|CS|TAMS 0x000000008f000000, 0x000000008f000000| Complete 
| 241|0x000000008f100000, 0x000000008f200000, 0x000000008f200000|100%| E|CS|TAMS 0x000000008f100000, 0x000000008f100000| Complete 
| 242|0x000000008f200000, 0x000000008f300000, 0x000000008f300000|100%| E|CS|TAMS 0x000000008f200000, 0x000000008f200000| Complete 
| 243|0x000000008f300000, 0x000000008f400000, 0x000000008f400000|100%| E|CS|TAMS 0x000000008f300000, 0x000000008f300000| Complete 
| 244|0x000000008f400000, 0x000000008f500000, 0x000000008f500000|100%| E|CS|TAMS 0x000000008f400000, 0x000000008f400000| Complete 
| 245|0x000000008f500000, 0x000000008f600000, 0x000000008f600000|100%| E|CS|TAMS 0x000000008f500000, 0x000000008f500000| Complete 
| 246|0x000000008f600000, 0x000000008f700000, 0x000000008f700000|100%| E|CS|TAMS 0x000000008f600000, 0x000000008f600000| Complete 
| 247|0x000000008f700000, 0x000000008f800000, 0x000000008f800000|100%| E|CS|TAMS 0x000000008f700000, 0x000000008f700000| Complete 
| 248|0x000000008f800000, 0x000000008f900000, 0x000000008f900000|100%| E|CS|TAMS 0x000000008f800000, 0x000000008f800000| Complete 
| 249|0x000000008f900000, 0x000000008fa00000, 0x000000008fa00000|100%| E|CS|TAMS 0x000000008f900000, 0x000000008f900000| Complete 
| 250|0x000000008fa00000, 0x000000008fb00000, 0x000000008fb00000|100%| E|CS|TAMS 0x000000008fa00000, 0x000000008fa00000| Complete 
| 251|0x000000008fb00000, 0x000000008fc00000, 0x000000008fc00000|100%| E|CS|TAMS 0x000000008fb00000, 0x000000008fb00000| Complete 
| 252|0x000000008fc00000, 0x000000008fd00000, 0x000000008fd00000|100%| E|CS|TAMS 0x000000008fc00000, 0x000000008fc00000| Complete 
| 253|0x000000008fd00000, 0x000000008fe00000, 0x000000008fe00000|100%| E|CS|TAMS 0x000000008fd00000, 0x000000008fd00000| Complete 
| 254|0x000000008fe00000, 0x000000008ff00000, 0x000000008ff00000|100%| E|CS|TAMS 0x000000008fe00000, 0x000000008fe00000| Complete 
| 255|0x000000008ff00000, 0x0000000090000000, 0x0000000090000000|100%| E|CS|TAMS 0x000000008ff00000, 0x000000008ff00000| Complete 

Card table byte_map: [0x00000227de2b0000,0x00000227de6b0000] _byte_map_base: 0x00000227ddeb0000

Marking Bits (Prev, Next): (CMBitMap*) 0x00000227c9598d68, (CMBitMap*) 0x00000227c9598da0
 Prev Bits: [0x00000227deab0000, 0x00000227e0ab0000)
 Next Bits: [0x00000227e0ab0000, 0x00000227e2ab0000)

Polling page: 0x00000227c95b0000

Metaspace:

Usage:
  Non-class:     50.23 MB capacity,    49.45 MB ( 98%) used,   649.15 KB (  1%) free+waste,   151.13 KB ( <1%) overhead. 
      Class:      7.71 MB capacity,     7.22 MB ( 94%) used,   430.40 KB (  5%) free+waste,    71.19 KB ( <1%) overhead. 
       Both:     57.93 MB capacity,    56.66 MB ( 98%) used,     1.05 MB (  2%) free+waste,   222.31 KB ( <1%) overhead. 

Virtual space:
  Non-class space:       52.00 MB reserved,      50.25 MB ( 97%) committed 
      Class space:        1.00 GB reserved,       7.75 MB ( <1%) committed 
             Both:        1.05 GB reserved,      58.00 MB (  5%) committed 

Chunk freelists:
   Non-Class:  21.00 KB
       Class:  14.00 KB
        Both:  35.00 KB

MaxMetaspaceSize: 17179869184.00 GB
CompressedClassSpaceSize: 1.00 GB
Initial GC threshold: 20.80 MB
Current GC threshold: 58.96 MB
CDS: off

CodeHeap 'non-profiled nmethods': size=120064Kb used=3336Kb max_used=3336Kb free=116727Kb
 bounds [0x00000227d6440000, 0x00000227d6790000, 0x00000227dd980000]
CodeHeap 'profiled nmethods': size=120000Kb used=12704Kb max_used=12704Kb free=107295Kb
 bounds [0x00000227cef10000, 0x00000227cfb80000, 0x00000227d6440000]
CodeHeap 'non-nmethods': size=5696Kb used=2320Kb max_used=2343Kb free=3375Kb
 bounds [0x00000227ce980000, 0x00000227cebf0000, 0x00000227cef10000]
 total_blobs=6809 nmethods=5990 adapters=731
 compilation: enabled
              stopped_count=0, restarted_count=0
 full_count=0

Compilation events (20 events):
Event: 16.424 Thread 0x00000227e5a4c000 5975       3       org.gradle.api.internal.provider.sources.AbstractPropertyValueSource$Parameters_Decorated::getPropertyName (34 bytes)
Event: 16.425 Thread 0x00000227e5a4c000 nmethod 5975 0x00000227cfb4d310 code [0x00000227cfb4d540, 0x00000227cfb4dd58]
Event: 16.425 Thread 0x00000227e5a4c000 5973       3       com.google.common.collect.ImmutableMap$Builder::putAll (11 bytes)
Event: 16.425 Thread 0x00000227e5a4c000 nmethod 5973 0x00000227cfb4df90 code [0x00000227cfb4e160, 0x00000227cfb4e378]
Event: 16.426 Thread 0x00000227e5a4c000 5976       3       org.gradle.internal.concurrent.CompositeStoppable::<init> (16 bytes)
Event: 16.427 Thread 0x00000227e5a4c000 nmethod 5976 0x00000227cfb4e490 code [0x00000227cfb4e680, 0x00000227cfb4ea78]
Event: 16.429 Thread 0x00000227e5a4c000 5977       3       org.gradle.internal.concurrent.CompositeStoppable::stoppable (12 bytes)
Event: 16.429 Thread 0x00000227e5a4c000 nmethod 5977 0x00000227cfb4ec10 code [0x00000227cfb4ee40, 0x00000227cfb4f738]
Event: 16.429 Thread 0x00000227e5a4c000 5978       3       org.gradle.internal.concurrent.CompositeStoppable::add (35 bytes)
Event: 16.430 Thread 0x00000227e5a4c000 nmethod 5978 0x00000227cfb4fa90 code [0x00000227cfb4fc80, 0x00000227cfb50158]
Event: 16.430 Thread 0x00000227e5a4c000 5979       3       org.gradle.internal.dispatch.ProxyDispatchAdapter$DispatchingInvocationHandler::invoke (184 bytes)
Event: 16.434 Thread 0x00000227e5a4c000 nmethod 5979 0x00000227cfb50390 code [0x00000227cfb50880, 0x00000227cfb52f78]
Event: 16.474 Thread 0x00000227e5a4c000 5982       3       com.google.common.reflect.TypeResolver$TypeMappingIntrospector::getTypeMappings (33 bytes)
Event: 16.475 Thread 0x00000227e5a4c000 nmethod 5982 0x00000227cfb53c10 code [0x00000227cfb53ea0, 0x00000227cfb54b88]
Event: 16.475 Thread 0x00000227e5a4c000 5983       3       com.google.common.reflect.TypeResolver$TypeTable::where (115 bytes)
Event: 16.477 Thread 0x00000227e5a4c000 nmethod 5983 0x00000227cfb54f90 code [0x00000227cfb55320, 0x00000227cfb56e18]
Event: 16.477 Thread 0x00000227e5a4c000 5984       3       org.gradle.internal.instantiation.generator.AsmBackedClassGenerator$ClassBuilderImpl::maybeBox (49 bytes)
Event: 16.478 Thread 0x00000227e5a4c000 nmethod 5984 0x00000227cfb57690 code [0x00000227cfb578a0, 0x00000227cfb57e68]
Event: 16.478 Thread 0x00000227e5a4c000 5985       3       org.gradle.model.internal.asm.AsmClassGeneratorUtils::unboxOrCast (332 bytes)
Event: 16.481 Thread 0x00000227e5a4c000 nmethod 5985 0x00000227cfb58110 code [0x00000227cfb585e0, 0x00000227cfb5a358]

GC Heap History (18 events):
Event: 1.237 GC heap before
{Heap before GC invocations=0 (full 0):
 garbage-first heap   total 262144K, used 19456K [0x0000000080000000, 0x0000000100000000)
  region size 1024K, 14 young (14336K), 0 survivors (0K)
 Metaspace       used 6767K, capacity 7001K, committed 7168K, reserved 1056768K
  class space    used 584K, capacity 650K, committed 768K, reserved 1048576K
}
Event: 1.245 GC heap after
{Heap after GC invocations=1 (full 0):
 garbage-first heap   total 262144K, used 7834K [0x0000000080000000, 0x0000000100000000)
  region size 1024K, 2 young (2048K), 2 survivors (2048K)
 Metaspace       used 6767K, capacity 7001K, committed 7168K, reserved 1056768K
  class space    used 584K, capacity 650K, committed 768K, reserved 1048576K
}
Event: 1.803 GC heap before
{Heap before GC invocations=1 (full 0):
 garbage-first heap   total 262144K, used 19098K [0x0000000080000000, 0x0000000100000000)
  region size 1024K, 13 young (13312K), 2 survivors (2048K)
 Metaspace       used 10263K, capacity 10565K, committed 10624K, reserved 1058816K
  class space    used 1072K, capacity 1139K, committed 1152K, reserved 1048576K
}
Event: 1.806 GC heap after
{Heap after GC invocations=2 (full 0):
 garbage-first heap   total 262144K, used 9955K [0x0000000080000000, 0x0000000100000000)
  region size 1024K, 2 young (2048K), 2 survivors (2048K)
 Metaspace       used 10263K, capacity 10565K, committed 10624K, reserved 1058816K
  class space    used 1072K, capacity 1139K, committed 1152K, reserved 1048576K
}
Event: 3.097 GC heap before
{Heap before GC invocations=2 (full 0):
 garbage-first heap   total 262144K, used 41699K [0x0000000080000000, 0x0000000100000000)
  region size 1024K, 33 young (33792K), 2 survivors (2048K)
 Metaspace       used 11230K, capacity 11520K, committed 11776K, reserved 1060864K
  class space    used 1175K, capacity 1244K, committed 1280K, reserved 1048576K
}
Event: 3.102 GC heap after
{Heap after GC invocations=3 (full 0):
 garbage-first heap   total 262144K, used 11851K [0x0000000080000000, 0x0000000100000000)
  region size 1024K, 4 young (4096K), 4 survivors (4096K)
 Metaspace       used 11230K, capacity 11520K, committed 11776K, reserved 1060864K
  class space    used 1175K, capacity 1244K, committed 1280K, reserved 1048576K
}
Event: 4.713 GC heap before
{Heap before GC invocations=3 (full 0):
 garbage-first heap   total 262144K, used 56907K [0x0000000080000000, 0x0000000100000000)
  region size 1024K, 48 young (49152K), 4 survivors (4096K)
 Metaspace       used 18143K, capacity 18563K, committed 18688K, reserved 1064960K
  class space    used 2163K, capacity 2276K, committed 2304K, reserved 1048576K
}
Event: 4.723 GC heap after
{Heap after GC invocations=4 (full 0):
 garbage-first heap   total 262144K, used 16551K [0x0000000080000000, 0x0000000100000000)
  region size 1024K, 6 young (6144K), 6 survivors (6144K)
 Metaspace       used 18143K, capacity 18563K, committed 18688K, reserved 1064960K
  class space    used 2163K, capacity 2276K, committed 2304K, reserved 1048576K
}
Event: 5.153 GC heap before
{Heap before GC invocations=4 (full 0):
 garbage-first heap   total 262144K, used 40103K [0x0000000080000000, 0x0000000100000000)
  region size 1024K, 30 young (30720K), 6 survivors (6144K)
 Metaspace       used 20628K, capacity 21117K, committed 21296K, reserved 1069056K
  class space    used 2539K, capacity 2680K, committed 2688K, reserved 1048576K
}
Event: 5.164 GC heap after
{Heap after GC invocations=5 (full 0):
 garbage-first heap   total 262144K, used 18112K [0x0000000080000000, 0x0000000100000000)
  region size 1024K, 1 young (1024K), 1 survivors (1024K)
 Metaspace       used 20628K, capacity 21117K, committed 21296K, reserved 1069056K
  class space    used 2539K, capacity 2680K, committed 2688K, reserved 1048576K
}
Event: 6.506 GC heap before
{Heap before GC invocations=6 (full 0):
 garbage-first heap   total 262144K, used 75456K [0x0000000080000000, 0x0000000100000000)
  region size 1024K, 58 young (59392K), 1 survivors (1024K)
 Metaspace       used 26855K, capacity 27506K, committed 27648K, reserved 1073152K
  class space    used 3502K, capacity 3735K, committed 3840K, reserved 1048576K
}
Event: 6.512 GC heap after
{Heap after GC invocations=7 (full 0):
 garbage-first heap   total 262144K, used 20007K [0x0000000080000000, 0x0000000100000000)
  region size 1024K, 3 young (3072K), 3 survivors (3072K)
 Metaspace       used 26855K, capacity 27506K, committed 27648K, reserved 1073152K
  class space    used 3502K, capacity 3735K, committed 3840K, reserved 1048576K
}
Event: 8.431 GC heap before
{Heap before GC invocations=7 (full 0):
 garbage-first heap   total 262144K, used 76327K [0x0000000080000000, 0x0000000100000000)
  region size 1024K, 59 young (60416K), 3 survivors (3072K)
 Metaspace       used 35065K, capacity 35831K, committed 35968K, reserved 1081344K
  class space    used 4551K, capacity 4875K, committed 4992K, reserved 1048576K
}
Event: 8.445 GC heap after
{Heap after GC invocations=8 (full 0):
 garbage-first heap   total 262144K, used 23177K [0x0000000080000000, 0x0000000100000000)
  region size 1024K, 6 young (6144K), 6 survivors (6144K)
 Metaspace       used 35065K, capacity 35831K, committed 35968K, reserved 1081344K
  class space    used 4551K, capacity 4875K, committed 4992K, reserved 1048576K
}
Event: 10.954 GC heap before
{Heap before GC invocations=9 (full 0):
 garbage-first heap   total 262144K, used 114313K [0x0000000080000000, 0x0000000100000000)
  region size 1024K, 93 young (95232K), 6 survivors (6144K)
 Metaspace       used 42578K, capacity 43632K, committed 43776K, reserved 1087488K
  class space    used 5496K, capacity 5863K, committed 5888K, reserved 1048576K
}
Event: 10.975 GC heap after
{Heap after GC invocations=10 (full 0):
 garbage-first heap   total 262144K, used 29325K [0x0000000080000000, 0x0000000100000000)
  region size 1024K, 12 young (12288K), 12 survivors (12288K)
 Metaspace       used 42578K, capacity 43632K, committed 43776K, reserved 1087488K
  class space    used 5496K, capacity 5863K, committed 5888K, reserved 1048576K
}
Event: 14.337 GC heap before
{Heap before GC invocations=10 (full 0):
 garbage-first heap   total 262144K, used 151181K [0x0000000080000000, 0x0000000100000000)
  region size 1024K, 123 young (125952K), 12 survivors (12288K)
 Metaspace       used 48916K, capacity 50087K, committed 50304K, reserved 1093632K
  class space    used 6256K, capacity 6726K, committed 6784K, reserved 1048576K
}
Event: 14.382 GC heap after
{Heap after GC invocations=11 (full 0):
 garbage-first heap   total 262144K, used 50455K [0x0000000080000000, 0x0000000100000000)
  region size 1024K, 16 young (16384K), 16 survivors (16384K)
 Metaspace       used 48916K, capacity 50087K, committed 50304K, reserved 1093632K
  class space    used 6256K, capacity 6726K, committed 6784K, reserved 1048576K
}

Deoptimization events (20 events):
Event: 15.680 Thread 0x00000227e6d96800 DEOPT PACKING pc=0x00000227cf178097 sp=0x000000ecc14f6560
Event: 15.680 Thread 0x00000227e6d96800 DEOPT UNPACKING pc=0x00000227ce9ca95e sp=0x000000ecc14f5ae8 mode 0
Event: 15.688 Thread 0x00000227e6d96800 DEOPT PACKING pc=0x00000227cf178097 sp=0x000000ecc14f6560
Event: 15.688 Thread 0x00000227e6d96800 DEOPT UNPACKING pc=0x00000227ce9ca95e sp=0x000000ecc14f5ae8 mode 0
Event: 15.692 Thread 0x00000227e6d96800 DEOPT PACKING pc=0x00000227cf178097 sp=0x000000ecc14f6560
Event: 15.692 Thread 0x00000227e6d96800 DEOPT UNPACKING pc=0x00000227ce9ca95e sp=0x000000ecc14f5ae8 mode 0
Event: 15.695 Thread 0x00000227e6d96800 DEOPT PACKING pc=0x00000227cf178097 sp=0x000000ecc14f67b0
Event: 15.695 Thread 0x00000227e6d96800 DEOPT UNPACKING pc=0x00000227ce9ca95e sp=0x000000ecc14f5d38 mode 0
Event: 15.697 Thread 0x00000227e6d96800 DEOPT PACKING pc=0x00000227cf178097 sp=0x000000ecc14f64e0
Event: 15.697 Thread 0x00000227e6d96800 DEOPT UNPACKING pc=0x00000227ce9ca95e sp=0x000000ecc14f5a68 mode 0
Event: 15.712 Thread 0x00000227e6d96800 DEOPT PACKING pc=0x00000227cf178097 sp=0x000000ecc14f64e0
Event: 15.712 Thread 0x00000227e6d96800 DEOPT UNPACKING pc=0x00000227ce9ca95e sp=0x000000ecc14f5a68 mode 0
Event: 15.762 Thread 0x00000227e6d96800 Uncommon trap: trap_request=0xffffff4d fr.pc=0x00000227d67622a4 relative=0x00000000000001e4
Event: 15.762 Thread 0x00000227e6d96800 Uncommon trap: reason=unstable_if action=reinterpret pc=0x00000227d67622a4 method=org.apache.xerces.dom.DeferredDocumentImpl.clearChunkValue([[Ljava/lang/Object;II)Ljava/lang/String; @ 59 c2
Event: 15.762 Thread 0x00000227e6d96800 DEOPT PACKING pc=0x00000227d67622a4 sp=0x000000ecc14f6ed0
Event: 15.762 Thread 0x00000227e6d96800 DEOPT UNPACKING pc=0x00000227ce9ca1af sp=0x000000ecc14f6e70 mode 2
Event: 15.896 Thread 0x00000227e6d96800 Uncommon trap: trap_request=0xffffff4d fr.pc=0x00000227d6741008 relative=0x0000000000000328
Event: 15.896 Thread 0x00000227e6d96800 Uncommon trap: reason=unstable_if action=reinterpret pc=0x00000227d6741008 method=org.gradle.internal.instantiation.generator.AbstractClassGenerator$InjectionAnnotationValidator.validateMethod(Ljava/lang/reflect/Method;Lorg/gradle/internal/reflect/Propert
Event: 15.896 Thread 0x00000227e6d96800 DEOPT PACKING pc=0x00000227d6741008 sp=0x000000ecc14f7b40
Event: 15.896 Thread 0x00000227e6d96800 DEOPT UNPACKING pc=0x00000227ce9ca1af sp=0x000000ecc14f7b08 mode 2

Classes redefined (0 events):
No events

Internal exceptions (20 events):
Event: 14.487 Thread 0x00000227e6d96800 Exception <a 'java/lang/NoSuchMethodError'{0x000000008fbc6f88}: 'long java.lang.invoke.DirectMethodHandle$Holder.invokeVirtual(java.lang.Object, java.lang.Object)'> (0x000000008fbc6f88) thrown at [./src/hotspot/share/interpreter/linkResolver.cpp, line 773]
Event: 14.497 Thread 0x00000227e5a4e800 Exception <a 'java/lang/NoSuchMethodError'{0x000000008ff086a8}: <clinit>> (0x000000008ff086a8) thrown at [./src/hotspot/share/prims/jni.cpp, line 1365]
Event: 14.506 Thread 0x00000227e5a4e800 Exception <a 'java/lang/NoSuchMethodError'{0x000000008fa88ff0}: <clinit>> (0x000000008fa88ff0) thrown at [./src/hotspot/share/prims/jni.cpp, line 1365]
Event: 14.506 Thread 0x00000227e5a4e800 Exception <a 'java/lang/NoSuchMethodError'{0x000000008fa8a100}: <clinit>> (0x000000008fa8a100) thrown at [./src/hotspot/share/prims/jni.cpp, line 1365]
Event: 14.506 Thread 0x00000227e5a4e800 Exception <a 'java/lang/NoSuchMethodError'{0x000000008fa8b408}: <clinit>> (0x000000008fa8b408) thrown at [./src/hotspot/share/prims/jni.cpp, line 1365]
Event: 14.506 Thread 0x00000227e5a4e800 Exception <a 'java/lang/NoSuchMethodError'{0x000000008fa8c428}: <clinit>> (0x000000008fa8c428) thrown at [./src/hotspot/share/prims/jni.cpp, line 1365]
Event: 14.508 Thread 0x00000227e5a4e800 Exception <a 'java/lang/NoSuchMethodError'{0x000000008fa9e708}: <clinit>> (0x000000008fa9e708) thrown at [./src/hotspot/share/prims/jni.cpp, line 1365]
Event: 14.512 Thread 0x00000227e5a4e800 Exception <a 'java/lang/NoSuchMethodError'{0x000000008faa8a70}: <clinit>> (0x000000008faa8a70) thrown at [./src/hotspot/share/prims/jni.cpp, line 1365]
Event: 14.517 Thread 0x00000227e5a4e800 Exception <a 'java/lang/NoSuchMethodError'{0x000000008fabc3b8}: <clinit>> (0x000000008fabc3b8) thrown at [./src/hotspot/share/prims/jni.cpp, line 1365]
Event: 14.546 Thread 0x00000227e6d96800 Exception <a 'java/lang/ClassNotFoundException'{0x000000008f956188}: build_5tu7uxcuvxc9dvwoxdh3m4767BeanInfo> (0x000000008f956188) thrown at [./src/hotspot/share/classfile/systemDictionary.cpp, line 231]
Event: 14.546 Thread 0x00000227e6d96800 Exception <a 'java/lang/ClassNotFoundException'{0x000000008f961140}: build_5tu7uxcuvxc9dvwoxdh3m4767Customizer> (0x000000008f961140) thrown at [./src/hotspot/share/classfile/systemDictionary.cpp, line 231]
Event: 14.587 Thread 0x00000227e6d96800 Exception <a 'java/lang/ClassNotFoundException'{0x000000008f723358}: org/gradle/api/internal/plugins/DefaultObjectConfigurationActionBeanInfo> (0x000000008f723358) thrown at [./src/hotspot/share/classfile/systemDictionary.cpp, line 231]
Event: 14.589 Thread 0x00000227e6d96800 Exception <a 'java/lang/ClassNotFoundException'{0x000000008f759960}: org/gradle/api/internal/plugins/DefaultObjectConfigurationActionCustomizer> (0x000000008f759960) thrown at [./src/hotspot/share/classfile/systemDictionary.cpp, line 231]
Event: 14.841 Thread 0x00000227e6d96800 Exception <a 'java/lang/NoSuchMethodError'{0x000000008edd1210}: 'java.lang.Object java.lang.invoke.DirectMethodHandle$Holder.invokeStatic(java.lang.Object, java.lang.Object, java.lang.Object, java.lang.Object, int)'> (0x000000008edd1210) thrown at [./src/hotspot/share/interpreter/linkResolver.cpp, line 773]
Event: 14.842 Thread 0x00000227e6d96800 Exception <a 'java/lang/NoSuchMethodError'{0x000000008edd5c08}: 'java.lang.Object java.lang.invoke.DirectMethodHandle$Holder.invokeSpecial(java.lang.Object, java.lang.Object, java.lang.Object, java.lang.Object, java.lang.Object, int)'> (0x000000008edd5c08) thrown at [./src/hotspot/share/interpreter/linkResolver.cpp, line 773]
Event: 14.842 Thread 0x00000227e6d96800 Exception <a 'java/lang/NoSuchMethodError'{0x000000008edda248}: 'java.lang.Object java.lang.invoke.Invokers$Holder.linkToTargetMethod(java.lang.Object, java.lang.Object, java.lang.Object, int, java.lang.Object)'> (0x000000008edda248) thrown at [./src/hotspot/share/interpreter/linkResolver.cpp, line 773]
Event: 15.326 Thread 0x00000227e6d96800 Exception <a 'java/lang/NoSuchMethodError'{0x000000008dded018}: 'java.lang.Object java.lang.invoke.DirectMethodHandle$Holder.invokeSpecial(java.lang.Object, java.lang.Object, int, int, java.lang.Object, java.lang.Object, java.lang.Object)'> (0x000000008dded018) thrown at [./src/hotspot/share/interpreter/linkResolver.cpp, line 773]
Event: 15.326 Thread 0x00000227e6d96800 Exception <a 'java/lang/NoSuchMethodError'{0x000000008ddf1598}: 'java.lang.Object java.lang.invoke.DelegatingMethodHandle$Holder.reinvoke_L(java.lang.Object, int, int, java.lang.Object, java.lang.Object, java.lang.Object)'> (0x000000008ddf1598) thrown at [./src/hotspot/share/interpreter/linkResolver.cpp, line 773]
Event: 15.871 Thread 0x00000227e6d96800 Exception <a 'java/lang/NoSuchMethodError'{0x000000008cf009a8}: 'int java.lang.invoke.DirectMethodHandle$Holder.invokeInterface(java.lang.Object, java.lang.Object, java.lang.Object, java.lang.Object)'> (0x000000008cf009a8) thrown at [./src/hotspot/share/interpreter/linkResolver.cpp, line 773]
Event: 16.430 Thread 0x00000227e6d96800 Exception <a 'java/lang/NoSuchMethodError'{0x000000008bf2efa8}: 'void java.lang.invoke.DirectMethodHandle$Holder.invokeInterface(java.lang.Object, java.lang.Object, java.lang.Object, java.lang.Object)'> (0x000000008bf2efa8) thrown at [./src/hotspot/share/interpreter/linkResolver.cpp, line 773]

Events (20 events):
Event: 16.458 loading class org/gradle/api/tasks/javadoc/Javadoc
Event: 16.458 loading class org/gradle/api/tasks/javadoc/Javadoc done
Event: 16.459 loading class org/gradle/api/tasks/SourceTask
Event: 16.459 loading class org/gradle/api/tasks/SourceTask done
Event: 16.460 loading class org/gradle/api/tasks/compile/AbstractCompile
Event: 16.460 loading class org/gradle/api/tasks/compile/AbstractCompile done
Event: 16.461 loading class org/gradle/api/tasks/testing/Test
Event: 16.461 loading class org/gradle/api/tasks/testing/Test done
Event: 16.464 loading class org/gradle/api/tasks/testing/AbstractTestTask
Event: 16.464 loading class org/gradle/api/tasks/testing/AbstractTestTask done
Event: 16.465 loading class org/gradle/api/tasks/VerificationTask
Event: 16.465 loading class org/gradle/api/tasks/VerificationTask done
Event: 16.466 loading class org/gradle/api/reporting/Reporting
Event: 16.466 loading class org/gradle/api/reporting/Reporting done
Event: 16.467 loading class org/gradle/api/tasks/compile/JavaCompile
Event: 16.467 loading class org/gradle/api/tasks/compile/JavaCompile done
Event: 16.469 loading class org/gradle/api/internal/tasks/compile/HasCompileOptions
Event: 16.469 loading class org/gradle/api/internal/tasks/compile/HasCompileOptions done
Event: 16.472 loading class org/gradle/api/internal/component/DefaultSoftwareComponentContainer
Event: 16.472 loading class org/gradle/api/internal/component/DefaultSoftwareComponentContainer done


Dynamic libraries:
0x00007ff606c10000 - 0x00007ff606c1a000 	C:\Program Files\JetBrains\apps\AndroidStudio\ch-0\212.5712.43.2112.8815526\jre\bin\java.exe
0x00007ffb4d810000 - 0x00007ffb4da08000 	C:\WINDOWS\SYSTEM32\ntdll.dll
0x00007ffb4c4d0000 - 0x00007ffb4c58f000 	C:\WINDOWS\System32\KERNEL32.DLL
0x00007ffb4b580000 - 0x00007ffb4b852000 	C:\WINDOWS\System32\KERNELBASE.dll
0x00007ffb4b370000 - 0x00007ffb4b470000 	C:\WINDOWS\System32\ucrtbase.dll
0x00007ffb2f8a0000 - 0x00007ffb2f8b9000 	C:\Program Files\JetBrains\apps\AndroidStudio\ch-0\212.5712.43.2112.8815526\jre\bin\jli.dll
0x00007ffb4c020000 - 0x00007ffb4c1bd000 	C:\WINDOWS\System32\USER32.dll
0x00007ffb4af40000 - 0x00007ffb4af62000 	C:\WINDOWS\System32\win32u.dll
0x00007ffb4c220000 - 0x00007ffb4c24b000 	C:\WINDOWS\System32\GDI32.dll
0x00007ffb4b260000 - 0x00007ffb4b36f000 	C:\WINDOWS\System32\gdi32full.dll
0x00007ffb4b4e0000 - 0x00007ffb4b57d000 	C:\WINDOWS\System32\msvcp_win.dll
0x00007ffb3db50000 - 0x00007ffb3ddea000 	C:\WINDOWS\WinSxS\amd64_microsoft.windows.common-controls_6595b64144ccf1df_6.0.19041.1110_none_60b5254171f9507e\COMCTL32.dll
0x00007ffb4bf00000 - 0x00007ffb4bf9e000 	C:\WINDOWS\System32\msvcrt.dll
0x00007ffb1ff40000 - 0x00007ffb1ff57000 	C:\Program Files\JetBrains\apps\AndroidStudio\ch-0\212.5712.43.2112.8815526\jre\bin\VCRUNTIME140.dll
0x00007ffb4bec0000 - 0x00007ffb4bef2000 	C:\WINDOWS\System32\IMM32.DLL
0x00007ffb4aae0000 - 0x00007ffb4abd7000 	C:\Windows\system32\guard64.dll
0x00007ffb4cfc0000 - 0x00007ffb4d06e000 	C:\WINDOWS\System32\ADVAPI32.dll
0x00007ffb4d130000 - 0x00007ffb4d1cc000 	C:\WINDOWS\System32\sechost.dll
0x00007ffb4ce90000 - 0x00007ffb4cfb5000 	C:\WINDOWS\System32\RPCRT4.dll
0x00007ffb4aad0000 - 0x00007ffb4aada000 	C:\WINDOWS\system32\version.dll
0x00007ffb4c270000 - 0x00007ffb4c39a000 	C:\WINDOWS\System32\ole32.dll
0x00007ffb4bb60000 - 0x00007ffb4beb4000 	C:\WINDOWS\System32\combase.dll
0x00007ffb4aac0000 - 0x00007ffb4aacb000 	C:\WINDOWS\system32\fltlib.dll
0x00007ffb4c740000 - 0x00007ffb4ce83000 	C:\WINDOWS\System32\shell32.dll
0x00007ffb1fc00000 - 0x00007ffb1fc9d000 	C:\Program Files\JetBrains\apps\AndroidStudio\ch-0\212.5712.43.2112.8815526\jre\bin\msvcp140.dll
0x00007ffae6010000 - 0x00007ffae6af5000 	C:\Program Files\JetBrains\apps\AndroidStudio\ch-0\212.5712.43.2112.8815526\jre\bin\server\jvm.dll
0x00007ffb4d120000 - 0x00007ffb4d128000 	C:\WINDOWS\System32\PSAPI.DLL
0x00007ffb47910000 - 0x00007ffb47919000 	C:\WINDOWS\SYSTEM32\WSOCK32.dll
0x00007ffb4d760000 - 0x00007ffb4d7cb000 	C:\WINDOWS\System32\WS2_32.dll
0x00007ffb41dc0000 - 0x00007ffb41de7000 	C:\WINDOWS\SYSTEM32\WINMM.dll
0x00007ffb48cd0000 - 0x00007ffb48ce2000 	C:\WINDOWS\SYSTEM32\kernel.appcore.dll
0x00007ffb34750000 - 0x00007ffb34761000 	C:\Program Files\JetBrains\apps\AndroidStudio\ch-0\212.5712.43.2112.8815526\jre\bin\verify.dll
0x00007ffb3eda0000 - 0x00007ffb3ef84000 	C:\WINDOWS\SYSTEM32\DBGHELP.DLL
0x00007ffb3ecb0000 - 0x00007ffb3ecdc000 	C:\WINDOWS\SYSTEM32\dbgcore.DLL
0x00007ffb4b0d0000 - 0x00007ffb4b152000 	C:\WINDOWS\System32\bcryptPrimitives.dll
0x00007ffb34540000 - 0x00007ffb34569000 	C:\Program Files\JetBrains\apps\AndroidStudio\ch-0\212.5712.43.2112.8815526\jre\bin\java.dll
0x00007ffb47900000 - 0x00007ffb4790b000 	C:\Program Files\JetBrains\apps\AndroidStudio\ch-0\212.5712.43.2112.8815526\jre\bin\jimage.dll
0x00007ffb306e0000 - 0x00007ffb306f8000 	C:\Program Files\JetBrains\apps\AndroidStudio\ch-0\212.5712.43.2112.8815526\jre\bin\zip.dll
0x00007ffb48ed0000 - 0x00007ffb49662000 	C:\WINDOWS\SYSTEM32\windows.storage.dll
0x00007ffb4a770000 - 0x00007ffb4a7a0000 	C:\WINDOWS\SYSTEM32\Wldp.dll
0x00007ffb4d070000 - 0x00007ffb4d11d000 	C:\WINDOWS\System32\SHCORE.dll
0x00007ffb4c1c0000 - 0x00007ffb4c215000 	C:\WINDOWS\System32\shlwapi.dll
0x00007ffb4ae50000 - 0x00007ffb4ae6f000 	C:\WINDOWS\SYSTEM32\profapi.dll
0x00007ffb30630000 - 0x00007ffb3064a000 	C:\Program Files\JetBrains\apps\AndroidStudio\ch-0\212.5712.43.2112.8815526\jre\bin\net.dll
0x00007ffb44060000 - 0x00007ffb4416c000 	C:\WINDOWS\SYSTEM32\WINHTTP.dll
0x00007ffb4a4d0000 - 0x00007ffb4a53a000 	C:\WINDOWS\system32\mswsock.dll
0x00007ffb30610000 - 0x00007ffb30624000 	C:\Program Files\JetBrains\apps\AndroidStudio\ch-0\212.5712.43.2112.8815526\jre\bin\nio.dll
0x00007ffb3da10000 - 0x00007ffb3da37000 	C:\Users\SM\.gradle\native\e1d6ef7f7dcc3fd88c89a11ec53ec762bb8ba0a96d01ffa2cd45eb1d1d8dd5c5\windows-amd64\native-platform.dll
0x00007ffb20010000 - 0x00007ffb20154000 	C:\Users\SM\.gradle\native\5664cfc778a61ccfe75a443a1ab52a65af34e5dc3c78e0209fed803814484fcb\windows-amd64\native-platform-file-events.dll
0x00007ffb3ac40000 - 0x00007ffb3ac4a000 	C:\Program Files\JetBrains\apps\AndroidStudio\ch-0\212.5712.43.2112.8815526\jre\bin\management.dll
0x00007ffb3a990000 - 0x00007ffb3a99d000 	C:\Program Files\JetBrains\apps\AndroidStudio\ch-0\212.5712.43.2112.8815526\jre\bin\management_ext.dll
0x00007ffb4a6c0000 - 0x00007ffb4a6d8000 	C:\WINDOWS\SYSTEM32\CRYPTSP.dll
0x00007ffb49df0000 - 0x00007ffb49e24000 	C:\WINDOWS\system32\rsaenh.dll
0x00007ffb4af10000 - 0x00007ffb4af37000 	C:\WINDOWS\System32\bcrypt.dll
0x00007ffb4ae10000 - 0x00007ffb4ae3e000 	C:\WINDOWS\SYSTEM32\USERENV.dll
0x00007ffb4a6e0000 - 0x00007ffb4a6ec000 	C:\WINDOWS\SYSTEM32\CRYPTBASE.dll
0x00007ffb4a1c0000 - 0x00007ffb4a1fb000 	C:\WINDOWS\SYSTEM32\IPHLPAPI.DLL
0x00007ffb4bb40000 - 0x00007ffb4bb48000 	C:\WINDOWS\System32\NSI.dll
0x00007ffb45680000 - 0x00007ffb45697000 	C:\WINDOWS\SYSTEM32\dhcpcsvc6.DLL
0x00007ffb45660000 - 0x00007ffb4567d000 	C:\WINDOWS\SYSTEM32\dhcpcsvc.DLL
0x00007ffb4a210000 - 0x00007ffb4a2da000 	C:\WINDOWS\SYSTEM32\DNSAPI.dll

dbghelp: loaded successfully - version: 4.0.5 - missing functions: none
symbol engine: initialized successfully - sym options: 0x614 - pdb path: .;C:\Program Files\JetBrains\apps\AndroidStudio\ch-0\212.5712.43.2112.8815526\jre\bin;C:\WINDOWS\SYSTEM32;C:\WINDOWS\WinSxS\amd64_microsoft.windows.common-controls_6595b64144ccf1df_6.0.19041.1110_none_60b5254171f9507e;C:\Program Files\JetBrains\apps\AndroidStudio\ch-0\212.5712.43.2112.8815526\jre\bin\server;C:\Users\SM\.gradle\native\e1d6ef7f7dcc3fd88c89a11ec53ec762bb8ba0a96d01ffa2cd45eb1d1d8dd5c5\windows-amd64;C:\Users\SM\.gradle\native\5664cfc778a61ccfe75a443a1ab52a65af34e5dc3c78e0209fed803814484fcb\windows-amd64

VM Arguments:
jvm_args: --add-opens=java.base/java.util=ALL-UNNAMED --add-opens=java.base/java.lang=ALL-UNNAMED --add-opens=java.base/java.lang.invoke=ALL-UNNAMED --add-opens=java.base/java.util=ALL-UNNAMED --add-opens=java.prefs/java.util.prefs=ALL-UNNAMED --add-opens=java.prefs/java.util.prefs=ALL-UNNAMED --add-opens=java.base/java.nio.charset=ALL-UNNAMED --add-opens=java.base/java.net=ALL-UNNAMED --add-opens=java.base/java.util.concurrent.atomic=ALL-UNNAMED -Xmx2048m -Dfile.encoding=UTF-8 -Duser.country=RU -Duser.language=ru -Duser.variant 
java_command: org.gradle.launcher.daemon.bootstrap.GradleDaemon 7.3.3
java_class_path (initial): C:\Users\SM\.gradle\wrapper\dists\gradle-7.3.3-bin\6a41zxkdtcxs8rphpq6y0069z\gradle-7.3.3\lib\gradle-launcher-7.3.3.jar
Launcher Type: SUN_STANDARD

[Global flags]
     intx CICompilerCount                          = 3                                         {product} {ergonomic}
     uint ConcGCThreads                            = 1                                         {product} {ergonomic}
     uint G1ConcRefinementThreads                  = 4                                         {product} {ergonomic}
   size_t G1HeapRegionSize                         = 1048576                                   {product} {ergonomic}
    uintx GCDrainStackTargetSize                   = 64                                        {product} {ergonomic}
   size_t InitialHeapSize                          = 268435456                                 {product} {ergonomic}
   size_t MarkStackSize                            = 4194304                                   {product} {ergonomic}
   size_t MaxHeapSize                              = 2147483648                                {product} {command line}
   size_t MaxNewSize                               = 1287651328                                {product} {ergonomic}
   size_t MinHeapDeltaBytes                        = 1048576                                   {product} {ergonomic}
    uintx NonNMethodCodeHeapSize                   = 5830732                                {pd product} {ergonomic}
    uintx NonProfiledCodeHeapSize                  = 122913754                              {pd product} {ergonomic}
    uintx ProfiledCodeHeapSize                     = 122913754                              {pd product} {ergonomic}
    uintx ReservedCodeCacheSize                    = 251658240                              {pd product} {ergonomic}
     bool SegmentedCodeCache                       = true                                      {product} {ergonomic}
     bool UseCompressedClassPointers               = true                                 {lp64_product} {ergonomic}
     bool UseCompressedOops                        = true                                 {lp64_product} {ergonomic}
     bool UseG1GC                                  = true                                      {product} {ergonomic}
     bool UseLargePagesIndividualAllocation        = false                                  {pd product} {ergonomic}

Logging:
Log output configuration:
 #0: stdout all=warning uptime,level,tags
 #1: stderr all=off uptime,level,tags

Environment Variables:
JAVA_HOME=C:\Program Files\Eclipse Adoptium\jdk-11.0.16.101-hotspot\
PATH=C:\Program Files\Eclipse Adoptium\jdk-11.0.16.101-hotspot\bin;C:\Program Files\Common Files\Oracle\Java\javapath;C:\Program Files (x86)\Common Files\Oracle\Java\javapath;C:\WINDOWS\system32;C:\WINDOWS;C:\WINDOWS\System32\Wbem;C:\WINDOWS\System32\WindowsPowerShell\v1.0\;C:\WINDOWS\System32\OpenSSH\;C:\Program Files (x86)\NVIDIA Corporation\PhysX\Common;C:\WINDOWS\system32;C:\WINDOWS;C:\WINDOWS\System32\Wbem;C:\WINDOWS\System32\WindowsPowerShell\v1.0\;C:\WINDOWS\System32\OpenSSH\;C:\Users\SM\AppData\Local\Programs\Python\Python39\Scripts\;C:\Users\SM\AppData\Local\Programs\Python\Python39\;C:\Users\SM\AppData\Local\Microsoft\WindowsApps;C:\Users\SM\AppData\Local\Programs\Microsoft VS Code\bin;C:\Users\SM\AppData\Local\atom\bin;C:\adb;C:\Program Files\Git\cmd;C:\Users\SM\AppData\Local\Programs\Python\Python39\Scripts\;C:\Users\SM\AppData\Local\Programs\Python\Python39\;C:\Users\SM\AppData\Local\Microsoft\WindowsApps;C:\Users\SM\AppData\Local\Programs\Microsoft VS Code\bin;C:\Users\SM\AppData\Local\atom\bin;C:\Users\SM\AppData\Local\JetBrains\Toolbox\scripts;C:\Users\SM\AppData\Local\GitHubDesktop\bin
USERNAME=SM
OS=Windows_NT
PROCESSOR_IDENTIFIER=Intel64 Family 6 Model 42 Stepping 7, GenuineIntel



---------------  S Y S T E M  ---------------

OS: Windows 10 , 64 bit Build 19041 (10.0.19041.2251)
OS uptime: 4 days 3:09 hours

CPU:total 4 (initial active 4) (2 cores per cpu, 2 threads per core) family 6 model 42 stepping 7 microcode 0x2f, cmov, cx8, fxsr, mmx, sse, sse2, sse3, ssse3, sse4.1, sse4.2, popcnt, avx, clmul, ht, tsc, tscinvbit

Memory: 4k page, system-wide physical 16265M (3129M free)
TotalPageFile size 16265M (AvailPageFile size 5M)
current process WorkingSet (physical memory assigned to process): 364M, peak: 364M
current process commit charge ("private bytes"): 478M, peak: 478M

vm_info: OpenJDK 64-Bit Server VM (11.0.12+7-b1504.28-7817840) for windows-amd64 JRE (11.0.12+7-b1504.28-7817840), built on Oct 13 2021 22:12:33 by "builder" with MS VC++ 14.0 (VS2015)

END.
