#
# There is insufficient memory for the Java Runtime Environment to continue.
# Native memory allocation (mmap) failed to map 65011712 bytes for Failed to commit area from 0x0000000093400000 to 0x0000000097200000 of length 65011712.
# Possible reasons:
#   The system is out of physical RAM or swap space
#   The process is running with CompressedOops enabled, and the Java Heap may be blocking the growth of the native heap
# Possible solutions:
#   Reduce memory load on the system
#   Increase physical memory or swap space
#   Check if swap backing store is full
#   Decrease Java heap size (-Xmx/-Xms)
#   Decrease number of Java threads
#   Decrease Java thread stack sizes (-Xss)
#   Set larger code cache with -XX:ReservedCodeCacheSize=
#   JVM is running with Unscaled Compressed Oops mode in which the Java heap is
#     placed in the first 4GB address space. The Java Heap base address is the
#     maximum limit for the native heap growth. Please use -XX:HeapBaseMinAddress
#     to set the Java Heap base and to place the Java Heap above 4GB virtual address.
# This output file may be truncated or incomplete.
#
#  Out of Memory Error (./src/hotspot/os/windows/os_windows.cpp:3521), pid=6640, tid=7080
#
# JRE version: OpenJDK Runtime Environment (11.0.12+7) (build 11.0.12+7-b1504.28-7817840)
# Java VM: OpenJDK 64-Bit Server VM (11.0.12+7-b1504.28-7817840, mixed mode, tiered, compressed oops, g1 gc, windows-amd64)
# No core dump will be written. Minidumps are not enabled by default on client versions of Windows
#

---------------  S U M M A R Y ------------

Command Line: --add-opens=java.base/java.util=ALL-UNNAMED --add-opens=java.base/java.lang=ALL-UNNAMED --add-opens=java.base/java.lang.invoke=ALL-UNNAMED --add-opens=java.base/java.util=ALL-UNNAMED --add-opens=java.prefs/java.util.prefs=ALL-UNNAMED --add-opens=java.prefs/java.util.prefs=ALL-UNNAMED --add-opens=java.base/java.nio.charset=ALL-UNNAMED --add-opens=java.base/java.net=ALL-UNNAMED --add-opens=java.base/java.util.concurrent.atomic=ALL-UNNAMED -Xmx2048m -Dfile.encoding=UTF-8 -Duser.country=RU -Duser.language=ru -Duser.variant org.gradle.launcher.daemon.bootstrap.GradleDaemon 7.3.3

Host: Intel(R) Core(TM) i3-2120 CPU @ 3.30GHz, 4 cores, 15G,  Windows 10 , 64 bit Build 19041 (10.0.19041.2251)
Time: Sat Dec 10 20:29:50 2022 RTZ 4 (зима) elapsed time: 73.465581 seconds (0d 0h 1m 13s)

---------------  T H R E A D  ---------------

Current thread (0x000001c643c29800):  VMThread "VM Thread" [stack: 0x0000003785100000,0x0000003785200000] [id=7080]

Stack: [0x0000003785100000,0x0000003785200000]
[error occurred during error reporting (printing stack bounds), id 0xc0000005, EXCEPTION_ACCESS_VIOLATION (0xc0000005) at pc=0x000001c62d5f112d]

Native frames: (J=compiled Java code, j=interpreted, Vv=VM code, C=native code)
V  [jvm.dll+0x5fbcea]
V  [jvm.dll+0x731905]
V  [jvm.dll+0x732f1d]
V  [jvm.dll+0x733535]
V  [jvm.dll+0x7334eb]
V  [jvm.dll+0x5fb080]
V  [jvm.dll+0x5fb818]
C  [ntdll.dll+0xa241f]
C  [ntdll.dll+0x514a4]
C  [ntdll.dll+0xa0f4e]
C  0x000001c62d5f112d

VM_Operation (0x00000037891f9080): G1CollectForAllocation, mode: safepoint, requested by thread 0x000001c6499e2000


---------------  P R O C E S S  ---------------

Threads class SMR info:
_java_thread_list=0x000001c64d844700, length=89, elements={
0x000001c629a8e000, 0x000001c643c2d800, 0x000001c644713800, 0x000001c64472b800,
0x000001c64472c800, 0x000001c64472e800, 0x000001c644776800, 0x000001c64477e000,
0x000001c644788000, 0x000001c6448f7800, 0x000001c645ea8800, 0x000001c647624800,
0x000001c64683f800, 0x000001c645ec4000, 0x000001c646f9b800, 0x000001c645e75000,
0x000001c6471dd800, 0x000001c64611f000, 0x000001c646802800, 0x000001c646802000,
0x000001c646806000, 0x000001c646804800, 0x000001c646801000, 0x000001c646807800,
0x000001c646805000, 0x000001c646807000, 0x000001c649d4b800, 0x000001c649d50800,
0x000001c649d51000, 0x000001c649d4f800, 0x000001c649d52800, 0x000001c649d55000,
0x000001c649d57000, 0x000001c649d54800, 0x000001c649d57800, 0x000001c649d58800,
0x000001c649d59800, 0x000001c649d53800, 0x000001c649d5a000, 0x000001c64b44b000,
0x000001c64b447000, 0x000001c64b449800, 0x000001c64b44a800, 0x000001c64b44c000,
0x000001c64b448800, 0x000001c64b446800, 0x000001c64b44d000, 0x000001c64b448000,
0x000001c64b450000, 0x000001c64b44e800, 0x000001c64b44d800, 0x000001c64b452800,
0x000001c64b453800, 0x000001c64b454000, 0x000001c64b455000, 0x000001c64b451000,
0x000001c64b44f800, 0x000001c64b451800, 0x000001c6499e2000, 0x000001c6499e0800,
0x000001c6499e3000, 0x000001c6499e3800, 0x000001c6499df000, 0x000001c6499de000,
0x000001c6499e4800, 0x000001c6499df800, 0x000001c6499e5800, 0x000001c6499e6000,
0x000001c6499e7000, 0x000001c6499e1800, 0x000001c6499e8800, 0x000001c6499ea000,
0x000001c6499e9800, 0x000001c6499eb000, 0x000001c6499ec000, 0x000001c6499ec800,
0x000001c6499e8000, 0x000001c646b59000, 0x000001c646b5c800, 0x000001c646b5a000,
0x000001c646b56800, 0x000001c646b58800, 0x000001c646b5b000, 0x000001c646b57800,
0x000001c646b61800, 0x000001c646b5f000, 0x000001c646b5f800, 0x000001c646b60800,
0x000001c646b5e000
}

Java Threads: ( => current thread )
  0x000001c629a8e000 JavaThread "main" [_thread_blocked, id=13048, stack(0x0000003784b00000,0x0000003784c00000)]
  0x000001c643c2d800 JavaThread "Reference Handler" daemon [_thread_blocked, id=18520, stack(0x0000003785200000,0x0000003785300000)]
  0x000001c644713800 JavaThread "Finalizer" daemon [_thread_blocked, id=25780, stack(0x0000003785300000,0x0000003785400000)]
  0x000001c64472b800 JavaThread "Signal Dispatcher" daemon [_thread_blocked, id=16916, stack(0x0000003785400000,0x0000003785500000)]
  0x000001c64472c800 JavaThread "Attach Listener" daemon [_thread_blocked, id=16316, stack(0x0000003785500000,0x0000003785600000)]
  0x000001c64472e800 JavaThread "Service Thread" daemon [_thread_blocked, id=21296, stack(0x0000003785600000,0x0000003785700000)]
  0x000001c644776800 JavaThread "C2 CompilerThread0" daemon [_thread_in_native, id=2392, stack(0x0000003785700000,0x0000003785800000)]
  0x000001c64477e000 JavaThread "C1 CompilerThread0" daemon [_thread_blocked, id=7204, stack(0x0000003785800000,0x0000003785900000)]
  0x000001c644788000 JavaThread "Sweeper thread" daemon [_thread_blocked, id=12384, stack(0x0000003785900000,0x0000003785a00000)]
  0x000001c6448f7800 JavaThread "Common-Cleaner" daemon [_thread_blocked, id=27332, stack(0x0000003785a00000,0x0000003785b00000)]
  0x000001c645ea8800 JavaThread "Daemon health stats" [_thread_blocked, id=23612, stack(0x0000003786000000,0x0000003786100000)]
  0x000001c647624800 JavaThread "Incoming local TCP Connector on port 61449" [_thread_in_native, id=23200, stack(0x0000003785c00000,0x0000003785d00000)]
  0x000001c64683f800 JavaThread "Daemon periodic checks" [_thread_blocked, id=6596, stack(0x0000003786100000,0x0000003786200000)]
  0x000001c645ec4000 JavaThread "Daemon" [_thread_blocked, id=11940, stack(0x0000003786200000,0x0000003786300000)]
  0x000001c646f9b800 JavaThread "Handler for socket connection from /127.0.0.1:61449 to /127.0.0.1:61450" [_thread_in_native, id=12860, stack(0x0000003786300000,0x0000003786400000)]
  0x000001c645e75000 JavaThread "Cancel handler" [_thread_blocked, id=26276, stack(0x0000003786400000,0x0000003786500000)]
  0x000001c6471dd800 JavaThread "Daemon worker" [_thread_blocked, id=2668, stack(0x0000003786500000,0x0000003786600000)]
  0x000001c64611f000 JavaThread "Asynchronous log dispatcher for DefaultDaemonConnection: socket connection from /127.0.0.1:61449 to /127.0.0.1:61450" [_thread_blocked, id=21376, stack(0x0000003786600000,0x0000003786700000)]
  0x000001c646802800 JavaThread "Daemon client event forwarder" [_thread_blocked, id=24360, stack(0x0000003786800000,0x0000003786900000)]
  0x000001c646802000 JavaThread "Cache worker for journal cache (C:\Users\SM\.gradle\caches\journal-1)" [_thread_blocked, id=20060, stack(0x0000003786a00000,0x0000003786b00000)]
  0x000001c646806000 JavaThread "File lock request listener" [_thread_in_native, id=14208, stack(0x0000003786b00000,0x0000003786c00000)]
  0x000001c646804800 JavaThread "Cache worker for file hash cache (C:\Users\SM\.gradle\caches\7.3.3\fileHashes)" [_thread_blocked, id=1384, stack(0x0000003786c00000,0x0000003786d00000)]
  0x000001c646801000 JavaThread "Cache worker for file hash cache (D:\projects\dev\kotlin\RickAndMortyApi\.gradle\7.3.3\fileHashes)" [_thread_blocked, id=7780, stack(0x0000003786d00000,0x0000003786e00000)]
  0x000001c646807800 JavaThread "File watcher server" daemon [_thread_blocked, id=21468, stack(0x0000003786e00000,0x0000003786f00000)]
  0x000001c646805000 JavaThread "File watcher consumer" daemon [_thread_blocked, id=24616, stack(0x0000003786f00000,0x0000003787000000)]
  0x000001c646807000 JavaThread "Cache worker for checksums cache (D:\projects\dev\kotlin\RickAndMortyApi\.gradle\7.3.3\checksums)" [_thread_blocked, id=19764, stack(0x0000003787000000,0x0000003787100000)]
  0x000001c649d4b800 JavaThread "Cache worker for cache directory md-supplier (C:\Users\SM\.gradle\caches\7.3.3\md-supplier)" [_thread_blocked, id=30728, stack(0x0000003787100000,0x0000003787200000)]
  0x000001c649d50800 JavaThread "Cache worker for cache directory md-rule (C:\Users\SM\.gradle\caches\7.3.3\md-rule)" [_thread_blocked, id=12676, stack(0x0000003787200000,0x0000003787300000)]
  0x000001c649d51000 JavaThread "Cache worker for execution history cache (C:\Users\SM\.gradle\caches\7.3.3\executionHistory)" [_thread_blocked, id=5132, stack(0x0000003787300000,0x0000003787400000)]
  0x000001c649d4f800 JavaThread "jar transforms" [_thread_blocked, id=14320, stack(0x0000003787400000,0x0000003787500000)]
  0x000001c649d52800 JavaThread "Cache worker for file content cache (C:\Users\SM\.gradle\caches\7.3.3\fileContent)" [_thread_blocked, id=9352, stack(0x0000003787500000,0x0000003787600000)]
  0x000001c649d55000 JavaThread "jar transforms Thread 2" [_thread_blocked, id=8080, stack(0x0000003787600000,0x0000003787700000)]
  0x000001c649d57000 JavaThread "Cache worker for dependencies-accessors (D:\projects\dev\kotlin\RickAndMortyApi\.gradle\7.3.3\dependencies-accessors)" [_thread_blocked, id=25180, stack(0x0000003787700000,0x0000003787800000)]
  0x000001c649d54800 JavaThread "jar transforms Thread 3" [_thread_blocked, id=15288, stack(0x0000003787800000,0x0000003787900000)]
  0x000001c649d57800 JavaThread "Cache worker for Build Output Cleanup Cache (D:\projects\dev\kotlin\RickAndMortyApi\.gradle\buildOutputCleanup)" [_thread_blocked, id=25736, stack(0x0000003787900000,0x0000003787a00000)]
  0x000001c649d58800 JavaThread "Unconstrained build operations" [_thread_blocked, id=3060, stack(0x0000003787a00000,0x0000003787b00000)]
  0x000001c649d59800 JavaThread "Unconstrained build operations Thread 2" [_thread_blocked, id=28928, stack(0x0000003787b00000,0x0000003787c00000)]
  0x000001c649d53800 JavaThread "Unconstrained build operations Thread 3" [_thread_blocked, id=29904, stack(0x0000003787c00000,0x0000003787d00000)]
  0x000001c649d5a000 JavaThread "Unconstrained build operations Thread 4" [_thread_blocked, id=5104, stack(0x0000003787d00000,0x0000003787e00000)]
  0x000001c64b44b000 JavaThread "Unconstrained build operations Thread 5" [_thread_blocked, id=16856, stack(0x0000003787e00000,0x0000003787f00000)]
  0x000001c64b447000 JavaThread "Unconstrained build operations Thread 6" [_thread_blocked, id=18528, stack(0x0000003787f00000,0x0000003788000000)]
  0x000001c64b449800 JavaThread "Unconstrained build operations Thread 7" [_thread_blocked, id=5856, stack(0x0000003788000000,0x0000003788100000)]
  0x000001c64b44a800 JavaThread "Unconstrained build operations Thread 8" [_thread_blocked, id=26076, stack(0x0000003788100000,0x0000003788200000)]
  0x000001c64b44c000 JavaThread "Unconstrained build operations Thread 9" [_thread_blocked, id=18804, stack(0x0000003788200000,0x0000003788300000)]
  0x000001c64b448800 JavaThread "Unconstrained build operations Thread 10" [_thread_blocked, id=5096, stack(0x0000003788300000,0x0000003788400000)]
  0x000001c64b446800 JavaThread "Unconstrained build operations Thread 11" [_thread_blocked, id=10372, stack(0x0000003788400000,0x0000003788500000)]
  0x000001c64b44d000 JavaThread "Unconstrained build operations Thread 12" [_thread_blocked, id=11656, stack(0x0000003788500000,0x0000003788600000)]
  0x000001c64b448000 JavaThread "Unconstrained build operations Thread 13" [_thread_blocked, id=31712, stack(0x0000003788600000,0x0000003788700000)]
  0x000001c64b450000 JavaThread "Unconstrained build operations Thread 14" [_thread_blocked, id=18920, stack(0x0000003788700000,0x0000003788800000)]
  0x000001c64b44e800 JavaThread "Unconstrained build operations Thread 15" [_thread_blocked, id=30332, stack(0x0000003788800000,0x0000003788900000)]
  0x000001c64b44d800 JavaThread "Unconstrained build operations Thread 16" [_thread_blocked, id=20748, stack(0x0000003788900000,0x0000003788a00000)]
  0x000001c64b452800 JavaThread "Unconstrained build operations Thread 17" [_thread_blocked, id=15276, stack(0x0000003788a00000,0x0000003788b00000)]
  0x000001c64b453800 JavaThread "Unconstrained build operations Thread 18" [_thread_blocked, id=14592, stack(0x0000003788b00000,0x0000003788c00000)]
  0x000001c64b454000 JavaThread "Unconstrained build operations Thread 19" [_thread_blocked, id=26460, stack(0x0000003788c00000,0x0000003788d00000)]
  0x000001c64b455000 JavaThread "Unconstrained build operations Thread 20" [_thread_blocked, id=27844, stack(0x0000003788d00000,0x0000003788e00000)]
  0x000001c64b451000 JavaThread "Unconstrained build operations Thread 21" [_thread_blocked, id=22376, stack(0x0000003788e00000,0x0000003788f00000)]
  0x000001c64b44f800 JavaThread "Unconstrained build operations Thread 22" [_thread_blocked, id=22852, stack(0x0000003788f00000,0x0000003789000000)]
  0x000001c64b451800 JavaThread "Unconstrained build operations Thread 23" [_thread_blocked, id=25900, stack(0x0000003789000000,0x0000003789100000)]
  0x000001c6499e2000 JavaThread "Unconstrained build operations Thread 24" [_thread_blocked, id=20584, stack(0x0000003789100000,0x0000003789200000)]
  0x000001c6499e0800 JavaThread "Unconstrained build operations Thread 25" [_thread_blocked, id=10908, stack(0x0000003789200000,0x0000003789300000)]
  0x000001c6499e3000 JavaThread "Unconstrained build operations Thread 26" [_thread_blocked, id=29220, stack(0x0000003789300000,0x0000003789400000)]
  0x000001c6499e3800 JavaThread "Unconstrained build operations Thread 27" [_thread_blocked, id=12152, stack(0x0000003789400000,0x0000003789500000)]
  0x000001c6499df000 JavaThread "Unconstrained build operations Thread 28" [_thread_blocked, id=19300, stack(0x0000003789500000,0x0000003789600000)]
  0x000001c6499de000 JavaThread "Unconstrained build operations Thread 29" [_thread_blocked, id=18860, stack(0x0000003789600000,0x0000003789700000)]
  0x000001c6499e4800 JavaThread "Unconstrained build operations Thread 30" [_thread_blocked, id=26212, stack(0x0000003789700000,0x0000003789800000)]
  0x000001c6499df800 JavaThread "Unconstrained build operations Thread 31" [_thread_blocked, id=8936, stack(0x0000003789800000,0x0000003789900000)]
  0x000001c6499e5800 JavaThread "Unconstrained build operations Thread 32" [_thread_blocked, id=27924, stack(0x0000003789900000,0x0000003789a00000)]
  0x000001c6499e6000 JavaThread "Unconstrained build operations Thread 33" [_thread_blocked, id=18488, stack(0x0000003789a00000,0x0000003789b00000)]
  0x000001c6499e7000 JavaThread "Unconstrained build operations Thread 34" [_thread_blocked, id=9064, stack(0x0000003789b00000,0x0000003789c00000)]
  0x000001c6499e1800 JavaThread "Unconstrained build operations Thread 35" [_thread_blocked, id=26892, stack(0x0000003789c00000,0x0000003789d00000)]
  0x000001c6499e8800 JavaThread "Unconstrained build operations Thread 36" [_thread_blocked, id=16236, stack(0x0000003789d00000,0x0000003789e00000)]
  0x000001c6499ea000 JavaThread "Unconstrained build operations Thread 37" [_thread_blocked, id=22284, stack(0x0000003789e00000,0x0000003789f00000)]
  0x000001c6499e9800 JavaThread "Unconstrained build operations Thread 38" [_thread_blocked, id=24344, stack(0x0000003789f00000,0x000000378a000000)]
  0x000001c6499eb000 JavaThread "Unconstrained build operations Thread 39" [_thread_blocked, id=19144, stack(0x000000378a000000,0x000000378a100000)]
  0x000001c6499ec000 JavaThread "Unconstrained build operations Thread 40" [_thread_blocked, id=3992, stack(0x000000378a100000,0x000000378a200000)]
  0x000001c6499ec800 JavaThread "jar transforms Thread 4" [_thread_blocked, id=22600, stack(0x000000378a200000,0x000000378a300000)]
  0x000001c6499e8000 JavaThread "Memory manager" [_thread_blocked, id=23836, stack(0x000000378a300000,0x000000378a400000)]
  0x000001c646b59000 JavaThread "build event listener" [_thread_blocked, id=20464, stack(0x000000378a400000,0x000000378a500000)]
  0x000001c646b5c800 JavaThread "Execution worker for ':'" [_thread_blocked, id=18512, stack(0x000000378a500000,0x000000378a600000)]
  0x000001c646b5a000 JavaThread "Execution worker for ':' Thread 2" [_thread_blocked, id=5140, stack(0x000000378a600000,0x000000378a700000)]
  0x000001c646b56800 JavaThread "Execution worker for ':' Thread 3" [_thread_blocked, id=21996, stack(0x000000378a700000,0x000000378a800000)]
  0x000001c646b58800 JavaThread "Cache worker for execution history cache (D:\projects\dev\kotlin\RickAndMortyApi\.gradle\7.3.3\executionHistory)" [_thread_blocked, id=24812, stack(0x000000378a800000,0x000000378a900000)]
  0x000001c646b5b000 JavaThread "WorkerExecutor Queue" [_thread_blocked, id=7224, stack(0x000000378a900000,0x000000378aa00000)]
  0x000001c646b57800 JavaThread "WorkerExecutor Queue Thread 2" [_thread_blocked, id=26472, stack(0x000000378aa00000,0x000000378ab00000)]
  0x000001c646b61800 JavaThread "WorkerExecutor Queue Thread 3" [_thread_blocked, id=9320, stack(0x000000378ab00000,0x000000378ac00000)]
  0x000001c646b5f000 JavaThread "pool-3-thread-1" [_thread_blocked, id=10684, stack(0x0000003786900000,0x0000003786a00000)]
  0x000001c646b5f800 JavaThread "stderr" [_thread_in_native, id=952, stack(0x000000378ae00000,0x000000378af00000)]
  0x000001c646b60800 JavaThread "stdout" [_thread_in_native, id=24816, stack(0x000000378af00000,0x000000378b000000)]
  0x000001c646b5e000 JavaThread "C2 CompilerThread1" daemon [_thread_in_native, id=25104, stack(0x0000003784800000,0x0000003784900000)]

Other Threads:
=>0x000001c643c29800 VMThread "VM Thread" [stack: 0x0000003785100000,0x0000003785200000] [id=7080]
  0x000001c6448fe800 WatcherThread [stack: 0x0000003785b00000,0x0000003785c00000] [id=15152]
  0x000001c629aa2800 GCTaskThread "GC Thread#0" [stack: 0x0000003784c00000,0x0000003784d00000] [id=16068]
  0x000001c6454e0800 GCTaskThread "GC Thread#1" [stack: 0x0000003785d00000,0x0000003785e00000] [id=19908]
  0x000001c6453af800 GCTaskThread "GC Thread#2" [stack: 0x0000003785e00000,0x0000003785f00000] [id=30504]
  0x000001c645287800 GCTaskThread "GC Thread#3" [stack: 0x0000003785f00000,0x0000003786000000] [id=13928]
  0x000001c629ad4000 ConcurrentGCThread "G1 Main Marker" [stack: 0x0000003784d00000,0x0000003784e00000] [id=26736]
  0x000001c629ad6000 ConcurrentGCThread "G1 Conc#0" [stack: 0x0000003784e00000,0x0000003784f00000] [id=17520]
  0x000001c643b28000 ConcurrentGCThread "G1 Refine#0" [stack: 0x0000003784f00000,0x0000003785000000] [id=24632]
  0x000001c64badf800 ConcurrentGCThread "G1 Refine#1" [stack: 0x000000378ad00000,0x000000378ae00000] [id=14544]
  0x000001c6506a8800 ConcurrentGCThread "G1 Refine#2" [stack: 0x000000378ac00000,0x000000378ad00000] [id=29856]
  0x000001c6547b5800 ConcurrentGCThread "G1 Refine#3" [stack: 0x000000378b000000,0x000000378b100000] [id=16720]
  0x000001c643b29000 ConcurrentGCThread "G1 Young RemSet Sampling" [stack: 0x0000003785000000,0x0000003785100000] [id=23916]

Threads with active compile tasks:
C2 CompilerThread0  73512 21461       4       com.android.tools.r8.internal.tJ::a (1305 bytes)
C2 CompilerThread1  73513 21485       4       com.android.tools.r8.internal.Ql::a (3110 bytes)

VM state:at safepoint (normal execution)

VM Mutex/Monitor currently owned by a thread:  ([mutex/lock_event])
[0x000001c629a8a880] Threads_lock - owner thread: 0x000001c643c29800
[0x000001c629a8b450] Heap_lock - owner thread: 0x000001c6499e2000

Heap address: 0x0000000080000000, size: 2048 MB, Compressed Oops mode: 32-bit
Narrow klass base: 0x0000000000000000, Narrow klass shift: 3
Compressed class space size: 1073741824 Address: 0x0000000100000000

Heap:
 garbage-first heap   total 378880K, used 199401K [0x0000000080000000, 0x0000000100000000)
  region size 1024K, 6 young (6144K), 6 survivors (6144K)
 Metaspace       used 118429K, capacity 121229K, committed 121340K, reserved 1155072K
  class space    used 14653K, capacity 15738K, committed 15744K, reserved 1048576K
Heap Regions: E=young(eden), S=young(survivor), O=old, HS=humongous(starts), HC=humongous(continues), CS=collection set, F=free, A=archive, TAMS=top-at-mark-start (previous, next)
|   0|0x0000000080000000, 0x0000000080100000, 0x0000000080100000|100%| O|  |TAMS 0x0000000080100000, 0x0000000080000000| Untracked 
|   1|0x0000000080100000, 0x0000000080200000, 0x0000000080200000|100%| O|  |TAMS 0x0000000080200000, 0x0000000080100000| Untracked 
|   2|0x0000000080200000, 0x0000000080300000, 0x0000000080300000|100%| O|  |TAMS 0x0000000080300000, 0x0000000080200000| Untracked 
|   3|0x0000000080300000, 0x0000000080400000, 0x0000000080400000|100%|HS|  |TAMS 0x0000000080400000, 0x0000000080300000| Complete 
|   4|0x0000000080400000, 0x0000000080500000, 0x0000000080500000|100%|HC|  |TAMS 0x0000000080500000, 0x0000000080400000| Complete 
|   5|0x0000000080500000, 0x0000000080600000, 0x0000000080600000|100%|HC|  |TAMS 0x0000000080600000, 0x0000000080500000| Complete 
|   6|0x0000000080600000, 0x0000000080700000, 0x0000000080700000|100%| O|  |TAMS 0x0000000080700000, 0x0000000080600000| Untracked 
|   7|0x0000000080700000, 0x0000000080800000, 0x0000000080800000|100%| O|  |TAMS 0x0000000080800000, 0x0000000080700000| Untracked 
|   8|0x0000000080800000, 0x0000000080900000, 0x0000000080900000|100%| O|  |TAMS 0x0000000080900000, 0x0000000080800000| Untracked 
|   9|0x0000000080900000, 0x0000000080a00000, 0x0000000080a00000|100%| O|  |TAMS 0x0000000080a00000, 0x0000000080900000| Untracked 
|  10|0x0000000080a00000, 0x0000000080b00000, 0x0000000080b00000|100%| O|  |TAMS 0x0000000080b00000, 0x0000000080a00000| Untracked 
|  11|0x0000000080b00000, 0x0000000080c00000, 0x0000000080c00000|100%| O|  |TAMS 0x0000000080c00000, 0x0000000080b00000| Untracked 
|  12|0x0000000080c00000, 0x0000000080d00000, 0x0000000080d00000|100%| O|  |TAMS 0x0000000080d00000, 0x0000000080c00000| Untracked 
|  13|0x0000000080d00000, 0x0000000080e00000, 0x0000000080e00000|100%| O|  |TAMS 0x0000000080e00000, 0x0000000080d00000| Untracked 
|  14|0x0000000080e00000, 0x0000000080f00000, 0x0000000080f00000|100%| O|  |TAMS 0x0000000080f00000, 0x0000000080e00000| Untracked 
|  15|0x0000000080f00000, 0x0000000081000000, 0x0000000081000000|100%| O|  |TAMS 0x0000000081000000, 0x0000000080f00000| Untracked 
|  16|0x0000000081000000, 0x0000000081100000, 0x0000000081100000|100%|HS|  |TAMS 0x0000000081100000, 0x0000000081000000| Complete 
|  17|0x0000000081100000, 0x0000000081200000, 0x0000000081200000|100%|HS|  |TAMS 0x0000000081200000, 0x0000000081100000| Complete 
|  18|0x0000000081200000, 0x0000000081300000, 0x0000000081300000|100%|HS|  |TAMS 0x0000000081300000, 0x0000000081200000| Complete 
|  19|0x0000000081300000, 0x0000000081400000, 0x0000000081400000|100%|HS|  |TAMS 0x0000000081400000, 0x0000000081300000| Complete 
|  20|0x0000000081400000, 0x0000000081500000, 0x0000000081500000|100%|HC|  |TAMS 0x0000000081500000, 0x0000000081400000| Complete 
|  21|0x0000000081500000, 0x0000000081600000, 0x0000000081600000|100%|HC|  |TAMS 0x0000000081600000, 0x0000000081500000| Complete 
|  22|0x0000000081600000, 0x0000000081700000, 0x0000000081700000|100%|HS|  |TAMS 0x0000000081700000, 0x0000000081600000| Complete 
|  23|0x0000000081700000, 0x0000000081800000, 0x0000000081800000|100%|HC|  |TAMS 0x0000000081800000, 0x0000000081700000| Complete 
|  24|0x0000000081800000, 0x0000000081900000, 0x0000000081900000|100%| O|  |TAMS 0x0000000081900000, 0x0000000081800000| Untracked 
|  25|0x0000000081900000, 0x0000000081a00000, 0x0000000081a00000|100%| O|  |TAMS 0x0000000081a00000, 0x0000000081900000| Untracked 
|  26|0x0000000081a00000, 0x0000000081b00000, 0x0000000081b00000|100%| O|  |TAMS 0x0000000081b00000, 0x0000000081a00000| Untracked 
|  27|0x0000000081b00000, 0x0000000081c00000, 0x0000000081c00000|100%| O|  |TAMS 0x0000000081c00000, 0x0000000081b00000| Untracked 
|  28|0x0000000081c00000, 0x0000000081d00000, 0x0000000081d00000|100%| O|  |TAMS 0x0000000081d00000, 0x0000000081c00000| Untracked 
|  29|0x0000000081d00000, 0x0000000081e00000, 0x0000000081e00000|100%| O|  |TAMS 0x0000000081e00000, 0x0000000081d00000| Untracked 
|  30|0x0000000081e00000, 0x0000000081f00000, 0x0000000081f00000|100%| O|  |TAMS 0x0000000081f00000, 0x0000000081e00000| Untracked 
|  31|0x0000000081f00000, 0x0000000082000000, 0x0000000082000000|100%| O|  |TAMS 0x0000000082000000, 0x0000000081f00000| Untracked 
|  32|0x0000000082000000, 0x0000000082100000, 0x0000000082100000|100%| O|  |TAMS 0x0000000082100000, 0x0000000082000000| Untracked 
|  33|0x0000000082100000, 0x0000000082200000, 0x0000000082200000|100%| O|  |TAMS 0x0000000082200000, 0x0000000082100000| Untracked 
|  34|0x0000000082200000, 0x0000000082300000, 0x0000000082300000|100%| O|  |TAMS 0x0000000082300000, 0x0000000082200000| Untracked 
|  35|0x0000000082300000, 0x0000000082400000, 0x0000000082400000|100%| O|  |TAMS 0x0000000082400000, 0x0000000082300000| Untracked 
|  36|0x0000000082400000, 0x0000000082500000, 0x0000000082500000|100%| O|  |TAMS 0x0000000082500000, 0x0000000082400000| Untracked 
|  37|0x0000000082500000, 0x0000000082600000, 0x0000000082600000|100%| O|  |TAMS 0x0000000082600000, 0x0000000082500000| Untracked 
|  38|0x0000000082600000, 0x0000000082700000, 0x0000000082700000|100%| O|  |TAMS 0x0000000082700000, 0x0000000082600000| Untracked 
|  39|0x0000000082700000, 0x0000000082800000, 0x0000000082800000|100%| O|  |TAMS 0x0000000082800000, 0x0000000082700000| Untracked 
|  40|0x0000000082800000, 0x0000000082900000, 0x0000000082900000|100%| O|  |TAMS 0x0000000082900000, 0x0000000082800000| Untracked 
|  41|0x0000000082900000, 0x0000000082a00000, 0x0000000082a00000|100%| O|  |TAMS 0x0000000082a00000, 0x0000000082900000| Untracked 
|  42|0x0000000082a00000, 0x0000000082b00000, 0x0000000082b00000|100%| O|  |TAMS 0x0000000082b00000, 0x0000000082a00000| Untracked 
|  43|0x0000000082b00000, 0x0000000082c00000, 0x0000000082c00000|100%| O|  |TAMS 0x0000000082c00000, 0x0000000082b00000| Untracked 
|  44|0x0000000082c00000, 0x0000000082d00000, 0x0000000082d00000|100%| O|  |TAMS 0x0000000082d00000, 0x0000000082c00000| Untracked 
|  45|0x0000000082d00000, 0x0000000082e00000, 0x0000000082e00000|100%| O|  |TAMS 0x0000000082e00000, 0x0000000082d00000| Untracked 
|  46|0x0000000082e00000, 0x0000000082f00000, 0x0000000082f00000|100%| O|  |TAMS 0x0000000082f00000, 0x0000000082e00000| Untracked 
|  47|0x0000000082f00000, 0x0000000083000000, 0x0000000083000000|100%| O|  |TAMS 0x0000000083000000, 0x0000000082f00000| Untracked 
|  48|0x0000000083000000, 0x0000000083100000, 0x0000000083100000|100%| O|  |TAMS 0x0000000083100000, 0x0000000083000000| Untracked 
|  49|0x0000000083100000, 0x0000000083200000, 0x0000000083200000|100%| O|  |TAMS 0x0000000083200000, 0x0000000083100000| Untracked 
|  50|0x0000000083200000, 0x0000000083300000, 0x0000000083300000|100%| O|  |TAMS 0x0000000083300000, 0x0000000083200000| Untracked 
|  51|0x0000000083300000, 0x0000000083400000, 0x0000000083400000|100%| O|  |TAMS 0x0000000083400000, 0x0000000083300000| Untracked 
|  52|0x0000000083400000, 0x0000000083500000, 0x0000000083500000|100%| O|  |TAMS 0x0000000083500000, 0x0000000083400000| Untracked 
|  53|0x0000000083500000, 0x0000000083600000, 0x0000000083600000|100%| O|  |TAMS 0x0000000083600000, 0x0000000083500000| Untracked 
|  54|0x0000000083600000, 0x0000000083700000, 0x0000000083700000|100%| O|  |TAMS 0x0000000083700000, 0x0000000083600000| Untracked 
|  55|0x0000000083700000, 0x0000000083800000, 0x0000000083800000|100%| O|  |TAMS 0x0000000083800000, 0x0000000083700000| Untracked 
|  56|0x0000000083800000, 0x0000000083900000, 0x0000000083900000|100%| O|  |TAMS 0x0000000083900000, 0x0000000083800000| Untracked 
|  57|0x0000000083900000, 0x0000000083a00000, 0x0000000083a00000|100%| O|  |TAMS 0x0000000083a00000, 0x0000000083900000| Untracked 
|  58|0x0000000083a00000, 0x0000000083b00000, 0x0000000083b00000|100%| O|  |TAMS 0x0000000083b00000, 0x0000000083a00000| Untracked 
|  59|0x0000000083b00000, 0x0000000083c00000, 0x0000000083c00000|100%| O|  |TAMS 0x0000000083c00000, 0x0000000083b00000| Untracked 
|  60|0x0000000083c00000, 0x0000000083d00000, 0x0000000083d00000|100%| O|  |TAMS 0x0000000083d00000, 0x0000000083c00000| Untracked 
|  61|0x0000000083d00000, 0x0000000083e00000, 0x0000000083e00000|100%| O|  |TAMS 0x0000000083d00000, 0x0000000083d00000| Untracked 
|  62|0x0000000083e00000, 0x0000000083f00000, 0x0000000083f00000|100%| O|  |TAMS 0x0000000083f00000, 0x0000000083e00000| Untracked 
|  63|0x0000000083f00000, 0x0000000084000000, 0x0000000084000000|100%| O|  |TAMS 0x0000000084000000, 0x0000000083f00000| Untracked 
|  64|0x0000000084000000, 0x0000000084100000, 0x0000000084100000|100%| O|  |TAMS 0x0000000084000000, 0x0000000084000000| Untracked 
|  65|0x0000000084100000, 0x0000000084200000, 0x0000000084200000|100%| O|  |TAMS 0x0000000084200000, 0x0000000084100000| Untracked 
|  66|0x0000000084200000, 0x0000000084300000, 0x0000000084300000|100%| O|  |TAMS 0x0000000084300000, 0x0000000084200000| Untracked 
|  67|0x0000000084300000, 0x0000000084400000, 0x0000000084400000|100%| O|  |TAMS 0x0000000084400000, 0x0000000084300000| Untracked 
|  68|0x0000000084400000, 0x0000000084500000, 0x0000000084500000|100%| O|  |TAMS 0x0000000084500000, 0x0000000084400000| Untracked 
|  69|0x0000000084500000, 0x0000000084600000, 0x0000000084600000|100%| O|  |TAMS 0x0000000084600000, 0x0000000084500000| Untracked 
|  70|0x0000000084600000, 0x0000000084700000, 0x0000000084700000|100%| O|  |TAMS 0x0000000084700000, 0x0000000084600000| Untracked 
|  71|0x0000000084700000, 0x0000000084800000, 0x0000000084800000|100%| O|  |TAMS 0x0000000084800000, 0x0000000084700000| Untracked 
|  72|0x0000000084800000, 0x0000000084900000, 0x0000000084900000|100%| O|  |TAMS 0x0000000084900000, 0x0000000084800000| Untracked 
|  73|0x0000000084900000, 0x0000000084a00000, 0x0000000084a00000|100%| O|  |TAMS 0x0000000084a00000, 0x0000000084900000| Untracked 
|  74|0x0000000084a00000, 0x0000000084b00000, 0x0000000084b00000|100%| O|  |TAMS 0x0000000084b00000, 0x0000000084a00000| Untracked 
|  75|0x0000000084b00000, 0x0000000084c00000, 0x0000000084c00000|100%| O|  |TAMS 0x0000000084c00000, 0x0000000084b00000| Untracked 
|  76|0x0000000084c00000, 0x0000000084d00000, 0x0000000084d00000|100%| O|  |TAMS 0x0000000084d00000, 0x0000000084c00000| Untracked 
|  77|0x0000000084d00000, 0x0000000084e00000, 0x0000000084e00000|100%| O|  |TAMS 0x0000000084e00000, 0x0000000084d00000| Untracked 
|  78|0x0000000084e00000, 0x0000000084f00000, 0x0000000084f00000|100%| O|  |TAMS 0x0000000084f00000, 0x0000000084e00000| Untracked 
|  79|0x0000000084f00000, 0x0000000085000000, 0x0000000085000000|100%| O|  |TAMS 0x0000000085000000, 0x0000000084f00000| Untracked 
|  80|0x0000000085000000, 0x0000000085100000, 0x0000000085100000|100%| O|  |TAMS 0x0000000085100000, 0x0000000085000000| Untracked 
|  81|0x0000000085100000, 0x0000000085200000, 0x0000000085200000|100%| O|  |TAMS 0x0000000085200000, 0x0000000085100000| Untracked 
|  82|0x0000000085200000, 0x0000000085300000, 0x0000000085300000|100%| O|  |TAMS 0x0000000085300000, 0x0000000085200000| Untracked 
|  83|0x0000000085300000, 0x0000000085400000, 0x0000000085400000|100%| O|  |TAMS 0x0000000085400000, 0x0000000085300000| Untracked 
|  84|0x0000000085400000, 0x0000000085500000, 0x0000000085500000|100%| O|  |TAMS 0x0000000085500000, 0x0000000085400000| Untracked 
|  85|0x0000000085500000, 0x0000000085600000, 0x0000000085600000|100%| O|  |TAMS 0x0000000085600000, 0x0000000085500000| Untracked 
|  86|0x0000000085600000, 0x0000000085700000, 0x0000000085700000|100%| O|  |TAMS 0x0000000085700000, 0x0000000085600000| Untracked 
|  87|0x0000000085700000, 0x0000000085800000, 0x0000000085800000|100%| O|  |TAMS 0x0000000085800000, 0x0000000085700000| Untracked 
|  88|0x0000000085800000, 0x0000000085900000, 0x0000000085900000|100%|HS|  |TAMS 0x0000000085900000, 0x0000000085800000| Complete 
|  89|0x0000000085900000, 0x0000000085a00000, 0x0000000085a00000|100%|HC|  |TAMS 0x0000000085a00000, 0x0000000085900000| Complete 
|  90|0x0000000085a00000, 0x0000000085b00000, 0x0000000085b00000|100%| O|  |TAMS 0x0000000085b00000, 0x0000000085a00000| Untracked 
|  91|0x0000000085b00000, 0x0000000085c00000, 0x0000000085c00000|100%| O|  |TAMS 0x0000000085c00000, 0x0000000085b00000| Untracked 
|  92|0x0000000085c00000, 0x0000000085d00000, 0x0000000085d00000|100%| O|  |TAMS 0x0000000085d00000, 0x0000000085c00000| Untracked 
|  93|0x0000000085d00000, 0x0000000085e00000, 0x0000000085e00000|100%| O|  |TAMS 0x0000000085e00000, 0x0000000085d00000| Untracked 
|  94|0x0000000085e00000, 0x0000000085f00000, 0x0000000085f00000|100%| O|  |TAMS 0x0000000085f00000, 0x0000000085e00000| Untracked 
|  95|0x0000000085f00000, 0x0000000086000000, 0x0000000086000000|100%| O|  |TAMS 0x0000000086000000, 0x0000000085f00000| Untracked 
|  96|0x0000000086000000, 0x0000000086100000, 0x0000000086100000|100%| O|  |TAMS 0x0000000086100000, 0x0000000086000000| Untracked 
|  97|0x0000000086100000, 0x0000000086200000, 0x0000000086200000|100%| O|  |TAMS 0x0000000086200000, 0x0000000086100000| Untracked 
|  98|0x0000000086200000, 0x0000000086300000, 0x0000000086300000|100%| O|  |TAMS 0x0000000086300000, 0x0000000086200000| Untracked 
|  99|0x0000000086300000, 0x0000000086400000, 0x0000000086400000|100%| O|  |TAMS 0x0000000086400000, 0x0000000086300000| Untracked 
| 100|0x0000000086400000, 0x0000000086500000, 0x0000000086500000|100%| O|  |TAMS 0x0000000086500000, 0x0000000086400000| Untracked 
| 101|0x0000000086500000, 0x0000000086600000, 0x0000000086600000|100%| O|  |TAMS 0x0000000086600000, 0x0000000086500000| Untracked 
| 102|0x0000000086600000, 0x0000000086700000, 0x0000000086700000|100%| O|  |TAMS 0x0000000086700000, 0x0000000086600000| Untracked 
| 103|0x0000000086700000, 0x0000000086800000, 0x0000000086800000|100%| O|  |TAMS 0x0000000086800000, 0x0000000086700000| Untracked 
| 104|0x0000000086800000, 0x0000000086900000, 0x0000000086900000|100%| O|  |TAMS 0x0000000086900000, 0x0000000086800000| Untracked 
| 105|0x0000000086900000, 0x0000000086a00000, 0x0000000086a00000|100%| O|  |TAMS 0x0000000086a00000, 0x0000000086900000| Untracked 
| 106|0x0000000086a00000, 0x0000000086b00000, 0x0000000086b00000|100%| O|  |TAMS 0x0000000086b00000, 0x0000000086a00000| Untracked 
| 107|0x0000000086b00000, 0x0000000086c00000, 0x0000000086c00000|100%| O|  |TAMS 0x0000000086c00000, 0x0000000086b00000| Untracked 
| 108|0x0000000086c00000, 0x0000000086d00000, 0x0000000086d00000|100%| O|  |TAMS 0x0000000086d00000, 0x0000000086c00000| Untracked 
| 109|0x0000000086d00000, 0x0000000086e00000, 0x0000000086e00000|100%| O|  |TAMS 0x0000000086e00000, 0x0000000086d00000| Untracked 
| 110|0x0000000086e00000, 0x0000000086f00000, 0x0000000086f00000|100%| O|  |TAMS 0x0000000086f00000, 0x0000000086e00000| Untracked 
| 111|0x0000000086f00000, 0x0000000087000000, 0x0000000087000000|100%| O|  |TAMS 0x0000000087000000, 0x0000000086f00000| Untracked 
| 112|0x0000000087000000, 0x0000000087100000, 0x0000000087100000|100%| O|  |TAMS 0x0000000087000000, 0x0000000087000000| Untracked 
| 113|0x0000000087100000, 0x0000000087200000, 0x0000000087200000|100%| O|  |TAMS 0x0000000087200000, 0x0000000087100000| Untracked 
| 114|0x0000000087200000, 0x0000000087300000, 0x0000000087300000|100%| O|  |TAMS 0x0000000087300000, 0x0000000087200000| Untracked 
| 115|0x0000000087300000, 0x0000000087400000, 0x0000000087400000|100%| O|  |TAMS 0x0000000087400000, 0x0000000087300000| Untracked 
| 116|0x0000000087400000, 0x0000000087500000, 0x0000000087500000|100%| O|  |TAMS 0x0000000087500000, 0x0000000087400000| Untracked 
| 117|0x0000000087500000, 0x0000000087600000, 0x0000000087600000|100%| O|  |TAMS 0x0000000087600000, 0x0000000087500000| Untracked 
| 118|0x0000000087600000, 0x0000000087700000, 0x0000000087700000|100%| O|  |TAMS 0x0000000087700000, 0x0000000087600000| Untracked 
| 119|0x0000000087700000, 0x0000000087800000, 0x0000000087800000|100%| O|  |TAMS 0x0000000087700000, 0x0000000087700000| Untracked 
| 120|0x0000000087800000, 0x0000000087900000, 0x0000000087900000|100%| O|  |TAMS 0x0000000087900000, 0x0000000087800000| Untracked 
| 121|0x0000000087900000, 0x0000000087a00000, 0x0000000087a00000|100%| O|  |TAMS 0x0000000087a00000, 0x0000000087900000| Untracked 
| 122|0x0000000087a00000, 0x0000000087b00000, 0x0000000087b00000|100%| O|  |TAMS 0x0000000087b00000, 0x0000000087a00000| Untracked 
| 123|0x0000000087b00000, 0x0000000087c00000, 0x0000000087c00000|100%| O|  |TAMS 0x0000000087c00000, 0x0000000087b00000| Untracked 
| 124|0x0000000087c00000, 0x0000000087d00000, 0x0000000087d00000|100%| O|  |TAMS 0x0000000087d00000, 0x0000000087c00000| Untracked 
| 125|0x0000000087d00000, 0x0000000087e00000, 0x0000000087e00000|100%| O|  |TAMS 0x0000000087e00000, 0x0000000087d00000| Untracked 
| 126|0x0000000087e00000, 0x0000000087f00000, 0x0000000087f00000|100%| O|  |TAMS 0x0000000087f00000, 0x0000000087e00000| Untracked 
| 127|0x0000000087f00000, 0x0000000088000000, 0x0000000088000000|100%| O|  |TAMS 0x0000000088000000, 0x0000000087f00000| Untracked 
| 128|0x0000000088000000, 0x0000000088100000, 0x0000000088100000|100%| O|  |TAMS 0x0000000088100000, 0x0000000088000000| Untracked 
| 129|0x0000000088100000, 0x0000000088200000, 0x0000000088200000|100%| O|  |TAMS 0x0000000088200000, 0x0000000088100000| Untracked 
| 130|0x0000000088200000, 0x0000000088300000, 0x0000000088300000|100%| O|  |TAMS 0x0000000088300000, 0x0000000088200000| Untracked 
| 131|0x0000000088300000, 0x0000000088400000, 0x0000000088400000|100%| O|  |TAMS 0x0000000088400000, 0x0000000088300000| Untracked 
| 132|0x0000000088400000, 0x0000000088500000, 0x0000000088500000|100%| O|  |TAMS 0x0000000088500000, 0x0000000088400000| Untracked 
| 133|0x0000000088500000, 0x0000000088600000, 0x0000000088600000|100%| O|  |TAMS 0x0000000088600000, 0x0000000088500000| Untracked 
| 134|0x0000000088600000, 0x0000000088700000, 0x0000000088700000|100%| O|  |TAMS 0x0000000088700000, 0x0000000088600000| Untracked 
| 135|0x0000000088700000, 0x0000000088800000, 0x0000000088800000|100%| O|  |TAMS 0x0000000088800000, 0x0000000088700000| Untracked 
| 136|0x0000000088800000, 0x0000000088900000, 0x0000000088900000|100%| O|  |TAMS 0x0000000088900000, 0x0000000088800000| Untracked 
| 137|0x0000000088900000, 0x0000000088a00000, 0x0000000088a00000|100%| O|  |TAMS 0x0000000088a00000, 0x0000000088900000| Untracked 
| 138|0x0000000088a00000, 0x0000000088b00000, 0x0000000088b00000|100%| O|  |TAMS 0x0000000088b00000, 0x0000000088a00000| Untracked 
| 139|0x0000000088b00000, 0x0000000088c00000, 0x0000000088c00000|100%| O|  |TAMS 0x0000000088c00000, 0x0000000088b00000| Untracked 
| 140|0x0000000088c00000, 0x0000000088d00000, 0x0000000088d00000|100%| O|  |TAMS 0x0000000088d00000, 0x0000000088c00000| Untracked 
| 141|0x0000000088d00000, 0x0000000088e00000, 0x0000000088e00000|100%| O|  |TAMS 0x0000000088e00000, 0x0000000088d00000| Untracked 
| 142|0x0000000088e00000, 0x0000000088f00000, 0x0000000088f00000|100%| O|  |TAMS 0x0000000088f00000, 0x0000000088e00000| Untracked 
| 143|0x0000000088f00000, 0x0000000089000000, 0x0000000089000000|100%| O|  |TAMS 0x0000000089000000, 0x0000000088f00000| Untracked 
| 144|0x0000000089000000, 0x0000000089100000, 0x0000000089100000|100%| O|  |TAMS 0x0000000089100000, 0x0000000089000000| Untracked 
| 145|0x0000000089100000, 0x0000000089200000, 0x0000000089200000|100%| O|  |TAMS 0x0000000089200000, 0x0000000089100000| Untracked 
| 146|0x0000000089200000, 0x0000000089300000, 0x0000000089300000|100%| O|  |TAMS 0x0000000089300000, 0x0000000089200000| Untracked 
| 147|0x0000000089300000, 0x0000000089400000, 0x0000000089400000|100%| O|  |TAMS 0x0000000089400000, 0x0000000089300000| Untracked 
| 148|0x0000000089400000, 0x0000000089500000, 0x0000000089500000|100%| O|  |TAMS 0x0000000089500000, 0x0000000089400000| Untracked 
| 149|0x0000000089500000, 0x0000000089600000, 0x0000000089600000|100%| O|  |TAMS 0x0000000089600000, 0x0000000089500000| Untracked 
| 150|0x0000000089600000, 0x0000000089700000, 0x0000000089700000|100%| O|  |TAMS 0x0000000089700000, 0x0000000089600000| Untracked 
| 151|0x0000000089700000, 0x0000000089800000, 0x0000000089800000|100%| O|  |TAMS 0x0000000089800000, 0x0000000089700000| Untracked 
| 152|0x0000000089800000, 0x0000000089900000, 0x0000000089900000|100%| O|  |TAMS 0x0000000089900000, 0x0000000089800000| Untracked 
| 153|0x0000000089900000, 0x0000000089a00000, 0x0000000089a00000|100%| O|  |TAMS 0x0000000089a00000, 0x0000000089900000| Untracked 
| 154|0x0000000089a00000, 0x0000000089b00000, 0x0000000089b00000|100%| O|  |TAMS 0x0000000089a00000, 0x0000000089a00000| Untracked 
| 155|0x0000000089b00000, 0x0000000089c00000, 0x0000000089c00000|100%| O|  |TAMS 0x0000000089c00000, 0x0000000089b00000| Untracked 
| 156|0x0000000089c00000, 0x0000000089d00000, 0x0000000089d00000|100%| O|  |TAMS 0x0000000089d00000, 0x0000000089c00000| Untracked 
| 157|0x0000000089d00000, 0x0000000089e00000, 0x0000000089e00000|100%| O|  |TAMS 0x0000000089e00000, 0x0000000089d00000| Untracked 
| 158|0x0000000089e00000, 0x0000000089f00000, 0x0000000089f00000|100%| O|  |TAMS 0x0000000089f00000, 0x0000000089e00000| Untracked 
| 159|0x0000000089f00000, 0x000000008a000000, 0x000000008a000000|100%| O|  |TAMS 0x000000008a000000, 0x0000000089f00000| Untracked 
| 160|0x000000008a000000, 0x000000008a100000, 0x000000008a100000|100%| O|  |TAMS 0x000000008a100000, 0x000000008a000000| Untracked 
| 161|0x000000008a100000, 0x000000008a200000, 0x000000008a200000|100%| O|  |TAMS 0x000000008a200000, 0x000000008a100000| Untracked 
| 162|0x000000008a200000, 0x000000008a300000, 0x000000008a300000|100%| O|  |TAMS 0x000000008a300000, 0x000000008a200000| Untracked 
| 163|0x000000008a300000, 0x000000008a400000, 0x000000008a400000|100%| O|  |TAMS 0x000000008a400000, 0x000000008a300000| Untracked 
| 164|0x000000008a400000, 0x000000008a500000, 0x000000008a500000|100%| O|  |TAMS 0x000000008a500000, 0x000000008a400000| Untracked 
| 165|0x000000008a500000, 0x000000008a600000, 0x000000008a600000|100%| O|  |TAMS 0x000000008a600000, 0x000000008a500000| Untracked 
| 166|0x000000008a600000, 0x000000008a700000, 0x000000008a700000|100%| O|  |TAMS 0x000000008a700000, 0x000000008a600000| Untracked 
| 167|0x000000008a700000, 0x000000008a800000, 0x000000008a800000|100%| O|  |TAMS 0x000000008a800000, 0x000000008a700000| Untracked 
| 168|0x000000008a800000, 0x000000008a900000, 0x000000008a900000|100%| O|  |TAMS 0x000000008a900000, 0x000000008a800000| Untracked 
| 169|0x000000008a900000, 0x000000008aa00000, 0x000000008aa00000|100%| O|  |TAMS 0x000000008aa00000, 0x000000008a900000| Untracked 
| 170|0x000000008aa00000, 0x000000008ab00000, 0x000000008ab00000|100%| O|  |TAMS 0x000000008ab00000, 0x000000008aa00000| Untracked 
| 171|0x000000008ab00000, 0x000000008ac00000, 0x000000008ac00000|100%| O|  |TAMS 0x000000008ac00000, 0x000000008ab00000| Untracked 
| 172|0x000000008ac00000, 0x000000008ad00000, 0x000000008ad00000|100%| O|  |TAMS 0x000000008ad00000, 0x000000008ac00000| Untracked 
| 173|0x000000008ad00000, 0x000000008ae00000, 0x000000008ae00000|100%| O|  |TAMS 0x000000008ae00000, 0x000000008ad00000| Untracked 
| 174|0x000000008ae00000, 0x000000008af00000, 0x000000008af00000|100%| O|  |TAMS 0x000000008af00000, 0x000000008ae00000| Untracked 
| 175|0x000000008af00000, 0x000000008b000000, 0x000000008b000000|100%| O|  |TAMS 0x000000008af2d000, 0x000000008af00000| Untracked 
| 176|0x000000008b000000, 0x000000008b100000, 0x000000008b100000|100%| O|  |TAMS 0x000000008b000000, 0x000000008b000000| Untracked 
| 177|0x000000008b100000, 0x000000008b200000, 0x000000008b200000|100%| O|  |TAMS 0x000000008b100000, 0x000000008b100000| Untracked 
| 178|0x000000008b200000, 0x000000008b300000, 0x000000008b300000|100%| O|  |TAMS 0x000000008b200000, 0x000000008b200000| Untracked 
| 179|0x000000008b300000, 0x000000008b400000, 0x000000008b400000|100%| O|  |TAMS 0x000000008b300000, 0x000000008b300000| Untracked 
| 180|0x000000008b400000, 0x000000008b500000, 0x000000008b500000|100%| O|  |TAMS 0x000000008b400000, 0x000000008b400000| Untracked 
| 181|0x000000008b500000, 0x000000008b600000, 0x000000008b600000|100%| O|  |TAMS 0x000000008b500000, 0x000000008b500000| Untracked 
| 182|0x000000008b600000, 0x000000008b700000, 0x000000008b700000|100%| O|  |TAMS 0x000000008b600000, 0x000000008b600000| Untracked 
| 183|0x000000008b700000, 0x000000008b800000, 0x000000008b800000|100%| O|  |TAMS 0x000000008b700000, 0x000000008b700000| Untracked 
| 184|0x000000008b800000, 0x000000008b900000, 0x000000008b900000|100%| O|  |TAMS 0x000000008b800000, 0x000000008b800000| Untracked 
| 185|0x000000008b900000, 0x000000008ba00000, 0x000000008ba00000|100%| O|  |TAMS 0x000000008b900000, 0x000000008b900000| Untracked 
| 186|0x000000008ba00000, 0x000000008bb00000, 0x000000008bb00000|100%| O|  |TAMS 0x000000008ba00000, 0x000000008ba00000| Untracked 
| 187|0x000000008bb00000, 0x000000008bc00000, 0x000000008bc00000|100%| O|  |TAMS 0x000000008bb00000, 0x000000008bb00000| Untracked 
| 188|0x000000008bc00000, 0x000000008bcba600, 0x000000008bd00000| 72%| O|  |TAMS 0x000000008bc00000, 0x000000008bc00000| Untracked 
| 189|0x000000008bd00000, 0x000000008bd00000, 0x000000008be00000|  0%| F|  |TAMS 0x000000008bd00000, 0x000000008bd00000| Untracked 
| 190|0x000000008be00000, 0x000000008be00000, 0x000000008bf00000|  0%| F|  |TAMS 0x000000008be00000, 0x000000008be00000| Untracked 
| 191|0x000000008bf00000, 0x000000008bf00000, 0x000000008c000000|  0%| F|  |TAMS 0x000000008bf00000, 0x000000008bf00000| Untracked 
| 192|0x000000008c000000, 0x000000008c000000, 0x000000008c100000|  0%| F|  |TAMS 0x000000008c000000, 0x000000008c000000| Untracked 
| 193|0x000000008c100000, 0x000000008c100000, 0x000000008c200000|  0%| F|  |TAMS 0x000000008c100000, 0x000000008c100000| Untracked 
| 194|0x000000008c200000, 0x000000008c200000, 0x000000008c300000|  0%| F|  |TAMS 0x000000008c200000, 0x000000008c200000| Untracked 
| 195|0x000000008c300000, 0x000000008c300000, 0x000000008c400000|  0%| F|  |TAMS 0x000000008c300000, 0x000000008c300000| Untracked 
| 196|0x000000008c400000, 0x000000008c400000, 0x000000008c500000|  0%| F|  |TAMS 0x000000008c400000, 0x000000008c400000| Untracked 
| 197|0x000000008c500000, 0x000000008c500000, 0x000000008c600000|  0%| F|  |TAMS 0x000000008c500000, 0x000000008c500000| Untracked 
| 198|0x000000008c600000, 0x000000008c600000, 0x000000008c700000|  0%| F|  |TAMS 0x000000008c600000, 0x000000008c600000| Untracked 
| 199|0x000000008c700000, 0x000000008c700000, 0x000000008c800000|  0%| F|  |TAMS 0x000000008c700000, 0x000000008c700000| Untracked 
| 200|0x000000008c800000, 0x000000008c800000, 0x000000008c900000|  0%| F|  |TAMS 0x000000008c800000, 0x000000008c800000| Untracked 
| 201|0x000000008c900000, 0x000000008c900000, 0x000000008ca00000|  0%| F|  |TAMS 0x000000008c900000, 0x000000008c900000| Untracked 
| 202|0x000000008ca00000, 0x000000008ca00000, 0x000000008cb00000|  0%| F|  |TAMS 0x000000008ca00000, 0x000000008ca00000| Untracked 
| 203|0x000000008cb00000, 0x000000008cb00000, 0x000000008cc00000|  0%| F|  |TAMS 0x000000008cb00000, 0x000000008cb00000| Untracked 
| 204|0x000000008cc00000, 0x000000008cc00000, 0x000000008cd00000|  0%| F|  |TAMS 0x000000008cc00000, 0x000000008cc00000| Untracked 
| 205|0x000000008cd00000, 0x000000008cd00000, 0x000000008ce00000|  0%| F|  |TAMS 0x000000008cd00000, 0x000000008cd00000| Untracked 
| 206|0x000000008ce00000, 0x000000008ce00000, 0x000000008cf00000|  0%| F|  |TAMS 0x000000008ce00000, 0x000000008ce00000| Untracked 
| 207|0x000000008cf00000, 0x000000008cf00000, 0x000000008d000000|  0%| F|  |TAMS 0x000000008cf00000, 0x000000008cf00000| Untracked 
| 208|0x000000008d000000, 0x000000008d000000, 0x000000008d100000|  0%| F|  |TAMS 0x000000008d000000, 0x000000008d000000| Untracked 
| 209|0x000000008d100000, 0x000000008d100000, 0x000000008d200000|  0%| F|  |TAMS 0x000000008d100000, 0x000000008d100000| Untracked 
| 210|0x000000008d200000, 0x000000008d200000, 0x000000008d300000|  0%| F|  |TAMS 0x000000008d200000, 0x000000008d200000| Untracked 
| 211|0x000000008d300000, 0x000000008d300000, 0x000000008d400000|  0%| F|  |TAMS 0x000000008d300000, 0x000000008d300000| Untracked 
| 212|0x000000008d400000, 0x000000008d400000, 0x000000008d500000|  0%| F|  |TAMS 0x000000008d400000, 0x000000008d400000| Untracked 
| 213|0x000000008d500000, 0x000000008d500000, 0x000000008d600000|  0%| F|  |TAMS 0x000000008d500000, 0x000000008d500000| Untracked 
| 214|0x000000008d600000, 0x000000008d600000, 0x000000008d700000|  0%| F|  |TAMS 0x000000008d600000, 0x000000008d600000| Untracked 
| 215|0x000000008d700000, 0x000000008d700000, 0x000000008d800000|  0%| F|  |TAMS 0x000000008d700000, 0x000000008d700000| Untracked 
| 216|0x000000008d800000, 0x000000008d800000, 0x000000008d900000|  0%| F|  |TAMS 0x000000008d800000, 0x000000008d800000| Untracked 
| 217|0x000000008d900000, 0x000000008d900000, 0x000000008da00000|  0%| F|  |TAMS 0x000000008d900000, 0x000000008d900000| Untracked 
| 218|0x000000008da00000, 0x000000008da00000, 0x000000008db00000|  0%| F|  |TAMS 0x000000008da00000, 0x000000008da00000| Untracked 
| 219|0x000000008db00000, 0x000000008db00000, 0x000000008dc00000|  0%| F|  |TAMS 0x000000008db00000, 0x000000008db00000| Untracked 
| 220|0x000000008dc00000, 0x000000008dd00000, 0x000000008dd00000|100%| S|CS|TAMS 0x000000008dc00000, 0x000000008dc00000| Complete 
| 221|0x000000008dd00000, 0x000000008de00000, 0x000000008de00000|100%| S|CS|TAMS 0x000000008dd00000, 0x000000008dd00000| Complete 
| 222|0x000000008de00000, 0x000000008df00000, 0x000000008df00000|100%| S|CS|TAMS 0x000000008de00000, 0x000000008de00000| Complete 
| 223|0x000000008df00000, 0x000000008e000000, 0x000000008e000000|100%| S|CS|TAMS 0x000000008df00000, 0x000000008df00000| Complete 
| 224|0x000000008e000000, 0x000000008e000000, 0x000000008e100000|  0%| F|  |TAMS 0x000000008e000000, 0x000000008e000000| Untracked 
| 225|0x000000008e100000, 0x000000008e200000, 0x000000008e200000|100%| S|CS|TAMS 0x000000008e100000, 0x000000008e100000| Complete 
| 226|0x000000008e200000, 0x000000008e200000, 0x000000008e300000|  0%| F|  |TAMS 0x000000008e200000, 0x000000008e200000| Untracked 
| 227|0x000000008e300000, 0x000000008e300000, 0x000000008e400000|  0%| F|  |TAMS 0x000000008e300000, 0x000000008e300000| Untracked 
| 228|0x000000008e400000, 0x000000008e400000, 0x000000008e500000|  0%| F|  |TAMS 0x000000008e400000, 0x000000008e400000| Untracked 
| 229|0x000000008e500000, 0x000000008e500000, 0x000000008e600000|  0%| F|  |TAMS 0x000000008e500000, 0x000000008e500000| Untracked 
| 230|0x000000008e600000, 0x000000008e600000, 0x000000008e700000|  0%| F|  |TAMS 0x000000008e600000, 0x000000008e600000| Untracked 
| 231|0x000000008e700000, 0x000000008e700000, 0x000000008e800000|  0%| F|  |TAMS 0x000000008e700000, 0x000000008e700000| Untracked 
| 232|0x000000008e800000, 0x000000008e900000, 0x000000008e900000|100%| S|CS|TAMS 0x000000008e800000, 0x000000008e800000| Complete 
| 233|0x000000008e900000, 0x000000008e900000, 0x000000008ea00000|  0%| F|  |TAMS 0x000000008e900000, 0x000000008e900000| Untracked 
| 234|0x000000008ea00000, 0x000000008ea00000, 0x000000008eb00000|  0%| F|  |TAMS 0x000000008ea00000, 0x000000008ea00000| Untracked 
| 235|0x000000008eb00000, 0x000000008eb00000, 0x000000008ec00000|  0%| F|  |TAMS 0x000000008eb00000, 0x000000008eb00000| Untracked 
| 236|0x000000008ec00000, 0x000000008ec00000, 0x000000008ed00000|  0%| F|  |TAMS 0x000000008ec00000, 0x000000008ec00000| Untracked 
| 237|0x000000008ed00000, 0x000000008ed00000, 0x000000008ee00000|  0%| F|  |TAMS 0x000000008ed00000, 0x000000008ed00000| Untracked 
| 238|0x000000008ee00000, 0x000000008ee00000, 0x000000008ef00000|  0%| F|  |TAMS 0x000000008ee00000, 0x000000008ee00000| Untracked 
| 239|0x000000008ef00000, 0x000000008ef00000, 0x000000008f000000|  0%| F|  |TAMS 0x000000008ef00000, 0x000000008ef00000| Untracked 
| 240|0x000000008f000000, 0x000000008f000000, 0x000000008f100000|  0%| F|  |TAMS 0x000000008f000000, 0x000000008f000000| Untracked 
| 241|0x000000008f100000, 0x000000008f100000, 0x000000008f200000|  0%| F|  |TAMS 0x000000008f100000, 0x000000008f100000| Untracked 
| 242|0x000000008f200000, 0x000000008f200000, 0x000000008f300000|  0%| F|  |TAMS 0x000000008f200000, 0x000000008f200000| Untracked 
| 243|0x000000008f300000, 0x000000008f300000, 0x000000008f400000|  0%| F|  |TAMS 0x000000008f300000, 0x000000008f300000| Untracked 
| 244|0x000000008f400000, 0x000000008f400000, 0x000000008f500000|  0%| F|  |TAMS 0x000000008f400000, 0x000000008f400000| Untracked 
| 245|0x000000008f500000, 0x000000008f500000, 0x000000008f600000|  0%| F|  |TAMS 0x000000008f500000, 0x000000008f500000| Untracked 
| 246|0x000000008f600000, 0x000000008f600000, 0x000000008f700000|  0%| F|  |TAMS 0x000000008f600000, 0x000000008f600000| Untracked 
| 247|0x000000008f700000, 0x000000008f700000, 0x000000008f800000|  0%| F|  |TAMS 0x000000008f700000, 0x000000008f700000| Untracked 
| 248|0x000000008f800000, 0x000000008f800000, 0x000000008f900000|  0%| F|  |TAMS 0x000000008f800000, 0x000000008f800000| Untracked 
| 249|0x000000008f900000, 0x000000008f900000, 0x000000008fa00000|  0%| F|  |TAMS 0x000000008f900000, 0x000000008f900000| Untracked 
| 250|0x000000008fa00000, 0x000000008fa00000, 0x000000008fb00000|  0%| F|  |TAMS 0x000000008fa00000, 0x000000008fa00000| Untracked 
| 251|0x000000008fb00000, 0x000000008fb00000, 0x000000008fc00000|  0%| F|  |TAMS 0x000000008fb00000, 0x000000008fb00000| Untracked 
| 252|0x000000008fc00000, 0x000000008fc00000, 0x000000008fd00000|  0%| F|  |TAMS 0x000000008fc00000, 0x000000008fc00000| Untracked 
| 253|0x000000008fd00000, 0x000000008fd00000, 0x000000008fe00000|  0%| F|  |TAMS 0x000000008fd00000, 0x000000008fd00000| Untracked 
| 254|0x000000008fe00000, 0x000000008fe00000, 0x000000008ff00000|  0%| F|  |TAMS 0x000000008fe00000, 0x000000008fe00000| Untracked 
| 255|0x000000008ff00000, 0x000000008ff00000, 0x0000000090000000|  0%| F|  |TAMS 0x000000008ff00000, 0x000000008ff00000| Untracked 
| 256|0x0000000090000000, 0x0000000090000000, 0x0000000090100000|  0%| F|  |TAMS 0x0000000090000000, 0x0000000090000000| Untracked 
| 257|0x0000000090100000, 0x0000000090100000, 0x0000000090200000|  0%| F|  |TAMS 0x0000000090100000, 0x0000000090100000| Untracked 
| 258|0x0000000090200000, 0x0000000090200000, 0x0000000090300000|  0%| F|  |TAMS 0x0000000090200000, 0x0000000090200000| Untracked 
| 259|0x0000000090300000, 0x0000000090300000, 0x0000000090400000|  0%| F|  |TAMS 0x0000000090300000, 0x0000000090300000| Untracked 
| 260|0x0000000090400000, 0x0000000090400000, 0x0000000090500000|  0%| F|  |TAMS 0x0000000090400000, 0x0000000090400000| Untracked 
| 261|0x0000000090500000, 0x0000000090500000, 0x0000000090600000|  0%| F|  |TAMS 0x0000000090500000, 0x0000000090500000| Untracked 
| 262|0x0000000090600000, 0x0000000090600000, 0x0000000090700000|  0%| F|  |TAMS 0x0000000090600000, 0x0000000090600000| Untracked 
| 263|0x0000000090700000, 0x0000000090700000, 0x0000000090800000|  0%| F|  |TAMS 0x0000000090700000, 0x0000000090700000| Untracked 
| 264|0x0000000090800000, 0x0000000090800000, 0x0000000090900000|  0%| F|  |TAMS 0x0000000090800000, 0x0000000090800000| Untracked 
| 265|0x0000000090900000, 0x0000000090900000, 0x0000000090a00000|  0%| F|  |TAMS 0x0000000090900000, 0x0000000090900000| Untracked 
| 266|0x0000000090a00000, 0x0000000090a00000, 0x0000000090b00000|  0%| F|  |TAMS 0x0000000090a00000, 0x0000000090a00000| Untracked 
| 267|0x0000000090b00000, 0x0000000090b00000, 0x0000000090c00000|  0%| F|  |TAMS 0x0000000090b00000, 0x0000000090b00000| Untracked 
| 268|0x0000000090c00000, 0x0000000090c00000, 0x0000000090d00000|  0%| F|  |TAMS 0x0000000090c00000, 0x0000000090c00000| Untracked 
| 269|0x0000000090d00000, 0x0000000090d00000, 0x0000000090e00000|  0%| F|  |TAMS 0x0000000090d00000, 0x0000000090d00000| Untracked 
| 270|0x0000000090e00000, 0x0000000090e00000, 0x0000000090f00000|  0%| F|  |TAMS 0x0000000090e00000, 0x0000000090e00000| Untracked 
| 271|0x0000000090f00000, 0x0000000090f00000, 0x0000000091000000|  0%| F|  |TAMS 0x0000000090f00000, 0x0000000090f00000| Untracked 
| 272|0x0000000091000000, 0x0000000091000000, 0x0000000091100000|  0%| F|  |TAMS 0x0000000091000000, 0x0000000091000000| Untracked 
| 273|0x0000000091100000, 0x0000000091100000, 0x0000000091200000|  0%| F|  |TAMS 0x0000000091100000, 0x0000000091100000| Untracked 
| 274|0x0000000091200000, 0x0000000091200000, 0x0000000091300000|  0%| F|  |TAMS 0x0000000091200000, 0x0000000091200000| Untracked 
| 275|0x0000000091300000, 0x0000000091300000, 0x0000000091400000|  0%| F|  |TAMS 0x0000000091300000, 0x0000000091300000| Untracked 
| 276|0x0000000091400000, 0x0000000091400000, 0x0000000091500000|  0%| F|  |TAMS 0x0000000091400000, 0x0000000091400000| Untracked 
| 277|0x0000000091500000, 0x0000000091500000, 0x0000000091600000|  0%| F|  |TAMS 0x0000000091500000, 0x0000000091500000| Untracked 
| 278|0x0000000091600000, 0x0000000091600000, 0x0000000091700000|  0%| F|  |TAMS 0x0000000091600000, 0x0000000091600000| Untracked 
| 279|0x0000000091700000, 0x0000000091700000, 0x0000000091800000|  0%| F|  |TAMS 0x0000000091700000, 0x0000000091700000| Untracked 
| 280|0x0000000091800000, 0x0000000091800000, 0x0000000091900000|  0%| F|  |TAMS 0x0000000091800000, 0x0000000091800000| Untracked 
| 281|0x0000000091900000, 0x0000000091900000, 0x0000000091a00000|  0%| F|  |TAMS 0x0000000091900000, 0x0000000091900000| Untracked 
| 282|0x0000000091a00000, 0x0000000091a00000, 0x0000000091b00000|  0%| F|  |TAMS 0x0000000091a00000, 0x0000000091a00000| Untracked 
| 283|0x0000000091b00000, 0x0000000091b00000, 0x0000000091c00000|  0%| F|  |TAMS 0x0000000091b00000, 0x0000000091b00000| Untracked 
| 284|0x0000000091c00000, 0x0000000091c00000, 0x0000000091d00000|  0%| F|  |TAMS 0x0000000091c00000, 0x0000000091c00000| Untracked 
| 285|0x0000000091d00000, 0x0000000091d00000, 0x0000000091e00000|  0%| F|  |TAMS 0x0000000091d00000, 0x0000000091d00000| Untracked 
| 286|0x0000000091e00000, 0x0000000091e00000, 0x0000000091f00000|  0%| F|  |TAMS 0x0000000091e00000, 0x0000000091e00000| Untracked 
| 287|0x0000000091f00000, 0x0000000091f00000, 0x0000000092000000|  0%| F|  |TAMS 0x0000000091f00000, 0x0000000091f00000| Untracked 
| 288|0x0000000092000000, 0x0000000092000000, 0x0000000092100000|  0%| F|  |TAMS 0x0000000092000000, 0x0000000092000000| Untracked 
| 289|0x0000000092100000, 0x0000000092100000, 0x0000000092200000|  0%| F|  |TAMS 0x0000000092100000, 0x0000000092100000| Untracked 
| 290|0x0000000092200000, 0x0000000092200000, 0x0000000092300000|  0%| F|  |TAMS 0x0000000092200000, 0x0000000092200000| Untracked 
| 291|0x0000000092300000, 0x0000000092300000, 0x0000000092400000|  0%| F|  |TAMS 0x0000000092300000, 0x0000000092300000| Untracked 
| 292|0x0000000092400000, 0x0000000092400000, 0x0000000092500000|  0%| F|  |TAMS 0x0000000092400000, 0x0000000092400000| Untracked 
| 293|0x0000000092500000, 0x0000000092500000, 0x0000000092600000|  0%| F|  |TAMS 0x0000000092500000, 0x0000000092500000| Untracked 
| 294|0x0000000092600000, 0x0000000092600000, 0x0000000092700000|  0%| F|  |TAMS 0x0000000092600000, 0x0000000092600000| Untracked 
| 295|0x0000000092700000, 0x0000000092700000, 0x0000000092800000|  0%| F|  |TAMS 0x0000000092700000, 0x0000000092700000| Untracked 
| 296|0x0000000092800000, 0x0000000092800000, 0x0000000092900000|  0%| F|  |TAMS 0x0000000092800000, 0x0000000092800000| Untracked 
| 297|0x0000000092900000, 0x0000000092900000, 0x0000000092a00000|  0%| F|  |TAMS 0x0000000092900000, 0x0000000092900000| Untracked 
| 298|0x0000000092a00000, 0x0000000092a00000, 0x0000000092b00000|  0%| F|  |TAMS 0x0000000092a00000, 0x0000000092a00000| Untracked 
| 299|0x0000000092b00000, 0x0000000092b00000, 0x0000000092c00000|  0%| F|  |TAMS 0x0000000092b00000, 0x0000000092b00000| Untracked 
| 300|0x0000000092c00000, 0x0000000092c00000, 0x0000000092d00000|  0%| F|  |TAMS 0x0000000092c00000, 0x0000000092c00000| Untracked 
| 301|0x0000000092d00000, 0x0000000092d00000, 0x0000000092e00000|  0%| F|  |TAMS 0x0000000092d00000, 0x0000000092d00000| Untracked 
| 302|0x0000000092e00000, 0x0000000092e00000, 0x0000000092f00000|  0%| F|  |TAMS 0x0000000092e00000, 0x0000000092e00000| Untracked 
| 303|0x0000000092f00000, 0x0000000092f00000, 0x0000000093000000|  0%| F|  |TAMS 0x0000000092f00000, 0x0000000092f00000| Untracked 
| 304|0x0000000093000000, 0x0000000093000000, 0x0000000093100000|  0%| F|  |TAMS 0x0000000093000000, 0x0000000093000000| Untracked 
| 305|0x0000000093100000, 0x0000000093100000, 0x0000000093200000|  0%| F|  |TAMS 0x0000000093100000, 0x0000000093100000| Untracked 
| 306|0x0000000093200000, 0x0000000093200000, 0x0000000093300000|  0%| F|  |TAMS 0x0000000093200000, 0x0000000093200000| Untracked 
| 307|0x0000000093300000, 0x0000000093300000, 0x0000000093400000|  0%| F|  |TAMS 0x0000000093300000, 0x0000000093300000| Untracked 

Card table byte_map: [0x000001c63d010000,0x000001c63d410000] _byte_map_base: 0x000001c63cc10000

Marking Bits (Prev, Next): (CMBitMap*) 0x000001c629acb238, (CMBitMap*) 0x000001c629acb270
 Prev Bits: [0x000001c63d810000, 0x000001c63f810000)
 Next Bits: [0x000001c63f810000, 0x000001c641810000)

Polling page: 0x000001c628110000

Metaspace:

Usage:
  Non-class:    103.02 MB capacity,   101.34 MB ( 98%) used,     1.31 MB (  1%) free+waste,   372.75 KB ( <1%) overhead. 
      Class:     15.37 MB capacity,    14.31 MB ( 93%) used,   922.41 KB (  6%) free+waste,   162.25 KB (  1%) overhead. 
       Both:    118.39 MB capacity,   115.65 MB ( 98%) used,     2.21 MB (  2%) free+waste,   535.00 KB ( <1%) overhead. 

Virtual space:
  Non-class space:      104.00 MB reserved,     103.12 MB (>99%) committed 
      Class space:        1.00 GB reserved,      15.38 MB (  2%) committed 
             Both:        1.10 GB reserved,     118.50 MB ( 11%) committed 

Chunk freelists:
   Non-Class:  41.00 KB
       Class:  0 bytes
        Both:  41.00 KB

MaxMetaspaceSize: 17179869184.00 GB
CompressedClassSpaceSize: 1.00 GB
Initial GC threshold: 20.80 MB
Current GC threshold: 197.08 MB
CDS: off

CodeHeap 'non-profiled nmethods': size=120064Kb used=12887Kb max_used=12887Kb free=107177Kb
 bounds [0x000001c6350b0000, 0x000001c635da0000, 0x000001c63c5f0000]
CodeHeap 'profiled nmethods': size=120000Kb used=46787Kb max_used=47871Kb free=73212Kb
 bounds [0x000001c62db80000, 0x000001c630a50000, 0x000001c6350b0000]
CodeHeap 'non-nmethods': size=5696Kb used=2432Kb max_used=2497Kb free=3263Kb
 bounds [0x000001c62d5f0000, 0x000001c62d880000, 0x000001c62db80000]
 total_blobs=19855 nmethods=18900 adapters=865
 compilation: enabled
              stopped_count=0, restarted_count=0
 full_count=0

Compilation events (20 events):
Event: 73.161 Thread 0x000001c64477e000 21502       2       com.android.tools.r8.internal.Ql::e (121 bytes)
Event: 73.161 Thread 0x000001c64477e000 nmethod 21502 0x000001c62f4fa910 code [0x000001c62f4fab20, 0x000001c62f4fae88]
Event: 73.176 Thread 0x000001c64477e000 21503       1       com.android.tools.r8.internal.FI::j2 (3 bytes)
Event: 73.176 Thread 0x000001c64477e000 nmethod 21503 0x000001c6356c2e90 code [0x000001c6356c3040, 0x000001c6356c30f8]
Event: 73.179 Thread 0x000001c64477e000 21504       2       com.android.tools.r8.internal.zV::e (22 bytes)
Event: 73.179 Thread 0x000001c64477e000 nmethod 21504 0x000001c62ef5c290 code [0x000001c62ef5c480, 0x000001c62ef5c948]
Event: 73.209 Thread 0x000001c64477e000 21507       1       com.android.tools.r8.internal.Rc::j2 (3 bytes)
Event: 73.209 Thread 0x000001c64477e000 nmethod 21507 0x000001c6356c9690 code [0x000001c6356c9840, 0x000001c6356c98f8]
Event: 73.215 Thread 0x000001c64477e000 21508       1       com.android.tools.r8.internal.W2::a (2 bytes)
Event: 73.216 Thread 0x000001c64477e000 nmethod 21508 0x000001c635975410 code [0x000001c6359755c0, 0x000001c635975678]
Event: 73.300 Thread 0x000001c64477e000 21509       2       com.android.tools.r8.references.ArrayReference::a (62 bytes)
Event: 73.302 Thread 0x000001c64477e000 nmethod 21509 0x000001c62f106c90 code [0x000001c62f106f00, 0x000001c62f107648]
Event: 73.340 Thread 0x000001c64477e000 21510       2       com.android.tools.r8.internal.wg::H (4 bytes)
Event: 73.340 Thread 0x000001c64477e000 nmethod 21510 0x000001c62e661810 code [0x000001c62e6619c0, 0x000001c62e661a98]
Event: 73.368 Thread 0x000001c64477e000 21511       2       com.android.tools.r8.internal.W2::t (2 bytes)
Event: 73.369 Thread 0x000001c64477e000 nmethod 21511 0x000001c62f1f3a90 code [0x000001c62f1f3c40, 0x000001c62f1f3d38]
Event: 73.400 Thread 0x000001c64477e000 21512       2       com.android.tools.r8.internal.I1::a (28 bytes)
Event: 73.401 Thread 0x000001c64477e000 nmethod 21512 0x000001c62f61e810 code [0x000001c62f61ea00, 0x000001c62f61ed18]
Event: 73.407 Thread 0x000001c64477e000 21513       2       com.android.tools.r8.internal.Ql::b (73 bytes)
Event: 73.407 Thread 0x000001c64477e000 nmethod 21513 0x000001c62f1c1890 code [0x000001c62f1c1a80, 0x000001c62f1c1d78]

GC Heap History (20 events):
Event: 67.672 GC heap after
{Heap after GC invocations=43 (full 0):
 garbage-first heap   total 315392K, used 190891K [0x0000000080000000, 0x0000000100000000)
  region size 1024K, 4 young (4096K), 4 survivors (4096K)
 Metaspace       used 118290K, capacity 121085K, committed 121340K, reserved 1155072K
  class space    used 14641K, capacity 15733K, committed 15744K, reserved 1048576K
}
Event: 68.529 GC heap before
{Heap before GC invocations=43 (full 0):
 garbage-first heap   total 315392K, used 269739K [0x0000000080000000, 0x0000000100000000)
  region size 1024K, 81 young (82944K), 4 survivors (4096K)
 Metaspace       used 118325K, capacity 121158K, committed 121340K, reserved 1155072K
  class space    used 14651K, capacity 15736K, committed 15744K, reserved 1048576K
}
Event: 68.538 GC heap after
{Heap after GC invocations=44 (full 0):
 garbage-first heap   total 315392K, used 191634K [0x0000000080000000, 0x0000000100000000)
  region size 1024K, 5 young (5120K), 5 survivors (5120K)
 Metaspace       used 118325K, capacity 121158K, committed 121340K, reserved 1155072K
  class space    used 14651K, capacity 15736K, committed 15744K, reserved 1048576K
}
Event: 69.142 GC heap before
{Heap before GC invocations=44 (full 0):
 garbage-first heap   total 315392K, used 271506K [0x0000000080000000, 0x0000000100000000)
  region size 1024K, 83 young (84992K), 5 survivors (5120K)
 Metaspace       used 118342K, capacity 121161K, committed 121340K, reserved 1155072K
  class space    used 14652K, capacity 15737K, committed 15744K, reserved 1048576K
}
Event: 69.154 GC heap after
{Heap after GC invocations=45 (full 0):
 garbage-first heap   total 315392K, used 192560K [0x0000000080000000, 0x0000000100000000)
  region size 1024K, 6 young (6144K), 6 survivors (6144K)
 Metaspace       used 118342K, capacity 121161K, committed 121340K, reserved 1155072K
  class space    used 14652K, capacity 15737K, committed 15744K, reserved 1048576K
}
Event: 70.012 GC heap before
{Heap before GC invocations=45 (full 0):
 garbage-first heap   total 315392K, used 272432K [0x0000000080000000, 0x0000000100000000)
  region size 1024K, 84 young (86016K), 6 survivors (6144K)
 Metaspace       used 118355K, capacity 121161K, committed 121340K, reserved 1155072K
  class space    used 14652K, capacity 15737K, committed 15744K, reserved 1048576K
}
Event: 70.026 GC heap after
{Heap after GC invocations=46 (full 0):
 garbage-first heap   total 315392K, used 193444K [0x0000000080000000, 0x0000000100000000)
  region size 1024K, 7 young (7168K), 7 survivors (7168K)
 Metaspace       used 118355K, capacity 121161K, committed 121340K, reserved 1155072K
  class space    used 14652K, capacity 15737K, committed 15744K, reserved 1048576K
}
Event: 70.625 GC heap before
{Heap before GC invocations=46 (full 0):
 garbage-first heap   total 315392K, used 273316K [0x0000000080000000, 0x0000000100000000)
  region size 1024K, 85 young (87040K), 7 survivors (7168K)
 Metaspace       used 118378K, capacity 121161K, committed 121340K, reserved 1155072K
  class space    used 14652K, capacity 15737K, committed 15744K, reserved 1048576K
}
Event: 70.639 GC heap after
{Heap after GC invocations=47 (full 0):
 garbage-first heap   total 315392K, used 195046K [0x0000000080000000, 0x0000000100000000)
  region size 1024K, 5 young (5120K), 5 survivors (5120K)
 Metaspace       used 118378K, capacity 121161K, committed 121340K, reserved 1155072K
  class space    used 14652K, capacity 15737K, committed 15744K, reserved 1048576K
}
Event: 71.163 GC heap before
{Heap before GC invocations=47 (full 0):
 garbage-first heap   total 315392K, used 274918K [0x0000000080000000, 0x0000000100000000)
  region size 1024K, 83 young (84992K), 5 survivors (5120K)
 Metaspace       used 118378K, capacity 121161K, committed 121340K, reserved 1155072K
  class space    used 14652K, capacity 15737K, committed 15744K, reserved 1048576K
}
Event: 71.175 GC heap after
{Heap after GC invocations=48 (full 0):
 garbage-first heap   total 315392K, used 195109K [0x0000000080000000, 0x0000000100000000)
  region size 1024K, 5 young (5120K), 5 survivors (5120K)
 Metaspace       used 118378K, capacity 121161K, committed 121340K, reserved 1155072K
  class space    used 14652K, capacity 15737K, committed 15744K, reserved 1048576K
}
Event: 71.632 GC heap before
{Heap before GC invocations=48 (full 0):
 garbage-first heap   total 315392K, used 276005K [0x0000000080000000, 0x0000000100000000)
  region size 1024K, 84 young (86016K), 5 survivors (5120K)
 Metaspace       used 118386K, capacity 121161K, committed 121340K, reserved 1155072K
  class space    used 14652K, capacity 15737K, committed 15744K, reserved 1048576K
}
Event: 71.645 GC heap after
{Heap after GC invocations=49 (full 0):
 garbage-first heap   total 315392K, used 196614K [0x0000000080000000, 0x0000000100000000)
  region size 1024K, 7 young (7168K), 7 survivors (7168K)
 Metaspace       used 118386K, capacity 121161K, committed 121340K, reserved 1155072K
  class space    used 14652K, capacity 15737K, committed 15744K, reserved 1048576K
}
Event: 72.175 GC heap before
{Heap before GC invocations=49 (full 0):
 garbage-first heap   total 315392K, used 275462K [0x0000000080000000, 0x0000000100000000)
  region size 1024K, 84 young (86016K), 7 survivors (7168K)
 Metaspace       used 118406K, capacity 121229K, committed 121340K, reserved 1155072K
  class space    used 14653K, capacity 15738K, committed 15744K, reserved 1048576K
}
Event: 72.189 GC heap after
{Heap after GC invocations=50 (full 0):
 garbage-first heap   total 315392K, used 197176K [0x0000000080000000, 0x0000000100000000)
  region size 1024K, 6 young (6144K), 6 survivors (6144K)
 Metaspace       used 118406K, capacity 121229K, committed 121340K, reserved 1155072K
  class space    used 14653K, capacity 15738K, committed 15744K, reserved 1048576K
}
Event: 72.564 GC heap before
{Heap before GC invocations=50 (full 0):
 garbage-first heap   total 315392K, used 277048K [0x0000000080000000, 0x0000000100000000)
  region size 1024K, 84 young (86016K), 6 survivors (6144K)
 Metaspace       used 118406K, capacity 121229K, committed 121340K, reserved 1155072K
  class space    used 14653K, capacity 15738K, committed 15744K, reserved 1048576K
}
Event: 72.577 GC heap after
{Heap after GC invocations=51 (full 0):
 garbage-first heap   total 315392K, used 198183K [0x0000000080000000, 0x0000000100000000)
  region size 1024K, 7 young (7168K), 7 survivors (7168K)
 Metaspace       used 118406K, capacity 121229K, committed 121340K, reserved 1155072K
  class space    used 14653K, capacity 15738K, committed 15744K, reserved 1048576K
}
Event: 73.028 GC heap before
{Heap before GC invocations=51 (full 0):
 garbage-first heap   total 315392K, used 276007K [0x0000000080000000, 0x0000000100000000)
  region size 1024K, 83 young (84992K), 7 survivors (7168K)
 Metaspace       used 118422K, capacity 121229K, committed 121340K, reserved 1155072K
  class space    used 14653K, capacity 15738K, committed 15744K, reserved 1048576K
}
Event: 73.042 GC heap after
{Heap after GC invocations=52 (full 0):
 garbage-first heap   total 315392K, used 199171K [0x0000000080000000, 0x0000000100000000)
  region size 1024K, 7 young (7168K), 7 survivors (7168K)
 Metaspace       used 118422K, capacity 121229K, committed 121340K, reserved 1155072K
  class space    used 14653K, capacity 15738K, committed 15744K, reserved 1048576K
}
Event: 73.441 GC heap before
{Heap before GC invocations=52 (full 0):
 garbage-first heap   total 315392K, used 275971K [0x0000000080000000, 0x0000000100000000)
  region size 1024K, 82 young (83968K), 7 survivors (7168K)
 Metaspace       used 118429K, capacity 121229K, committed 121340K, reserved 1155072K
  class space    used 14653K, capacity 15738K, committed 15744K, reserved 1048576K
}

Deoptimization events (20 events):
Event: 72.489 Thread 0x000001c6499e2000 Uncommon trap: trap_request=0xffffffc6 fr.pc=0x000001c635648b70 relative=0x0000000000000c50
Event: 72.489 Thread 0x000001c6499e2000 Uncommon trap: reason=bimorphic_or_optimized_type_check action=maybe_recompile pc=0x000001c635648b70 method=com.android.tools.r8.internal.lY.o()Lcom/android/tools/r8/internal/Sc; @ 28 c2
Event: 72.489 Thread 0x000001c6499e2000 DEOPT PACKING pc=0x000001c635648b70 sp=0x00000037891f90b0
Event: 72.489 Thread 0x000001c6499e2000 DEOPT UNPACKING pc=0x000001c62d63a1af sp=0x00000037891f8fc8 mode 2
Event: 72.489 Thread 0x000001c6499e2000 Uncommon trap: trap_request=0xffffffc6 fr.pc=0x000001c635648b70 relative=0x0000000000000c50
Event: 72.489 Thread 0x000001c6499e2000 Uncommon trap: reason=bimorphic_or_optimized_type_check action=maybe_recompile pc=0x000001c635648b70 method=com.android.tools.r8.internal.lY.o()Lcom/android/tools/r8/internal/Sc; @ 28 c2
Event: 72.489 Thread 0x000001c6499e2000 DEOPT PACKING pc=0x000001c635648b70 sp=0x00000037891f90b0
Event: 72.489 Thread 0x000001c6499e2000 DEOPT UNPACKING pc=0x000001c62d63a1af sp=0x00000037891f8fc8 mode 2
Event: 72.629 Thread 0x000001c6499e1800 Uncommon trap: trap_request=0xffffffde fr.pc=0x000001c6352c3fac relative=0x000000000000034c
Event: 72.629 Thread 0x000001c6499e1800 Uncommon trap: reason=class_check action=maybe_recompile pc=0x000001c6352c3fac method=com.android.tools.r8.internal.tm.toArray([Ljava/lang/Object;)[Ljava/lang/Object; @ 32 c2
Event: 72.629 Thread 0x000001c6499e1800 DEOPT PACKING pc=0x000001c6352c3fac sp=0x0000003789cf9390
Event: 72.629 Thread 0x000001c6499e1800 DEOPT UNPACKING pc=0x000001c62d63a1af sp=0x0000003789cf92d0 mode 2
Event: 72.632 Thread 0x000001c6499e1800 DEOPT PACKING pc=0x000001c62e8017c2 sp=0x0000003789cf8ee0
Event: 72.632 Thread 0x000001c6499e1800 DEOPT UNPACKING pc=0x000001c62d63a95e sp=0x0000003789cf8338 mode 0
Event: 72.639 Thread 0x000001c6499e1800 DEOPT PACKING pc=0x000001c6302edd17 sp=0x0000003789cf9640
Event: 72.639 Thread 0x000001c6499e1800 DEOPT UNPACKING pc=0x000001c62d63a95e sp=0x0000003789cf8bf0 mode 0
Event: 72.943 Thread 0x000001c6499ea000 DEOPT PACKING pc=0x000001c630838347 sp=0x0000003789ef9ab0
Event: 72.943 Thread 0x000001c6499ea000 DEOPT UNPACKING pc=0x000001c62d63a95e sp=0x0000003789ef9408 mode 0
Event: 73.084 Thread 0x000001c64b447000 DEOPT PACKING pc=0x000001c630838347 sp=0x0000003787ff9340
Event: 73.084 Thread 0x000001c64b447000 DEOPT UNPACKING pc=0x000001c62d63a95e sp=0x0000003787ff8c98 mode 0

Classes redefined (0 events):
No events

Internal exceptions (20 events):
Event: 55.766 Thread 0x000001c64b447000 Exception <a 'java/lang/IncompatibleClassChangeError'{0x000000008d1095e0}: Found class java.lang.Object, but interface was expected> (0x000000008d1095e0) thrown at [./src/hotspot/share/interpreter/linkResolver.cpp, line 839]
Event: 56.374 Thread 0x000001c6499e2000 Exception <a 'java/lang/NoSuchMethodError'{0x0000000090ad7da0}: 'java.lang.Object java.lang.invoke.DirectMethodHandle$Holder.invokeStatic(java.lang.Object, int, java.lang.Object, java.lang.Object)'> (0x0000000090ad7da0) thrown at [./src/hotspot/share/interpreter/linkResolver.cpp, line 773]
Event: 56.909 Thread 0x000001c6499ea000 Exception <a 'java/lang/NoSuchMethodError'{0x000000009331b178}: 'int java.lang.invoke.DirectMethodHandle$Holder.invokeSpecial(java.lang.Object, java.lang.Object, java.lang.Object, java.lang.Object, java.lang.Object)'> (0x000000009331b178) thrown at [./src/hotspot/share/interpreter/linkResolver.cpp, line 773]
Event: 57.355 Thread 0x000001c6499e2000 Exception <a 'java/lang/NoSuchMethodError'{0x0000000090125610}: 'void java.lang.invoke.DirectMethodHandle$Holder.invokeSpecial(java.lang.Object, java.lang.Object, int, java.lang.Object)'> (0x0000000090125610) thrown at [./src/hotspot/share/interpreter/linkResolver.cpp, line 773]
Event: 57.897 Thread 0x000001c6499ea000 Implicit null exception at 0x000001c6352dd42b to 0x000001c6352de78c
Event: 60.160 Thread 0x000001c6499e2000 Exception <a 'java/lang/NoSuchMethodError'{0x00000000918abf00}: 'int java.lang.invoke.DirectMethodHandle$Holder.invokeInterface(java.lang.Object, java.lang.Object, int)'> (0x00000000918abf00) thrown at [./src/hotspot/share/interpreter/linkResolver.cpp, line 773]
Event: 60.476 Thread 0x000001c6499e1800 Exception <a 'java/lang/NoSuchMethodError'{0x00000000903c7db0}: 'java.lang.Object java.lang.invoke.DirectMethodHandle$Holder.invokeSpecial(java.lang.Object, java.lang.Object, java.lang.Object, java.lang.Object, java.lang.Object, java.lang.Object, java.lang.Object, java.lang.Object, java.lang.Object, java.lang.Object, java.lang.Object)'> (0x00000000903c7db0) thrown at [./src/hotspot/share/interpreter/linkResolver.cpp, line 773]
Event: 60.477 Thread 0x000001c6499e1800 Exception <a 'java/lang/NoSuchMethodError'{0x00000000903d3750}: 'java.lang.Object java.lang.invoke.Invokers$Holder.linkToTargetMethod(java.lang.Object, java.lang.Object, java.lang.Object, java.lang.Object, java.lang.Object, java.lang.Object, java.lang.Object, java.lang.Object, java.lang.Object, java.lang.Object)'> (0x00000000903d3750) thrown at [./src/hotspot/share/interpreter/linkResolver.cpp, line 773]
Event: 60.620 Thread 0x000001c6499e1800 Exception <a 'java/lang/IncompatibleClassChangeError'{0x000000008f8b87f0}: Found class java.lang.Object, but interface was expected> (0x000000008f8b87f0) thrown at [./src/hotspot/share/interpreter/linkResolver.cpp, line 839]
Event: 62.300 Thread 0x000001c64b447000 Implicit null exception at 0x000001c635c49993 to 0x000001c635c4f108
Event: 63.065 Thread 0x000001c6499ea000 Exception <a 'java/lang/NoSuchMethodError'{0x000000008e933b48}: 'java.lang.Object java.lang.invoke.Invokers$Holder.linkToTargetMethod(java.lang.Object, int, java.lang.Object, java.lang.Object, java.lang.Object, java.lang.Object)'> (0x000000008e933b48) thrown at [./src/hotspot/share/interpreter/linkResolver.cpp, line 773]
Event: 63.067 Thread 0x000001c6499ea000 Exception <a 'java/lang/NoSuchMethodError'{0x000000008e947b38}: 'java.lang.Object java.lang.invoke.Invokers$Holder.linkToTargetMethod(java.lang.Object, java.lang.Object, java.lang.Object, int, java.lang.Object, java.lang.Object, java.lang.Object)'> (0x000000008e947b38) thrown at [./src/hotspot/share/interpreter/linkResolver.cpp, line 773]
Event: 63.072 Thread 0x000001c6499ea000 Exception <a 'java/lang/NoSuchMethodError'{0x000000008e95ccc0}: 'void java.lang.invoke.DirectMethodHandle$Holder.invokeStatic(java.lang.Object, java.lang.Object, java.lang.Object, java.lang.Object, java.lang.Object, java.lang.Object, java.lang.Object, java.lang.Object)'> (0x000000008e95ccc0) thrown at [./src/hotspot/share/interpreter/linkResolver.cpp, line 773]
Event: 63.403 Thread 0x000001c6499ea000 Exception <a 'java/lang/IncompatibleClassChangeError'{0x0000000091e94110}: Found class java.lang.Object, but interface was expected> (0x0000000091e94110) thrown at [./src/hotspot/share/interpreter/linkResolver.cpp, line 839]
Event: 63.724 Thread 0x000001c6499ea000 Exception <a 'java/lang/NoSuchMethodError'{0x000000008fee8aa0}: 'void java.lang.invoke.DirectMethodHandle$Holder.invokeSpecial(java.lang.Object, java.lang.Object, int)'> (0x000000008fee8aa0) thrown at [./src/hotspot/share/interpreter/linkResolver.cpp, line 773]
Event: 63.885 Thread 0x000001c6499ea000 Exception <a 'sun/nio/fs/WindowsException'{0x000000008ecbb008}> (0x000000008ecbb008) thrown at [./src/hotspot/share/prims/jni.cpp, line 615]
Event: 66.133 Thread 0x000001c6499ea000 Exception <a 'sun/nio/fs/WindowsException'{0x0000000092d1ff68}> (0x0000000092d1ff68) thrown at [./src/hotspot/share/prims/jni.cpp, line 615]
Event: 68.776 Thread 0x000001c6499e2000 Implicit null exception at 0x000001c635cda474 to 0x000001c635cdb50c
Event: 69.897 Thread 0x000001c64b447000 Implicit null exception at 0x000001c6350c5210 to 0x000001c6350c55e0
Event: 70.483 Thread 0x000001c64b447000 Implicit null exception at 0x000001c635d4b8e0 to 0x000001c635d510c8

Events (20 events):
Event: 69.594 loading class com/android/tools/r8/internal/K6 done
Event: 70.008 Executing VM operation: G1CollectForAllocation
Event: 70.026 Executing VM operation: G1CollectForAllocation done
Event: 70.609 Executing VM operation: G1CollectForAllocation
Event: 70.639 Executing VM operation: G1CollectForAllocation done
Event: 71.163 Executing VM operation: G1CollectForAllocation
Event: 71.175 Executing VM operation: G1CollectForAllocation done
Event: 71.626 Executing VM operation: G1CollectForAllocation
Event: 71.645 Executing VM operation: G1CollectForAllocation done
Event: 71.668 loading class com/android/tools/r8/code/H0
Event: 71.668 loading class com/android/tools/r8/code/H0 done
Event: 71.668 loading class com/android/tools/r8/code/H0
Event: 71.668 loading class com/android/tools/r8/code/H0 done
Event: 72.173 Executing VM operation: G1CollectForAllocation
Event: 72.189 Executing VM operation: G1CollectForAllocation done
Event: 72.563 Executing VM operation: G1CollectForAllocation
Event: 72.577 Executing VM operation: G1CollectForAllocation done
Event: 73.027 Executing VM operation: G1CollectForAllocation
Event: 73.042 Executing VM operation: G1CollectForAllocation done
Event: 73.438 Executing VM operation: G1CollectForAllocation


Dynamic libraries:
0x00007ff606c10000 - 0x00007ff606c1a000 	C:\Program Files\JetBrains\apps\AndroidStudio\ch-0\212.5712.43.2112.8815526\jre\bin\java.exe
0x00007ffb4d810000 - 0x00007ffb4da08000 	C:\WINDOWS\SYSTEM32\ntdll.dll
0x00007ffb4c4d0000 - 0x00007ffb4c58f000 	C:\WINDOWS\System32\KERNEL32.DLL
0x00007ffb4b580000 - 0x00007ffb4b852000 	C:\WINDOWS\System32\KERNELBASE.dll
0x00007ffb4b370000 - 0x00007ffb4b470000 	C:\WINDOWS\System32\ucrtbase.dll
0x00007ffb3d6d0000 - 0x00007ffb3d6e9000 	C:\Program Files\JetBrains\apps\AndroidStudio\ch-0\212.5712.43.2112.8815526\jre\bin\jli.dll
0x00007ffb3ca00000 - 0x00007ffb3ca17000 	C:\Program Files\JetBrains\apps\AndroidStudio\ch-0\212.5712.43.2112.8815526\jre\bin\VCRUNTIME140.dll
0x00007ffb4c020000 - 0x00007ffb4c1bd000 	C:\WINDOWS\System32\USER32.dll
0x00007ffb4af40000 - 0x00007ffb4af62000 	C:\WINDOWS\System32\win32u.dll
0x00007ffb4c220000 - 0x00007ffb4c24b000 	C:\WINDOWS\System32\GDI32.dll
0x00007ffb4b260000 - 0x00007ffb4b36f000 	C:\WINDOWS\System32\gdi32full.dll
0x00007ffb3db50000 - 0x00007ffb3ddea000 	C:\WINDOWS\WinSxS\amd64_microsoft.windows.common-controls_6595b64144ccf1df_6.0.19041.1110_none_60b5254171f9507e\COMCTL32.dll
0x00007ffb4b4e0000 - 0x00007ffb4b57d000 	C:\WINDOWS\System32\msvcp_win.dll
0x00007ffb4bf00000 - 0x00007ffb4bf9e000 	C:\WINDOWS\System32\msvcrt.dll
0x00007ffb4bec0000 - 0x00007ffb4bef2000 	C:\WINDOWS\System32\IMM32.DLL
0x00007ffb4aae0000 - 0x00007ffb4abd7000 	C:\Windows\system32\guard64.dll
0x00007ffb4cfc0000 - 0x00007ffb4d06e000 	C:\WINDOWS\System32\ADVAPI32.dll
0x00007ffb4d130000 - 0x00007ffb4d1cc000 	C:\WINDOWS\System32\sechost.dll
0x00007ffb4ce90000 - 0x00007ffb4cfb5000 	C:\WINDOWS\System32\RPCRT4.dll
0x00007ffb4aad0000 - 0x00007ffb4aada000 	C:\WINDOWS\system32\version.dll
0x00007ffb4c270000 - 0x00007ffb4c39a000 	C:\WINDOWS\System32\ole32.dll
0x00007ffb4bb60000 - 0x00007ffb4beb4000 	C:\WINDOWS\System32\combase.dll
0x00007ffb4aac0000 - 0x00007ffb4aacb000 	C:\WINDOWS\system32\fltlib.dll
0x00007ffb4c740000 - 0x00007ffb4ce83000 	C:\WINDOWS\System32\shell32.dll
0x00007ffb1fad0000 - 0x00007ffb1fb6d000 	C:\Program Files\JetBrains\apps\AndroidStudio\ch-0\212.5712.43.2112.8815526\jre\bin\msvcp140.dll
0x00007ffae6010000 - 0x00007ffae6af5000 	C:\Program Files\JetBrains\apps\AndroidStudio\ch-0\212.5712.43.2112.8815526\jre\bin\server\jvm.dll
0x00007ffb4d120000 - 0x00007ffb4d128000 	C:\WINDOWS\System32\PSAPI.DLL
0x00007ffb47910000 - 0x00007ffb47919000 	C:\WINDOWS\SYSTEM32\WSOCK32.dll
0x00007ffb4d760000 - 0x00007ffb4d7cb000 	C:\WINDOWS\System32\WS2_32.dll
0x00007ffb41dc0000 - 0x00007ffb41de7000 	C:\WINDOWS\SYSTEM32\WINMM.dll
0x00007ffb48cd0000 - 0x00007ffb48ce2000 	C:\WINDOWS\SYSTEM32\kernel.appcore.dll
0x00007ffb34750000 - 0x00007ffb34761000 	C:\Program Files\JetBrains\apps\AndroidStudio\ch-0\212.5712.43.2112.8815526\jre\bin\verify.dll
0x00007ffb3eda0000 - 0x00007ffb3ef84000 	C:\WINDOWS\SYSTEM32\DBGHELP.DLL
0x00007ffb3ecb0000 - 0x00007ffb3ecdc000 	C:\WINDOWS\SYSTEM32\dbgcore.DLL
0x00007ffb4b0d0000 - 0x00007ffb4b152000 	C:\WINDOWS\System32\bcryptPrimitives.dll
0x00007ffb34540000 - 0x00007ffb34569000 	C:\Program Files\JetBrains\apps\AndroidStudio\ch-0\212.5712.43.2112.8815526\jre\bin\java.dll
0x00007ffb47900000 - 0x00007ffb4790b000 	C:\Program Files\JetBrains\apps\AndroidStudio\ch-0\212.5712.43.2112.8815526\jre\bin\jimage.dll
0x00007ffb306e0000 - 0x00007ffb306f8000 	C:\Program Files\JetBrains\apps\AndroidStudio\ch-0\212.5712.43.2112.8815526\jre\bin\zip.dll
0x00007ffb48ed0000 - 0x00007ffb49662000 	C:\WINDOWS\SYSTEM32\windows.storage.dll
0x00007ffb4a770000 - 0x00007ffb4a7a0000 	C:\WINDOWS\SYSTEM32\Wldp.dll
0x00007ffb4d070000 - 0x00007ffb4d11d000 	C:\WINDOWS\System32\SHCORE.dll
0x00007ffb4c1c0000 - 0x00007ffb4c215000 	C:\WINDOWS\System32\shlwapi.dll
0x00007ffb4ae50000 - 0x00007ffb4ae6f000 	C:\WINDOWS\SYSTEM32\profapi.dll
0x00007ffb30630000 - 0x00007ffb3064a000 	C:\Program Files\JetBrains\apps\AndroidStudio\ch-0\212.5712.43.2112.8815526\jre\bin\net.dll
0x00007ffb44060000 - 0x00007ffb4416c000 	C:\WINDOWS\SYSTEM32\WINHTTP.dll
0x00007ffb4a4d0000 - 0x00007ffb4a53a000 	C:\WINDOWS\system32\mswsock.dll
0x00007ffb30610000 - 0x00007ffb30624000 	C:\Program Files\JetBrains\apps\AndroidStudio\ch-0\212.5712.43.2112.8815526\jre\bin\nio.dll
0x00007ffb3da10000 - 0x00007ffb3da37000 	C:\Users\SM\.gradle\native\e1d6ef7f7dcc3fd88c89a11ec53ec762bb8ba0a96d01ffa2cd45eb1d1d8dd5c5\windows-amd64\native-platform.dll
0x00007ffb20010000 - 0x00007ffb20154000 	C:\Users\SM\.gradle\native\5664cfc778a61ccfe75a443a1ab52a65af34e5dc3c78e0209fed803814484fcb\windows-amd64\native-platform-file-events.dll
0x00007ffb3ac40000 - 0x00007ffb3ac4a000 	C:\Program Files\JetBrains\apps\AndroidStudio\ch-0\212.5712.43.2112.8815526\jre\bin\management.dll
0x00007ffb3a990000 - 0x00007ffb3a99d000 	C:\Program Files\JetBrains\apps\AndroidStudio\ch-0\212.5712.43.2112.8815526\jre\bin\management_ext.dll
0x00007ffb4a6c0000 - 0x00007ffb4a6d8000 	C:\WINDOWS\SYSTEM32\CRYPTSP.dll
0x00007ffb49df0000 - 0x00007ffb49e24000 	C:\WINDOWS\system32\rsaenh.dll
0x00007ffb4af10000 - 0x00007ffb4af37000 	C:\WINDOWS\System32\bcrypt.dll
0x00007ffb4ae10000 - 0x00007ffb4ae3e000 	C:\WINDOWS\SYSTEM32\USERENV.dll
0x00007ffb4a6e0000 - 0x00007ffb4a6ec000 	C:\WINDOWS\SYSTEM32\CRYPTBASE.dll
0x00007ffb4a1c0000 - 0x00007ffb4a1fb000 	C:\WINDOWS\SYSTEM32\IPHLPAPI.DLL
0x00007ffb4bb40000 - 0x00007ffb4bb48000 	C:\WINDOWS\System32\NSI.dll
0x00007ffb45680000 - 0x00007ffb45697000 	C:\WINDOWS\SYSTEM32\dhcpcsvc6.DLL
0x00007ffb45660000 - 0x00007ffb4567d000 	C:\WINDOWS\SYSTEM32\dhcpcsvc.DLL
0x00007ffb4a210000 - 0x00007ffb4a2da000 	C:\WINDOWS\SYSTEM32\DNSAPI.dll
0x00007ffb49f30000 - 0x00007ffb49f63000 	C:\WINDOWS\SYSTEM32\ntmarta.dll

dbghelp: loaded successfully - version: 4.0.5 - missing functions: none
symbol engine: initialized successfully - sym options: 0x614 - pdb path: .;C:\Program Files\JetBrains\apps\AndroidStudio\ch-0\212.5712.43.2112.8815526\jre\bin;C:\WINDOWS\SYSTEM32;C:\WINDOWS\WinSxS\amd64_microsoft.windows.common-controls_6595b64144ccf1df_6.0.19041.1110_none_60b5254171f9507e;C:\Program Files\JetBrains\apps\AndroidStudio\ch-0\212.5712.43.2112.8815526\jre\bin\server;C:\Users\SM\.gradle\native\e1d6ef7f7dcc3fd88c89a11ec53ec762bb8ba0a96d01ffa2cd45eb1d1d8dd5c5\windows-amd64;C:\Users\SM\.gradle\native\5664cfc778a61ccfe75a443a1ab52a65af34e5dc3c78e0209fed803814484fcb\windows-amd64

VM Arguments:
jvm_args: --add-opens=java.base/java.util=ALL-UNNAMED --add-opens=java.base/java.lang=ALL-UNNAMED --add-opens=java.base/java.lang.invoke=ALL-UNNAMED --add-opens=java.base/java.util=ALL-UNNAMED --add-opens=java.prefs/java.util.prefs=ALL-UNNAMED --add-opens=java.prefs/java.util.prefs=ALL-UNNAMED --add-opens=java.base/java.nio.charset=ALL-UNNAMED --add-opens=java.base/java.net=ALL-UNNAMED --add-opens=java.base/java.util.concurrent.atomic=ALL-UNNAMED -Xmx2048m -Dfile.encoding=UTF-8 -Duser.country=RU -Duser.language=ru -Duser.variant 
java_command: org.gradle.launcher.daemon.bootstrap.GradleDaemon 7.3.3
java_class_path (initial): C:\Users\SM\.gradle\wrapper\dists\gradle-7.3.3-bin\6a41zxkdtcxs8rphpq6y0069z\gradle-7.3.3\lib\gradle-launcher-7.3.3.jar
Launcher Type: SUN_STANDARD

[Global flags]
     intx CICompilerCount                          = 3                                         {product} {ergonomic}
     uint ConcGCThreads                            = 1                                         {product} {ergonomic}
     uint G1ConcRefinementThreads                  = 4                                         {product} {ergonomic}
   size_t G1HeapRegionSize                         = 1048576                                   {product} {ergonomic}
    uintx GCDrainStackTargetSize                   = 64                                        {product} {ergonomic}
   size_t InitialHeapSize                          = 268435456                                 {product} {ergonomic}
   size_t MarkStackSize                            = 4194304                                   {product} {ergonomic}
   size_t MaxHeapSize                              = 2147483648                                {product} {command line}
   size_t MaxNewSize                               = 1287651328                                {product} {ergonomic}
   size_t MinHeapDeltaBytes                        = 1048576                                   {product} {ergonomic}
    uintx NonNMethodCodeHeapSize                   = 5830732                                {pd product} {ergonomic}
    uintx NonProfiledCodeHeapSize                  = 122913754                              {pd product} {ergonomic}
    uintx ProfiledCodeHeapSize                     = 122913754                              {pd product} {ergonomic}
    uintx ReservedCodeCacheSize                    = 251658240                              {pd product} {ergonomic}
     bool SegmentedCodeCache                       = true                                      {product} {ergonomic}
     bool UseCompressedClassPointers               = true                                 {lp64_product} {ergonomic}
     bool UseCompressedOops                        = true                                 {lp64_product} {ergonomic}
     bool UseG1GC                                  = true                                      {product} {ergonomic}
     bool UseLargePagesIndividualAllocation        = false                                  {pd product} {ergonomic}

Logging:
Log output configuration:
 #0: stdout all=warning uptime,level,tags
 #1: stderr all=off uptime,level,tags

Environment Variables:
JAVA_HOME=C:\Program Files\Eclipse Adoptium\jdk-11.0.16.101-hotspot\
PATH=C:\Program Files\Eclipse Adoptium\jdk-11.0.16.101-hotspot\bin;C:\Program Files\Common Files\Oracle\Java\javapath;C:\Program Files (x86)\Common Files\Oracle\Java\javapath;C:\WINDOWS\system32;C:\WINDOWS;C:\WINDOWS\System32\Wbem;C:\WINDOWS\System32\WindowsPowerShell\v1.0\;C:\WINDOWS\System32\OpenSSH\;C:\Program Files (x86)\NVIDIA Corporation\PhysX\Common;C:\WINDOWS\system32;C:\WINDOWS;C:\WINDOWS\System32\Wbem;C:\WINDOWS\System32\WindowsPowerShell\v1.0\;C:\WINDOWS\System32\OpenSSH\;C:\Users\SM\AppData\Local\Programs\Python\Python39\Scripts\;C:\Users\SM\AppData\Local\Programs\Python\Python39\;C:\Users\SM\AppData\Local\Microsoft\WindowsApps;C:\Users\SM\AppData\Local\Programs\Microsoft VS Code\bin;C:\Users\SM\AppData\Local\atom\bin;C:\adb;C:\Program Files\Git\cmd;C:\Users\SM\AppData\Local\Programs\Python\Python39\Scripts\;C:\Users\SM\AppData\Local\Programs\Python\Python39\;C:\Users\SM\AppData\Local\Microsoft\WindowsApps;C:\Users\SM\AppData\Local\Programs\Microsoft VS Code\bin;C:\Users\SM\AppData\Local\atom\bin;C:\Users\SM\AppData\Local\JetBrains\Toolbox\scripts;C:\Users\SM\AppData\Local\GitHubDesktop\bin
USERNAME=SM
OS=Windows_NT
PROCESSOR_IDENTIFIER=Intel64 Family 6 Model 42 Stepping 7, GenuineIntel



---------------  S Y S T E M  ---------------

OS: Windows 10 , 64 bit Build 19041 (10.0.19041.2251)
OS uptime: 4 days 3:11 hours

CPU:total 4 (initial active 4) (2 cores per cpu, 2 threads per core) family 6 model 42 stepping 7 microcode 0x2f, cmov, cx8, fxsr, mmx, sse, sse2, sse3, ssse3, sse4.1, sse4.2, popcnt, avx, clmul, ht, tsc, tscinvbit

Memory: 4k page, system-wide physical 16265M (3083M free)
TotalPageFile size 16265M (AvailPageFile size 49M)
current process WorkingSet (physical memory assigned to process): 708M, peak: 717M
current process commit charge ("private bytes"): 755M, peak: 815M

vm_info: OpenJDK 64-Bit Server VM (11.0.12+7-b1504.28-7817840) for windows-amd64 JRE (11.0.12+7-b1504.28-7817840), built on Oct 13 2021 22:12:33 by "builder" with MS VC++ 14.0 (VS2015)

END.
